Log file open, 01/20/19 10:22:22
LogWindows: Failed to load 'aqProf.dll' (GetLastError=126)
LogWindows: File 'aqProf.dll' does not exist
LogWindows: Failed to load 'VtuneApi.dll' (GetLastError=126)
LogWindows: File 'VtuneApi.dll' does not exist
LogWindows: Failed to load 'VtuneApi32e.dll' (GetLastError=126)
LogWindows: File 'VtuneApi32e.dll' does not exist
LogInit: Display: Running engine for game: Biopunch3
LogPlatformFile: Not using cached read wrapper
LogInit: Display: RandInit(-202850123) SRandInit(-202850123).
LogInit: Read version file with build ID '3944462'
LogInit: Overriding engine version to CL 4033788, compatible CL 3944462
LogInit: Registered custom module enumerator with build ID '3944462'
LogTaskGraph: Started task graph with 5 named threads and 23 total threads with 3 sets of task threads.
LogStats: Stats thread started at 0.257113
LogD3D11RHI: Aftermath initialized
LogICUInternationalization: Display: ICU TimeZone Detection - Raw Offset: -5:00, Platform Override: ''
LogPluginManager: Mounting plugin Paper2D
LogPluginManager: Mounting plugin LiveLink
LogPluginManager: Mounting plugin LightPropagationVolume
LogPluginManager: Mounting plugin CLionSourceCodeAccess
LogPluginManager: Mounting plugin CodeLiteSourceCodeAccess
LogPluginManager: Mounting plugin GitSourceControl
LogPluginManager: Mounting plugin KDevelopSourceCodeAccess
LogPluginManager: Mounting plugin NullSourceCodeAccess
LogPluginManager: Mounting plugin PerforceSourceControl
LogPluginManager: Mounting plugin SubversionSourceControl
LogPluginManager: Mounting plugin UObjectPlugin
LogPluginManager: Mounting plugin VisualStudioCodeSourceCodeAccess
LogPluginManager: Mounting plugin VisualStudioSourceCodeAccess
LogPluginManager: Mounting plugin XCodeSourceCodeAccess
LogPluginManager: Mounting plugin AssetManagerEditor
LogPluginManager: Mounting plugin CryptoKeys
LogPluginManager: Mounting plugin DataValidation
LogPluginManager: Mounting plugin FacialAnimation
LogPluginManager: Mounting plugin GameplayTagsEditor
LogPluginManager: Mounting plugin MobileLauncherProfileWizard
LogPluginManager: Mounting plugin PluginBrowser
LogPluginManager: Mounting plugin SpeedTreeImporter
LogPluginManager: Mounting plugin DatasmithContent
LogPluginManager: Mounting plugin AlembicImporter
LogPluginManager: Mounting plugin CharacterAI
LogPluginManager: Mounting plugin HTML5Networking
LogPluginManager: Mounting plugin AndroidMedia
LogPluginManager: Mounting plugin AvfMedia
LogPluginManager: Mounting plugin ImgMedia
LogPluginManager: Mounting plugin LinearTimecode
LogPluginManager: Mounting plugin MediaCompositing
LogPluginManager: Mounting plugin MediaPlayerEditor
LogPluginManager: Mounting plugin WmfMedia
LogPluginManager: Mounting plugin TcpMessaging
LogPluginManager: Mounting plugin UdpMessaging
LogPluginManager: Mounting plugin ActorSequence
LogPluginManager: Mounting plugin LevelSequenceEditor
LogPluginManager: Mounting plugin MatineeToLevelSequence
LogPluginManager: Mounting plugin NetcodeUnitTest
LogPluginManager: Mounting plugin NUTUnrealEngine4
LogPluginManager: Mounting plugin OnlineSubsystemGooglePlay
LogPluginManager: Mounting plugin OnlineSubsystemIOS
LogPluginManager: Mounting plugin OnlineSubsystem
LogPluginManager: Mounting plugin OnlineSubsystemNull
LogPluginManager: Mounting plugin OnlineSubsystemUtils
LogPluginManager: Mounting plugin AndroidDeviceProfileSelector
LogPluginManager: Mounting plugin AndroidMoviePlayer
LogPluginManager: Mounting plugin AndroidPermission
LogPluginManager: Mounting plugin AppleARKit
LogPluginManager: Mounting plugin AppleMoviePlayer
LogPluginManager: Mounting plugin ArchVisCharacter
LogPluginManager: Mounting plugin AudioCapture
LogPluginManager: Mounting plugin CableComponent
LogPluginManager: Mounting plugin CustomMeshComponent
LogPluginManager: Mounting plugin ExampleDeviceProfileSelector
LogPluginManager: Mounting plugin GoogleCloudMessaging
LogPluginManager: Mounting plugin ImmediatePhysics
LogPluginManager: Mounting plugin IOSDeviceProfileSelector
LogPluginManager: Mounting plugin LinuxDeviceProfileSelector
LogPluginManager: Mounting plugin LocationServicesBPLibrary
LogPluginManager: Mounting plugin MobilePatchingUtils
LogPluginManager: Mounting plugin OculusVR
LogPluginManager: Plugin shader directory ../../../Engine/Plugins/Runtime/Oculus/OculusVR/Shaders found
LogPluginManager: Mapping shader source directory ../../../Engine/Plugins/Runtime/Oculus/OculusVR/Shaders to virtual directory /Plugin/OculusVR
LogPluginManager: Mounting plugin PhysXVehicles
LogPluginManager: Mounting plugin ProceduralMeshComponent
LogPluginManager: Mounting plugin RuntimePhysXCooking
LogPluginManager: Mounting plugin SteamVR
LogPluginManager: Mounting plugin WindowsMoviePlayer
LogStreaming: Display: Took  0.089s to configure plugins.
LogModuleManager: Display: Found up-to-date module file ../../../../../../Users/Antoine/Desktop/BiopunchJam3/biopunchteam_03/Biopunch3/Binaries/Win64/UE4Editor-Biopunch3.dll (API version 3944462).
LogModuleManager: Display: Found up-to-date module file ../../../Engine/Plugins/2D/Paper2D/Binaries/Win64/UE4Editor-Paper2D.dll (API version 3944462).
LogModuleManager: Display: Found up-to-date module file ../../../Engine/Plugins/2D/Paper2D/Binaries/Win64/UE4Editor-Paper2DEditor.dll (API version 3944462).
LogModuleManager: Display: Found up-to-date module file ../../../Engine/Plugins/2D/Paper2D/Binaries/Win64/UE4Editor-PaperSpriteSheetImporter.dll (API version 3944462).
LogModuleManager: Display: Found up-to-date module file ../../../Engine/Plugins/2D/Paper2D/Binaries/Win64/UE4Editor-PaperTiledImporter.dll (API version 3944462).
LogModuleManager: Display: Found up-to-date module file ../../../Engine/Plugins/2D/Paper2D/Binaries/Win64/UE4Editor-SmartSnapping.dll (API version 3944462).
LogModuleManager: Display: Found up-to-date module file ../../../Engine/Plugins/Animation/LiveLink/Binaries/Win64/UE4Editor-LiveLink.dll (API version 3944462).
LogModuleManager: Display: Found up-to-date module file ../../../Engine/Plugins/Animation/LiveLink/Binaries/Win64/UE4Editor-LiveLinkEditor.dll (API version 3944462).
LogModuleManager: Display: Found up-to-date module file ../../../Engine/Plugins/Blendables/LightPropagationVolume/Binaries/Win64/UE4Editor-LightPropagationVolumeRuntime.dll (API version 3944462).
LogModuleManager: Display: Found up-to-date module file ../../../Engine/Plugins/Blendables/LightPropagationVolume/Binaries/Win64/UE4Editor-LightPropagationVolumeEditor.dll (API version 3944462).
LogModuleManager: Display: Found up-to-date module file ../../../Engine/Plugins/Developer/CLionSourceCodeAccess/Binaries/Win64/UE4Editor-CLionSourceCodeAccess.dll (API version 3944462).
LogModuleManager: Display: Found up-to-date module file ../../../Engine/Plugins/Developer/GitSourceControl/Binaries/Win64/UE4Editor-GitSourceControl.dll (API version 3944462).
LogModuleManager: Display: Found up-to-date module file ../../../Engine/Plugins/Developer/PerforceSourceControl/Binaries/Win64/UE4Editor-PerforceSourceControl.dll (API version 3944462).
LogModuleManager: Display: Found up-to-date module file ../../../Engine/Plugins/Developer/SubversionSourceControl/Binaries/Win64/UE4Editor-SubversionSourceControl.dll (API version 3944462).
LogModuleManager: Display: Found up-to-date module file ../../../Engine/Plugins/Developer/UObjectPlugin/Binaries/Win64/UE4Editor-UObjectPlugin.dll (API version 3944462).
LogModuleManager: Display: Found up-to-date module file ../../../Engine/Plugins/Developer/VisualStudioCodeSourceCodeAccess/Binaries/Win64/UE4Editor-VisualStudioCodeSourceCodeAccess.dll (API version 3944462).
LogModuleManager: Display: Found up-to-date module file ../../../Engine/Plugins/Developer/VisualStudioSourceCodeAccess/Binaries/Win64/UE4Editor-VisualStudioSourceCodeAccess.dll (API version 3944462).
LogModuleManager: Display: Found up-to-date module file ../../../Engine/Plugins/Editor/AssetManagerEditor/Binaries/Win64/UE4Editor-AssetManagerEditor.dll (API version 3944462).
LogModuleManager: Display: Found up-to-date module file ../../../Engine/Plugins/Editor/CryptoKeys/Binaries/Win64/UE4Editor-CryptoKeys.dll (API version 3944462).
LogModuleManager: Display: Found up-to-date module file ../../../Engine/Plugins/Editor/CryptoKeys/Binaries/Win64/UE4Editor-CryptoKeysOpenSSL.dll (API version 3944462).
LogModuleManager: Display: Found up-to-date module file ../../../Engine/Plugins/Editor/DataValidation/Binaries/Win64/UE4Editor-DataValidation.dll (API version 3944462).
LogModuleManager: Display: Found up-to-date module file ../../../Engine/Plugins/Editor/FacialAnimation/Binaries/Win64/UE4Editor-FacialAnimation.dll (API version 3944462).
LogModuleManager: Display: Found up-to-date module file ../../../Engine/Plugins/Editor/FacialAnimation/Binaries/Win64/UE4Editor-FacialAnimationEditor.dll (API version 3944462).
LogModuleManager: Display: Found up-to-date module file ../../../Engine/Plugins/Editor/GameplayTagsEditor/Binaries/Win64/UE4Editor-GameplayTagsEditor.dll (API version 3944462).
LogModuleManager: Display: Found up-to-date module file ../../../Engine/Plugins/Editor/MobileLauncherProfileWizard/Binaries/Win64/UE4Editor-MobileLauncherProfileWizard.dll (API version 3944462).
LogModuleManager: Display: Found up-to-date module file ../../../Engine/Plugins/Editor/PluginBrowser/Binaries/Win64/UE4Editor-PluginBrowser.dll (API version 3944462).
LogModuleManager: Display: Found up-to-date module file ../../../Engine/Plugins/Editor/SpeedTreeImporter/Binaries/Win64/UE4Editor-SpeedTreeImporter.dll (API version 3944462).
LogModuleManager: Display: Found up-to-date module file ../../../Engine/Plugins/Enterprise/DatasmithContent/Binaries/Win64/UE4Editor-DatasmithContent.dll (API version 3944462).
LogModuleManager: Display: Found up-to-date module file ../../../Engine/Plugins/Experimental/AlembicImporter/Binaries/Win64/UE4Editor-AlembicImporter.dll (API version 3944462).
LogModuleManager: Display: Found up-to-date module file ../../../Engine/Plugins/Experimental/AlembicImporter/Binaries/Win64/UE4Editor-AlembicLibrary.dll (API version 3944462).
LogModuleManager: Display: Found up-to-date module file ../../../Engine/Plugins/Experimental/CharacterAI/Binaries/Win64/UE4Editor-CharacterAI.dll (API version 3944462).
LogModuleManager: Display: Found up-to-date module file ../../../Engine/Plugins/Experimental/HTML5Networking/Binaries/Win64/UE4Editor-HTML5Networking.dll (API version 3944462).
LogModuleManager: Display: Found up-to-date module file ../../../Engine/Plugins/Media/AndroidMedia/Binaries/Win64/UE4Editor-AndroidMediaEditor.dll (API version 3944462).
LogModuleManager: Display: Found up-to-date module file ../../../Engine/Plugins/Media/AndroidMedia/Binaries/Win64/UE4Editor-AndroidMediaFactory.dll (API version 3944462).
LogModuleManager: Display: Found up-to-date module file ../../../Engine/Plugins/Media/AvfMedia/Binaries/Win64/UE4Editor-AvfMediaEditor.dll (API version 3944462).
LogModuleManager: Display: Found up-to-date module file ../../../Engine/Plugins/Media/AvfMedia/Binaries/Win64/UE4Editor-AvfMediaFactory.dll (API version 3944462).
LogModuleManager: Display: Found up-to-date module file ../../../Engine/Plugins/Media/AvfMedia/Binaries/Win64/UE4Editor-AvfMediaFactory.dll (API version 3944462).
LogModuleManager: Display: Found up-to-date module file ../../../Engine/Plugins/Media/ImgMedia/Binaries/Win64/UE4Editor-ImgMedia.dll (API version 3944462).
LogModuleManager: Display: Found up-to-date module file ../../../Engine/Plugins/Media/ImgMedia/Binaries/Win64/UE4Editor-ImgMediaEditor.dll (API version 3944462).
LogModuleManager: Display: Found up-to-date module file ../../../Engine/Plugins/Media/ImgMedia/Binaries/Win64/UE4Editor-ImgMediaFactory.dll (API version 3944462).
LogModuleManager: Display: Found up-to-date module file ../../../Engine/Plugins/Media/ImgMedia/Binaries/Win64/UE4Editor-ImgMediaFactory.dll (API version 3944462).
LogModuleManager: Display: Found up-to-date module file ../../../Engine/Plugins/Media/ImgMedia/Binaries/Win64/UE4Editor-OpenExrWrapper.dll (API version 3944462).
LogModuleManager: Display: Found up-to-date module file ../../../Engine/Plugins/Media/LinearTimecode/Binaries/Win64/UE4Editor-LinearTimecode.dll (API version 3944462).
LogModuleManager: Display: Found up-to-date module file ../../../Engine/Plugins/Media/MediaCompositing/Binaries/Win64/UE4Editor-MediaCompositing.dll (API version 3944462).
LogModuleManager: Display: Found up-to-date module file ../../../Engine/Plugins/Media/MediaCompositing/Binaries/Win64/UE4Editor-MediaCompositingEditor.dll (API version 3944462).
LogModuleManager: Display: Found up-to-date module file ../../../Engine/Plugins/Media/MediaPlayerEditor/Binaries/Win64/UE4Editor-MediaPlayerEditor.dll (API version 3944462).
LogModuleManager: Display: Found up-to-date module file ../../../Engine/Plugins/Media/WmfMedia/Binaries/Win64/UE4Editor-WmfMedia.dll (API version 3944462).
LogModuleManager: Display: Found up-to-date module file ../../../Engine/Plugins/Media/WmfMedia/Binaries/Win64/UE4Editor-WmfMediaEditor.dll (API version 3944462).
LogModuleManager: Display: Found up-to-date module file ../../../Engine/Plugins/Media/WmfMedia/Binaries/Win64/UE4Editor-WmfMediaFactory.dll (API version 3944462).
LogModuleManager: Display: Found up-to-date module file ../../../Engine/Plugins/Media/WmfMedia/Binaries/Win64/UE4Editor-WmfMediaFactory.dll (API version 3944462).
LogModuleManager: Display: Found up-to-date module file ../../../Engine/Plugins/Messaging/TcpMessaging/Binaries/Win64/UE4Editor-TcpMessaging.dll (API version 3944462).
LogModuleManager: Display: Found up-to-date module file ../../../Engine/Plugins/Messaging/UdpMessaging/Binaries/Win64/UE4Editor-UdpMessaging.dll (API version 3944462).
LogModuleManager: Display: Found up-to-date module file ../../../Engine/Plugins/MovieScene/ActorSequence/Binaries/Win64/UE4Editor-ActorSequence.dll (API version 3944462).
LogModuleManager: Display: Found up-to-date module file ../../../Engine/Plugins/MovieScene/LevelSequenceEditor/Binaries/Win64/UE4Editor-LevelSequenceEditor.dll (API version 3944462).
LogModuleManager: Display: Found up-to-date module file ../../../Engine/Plugins/MovieScene/MatineeToLevelSequence/Binaries/Win64/UE4Editor-MatineeToLevelSequence.dll (API version 3944462).
LogModuleManager: Display: Found up-to-date module file ../../../Engine/Plugins/NetcodeUnitTest/NetcodeUnitTest/Binaries/Win64/UE4Editor-NetcodeUnitTest.dll (API version 3944462).
LogModuleManager: Display: Found up-to-date module file ../../../Engine/Plugins/NetcodeUnitTest/NUTUnrealEngine4/Binaries/Win64/UE4Editor-NUTUnrealEngine4.dll (API version 3944462).
LogModuleManager: Display: Found up-to-date module file ../../../Engine/Plugins/Online/OnlineSubsystem/Binaries/Win64/UE4Editor-OnlineSubsystem.dll (API version 3944462).
LogModuleManager: Display: Found up-to-date module file ../../../Engine/Plugins/Online/OnlineSubsystemNull/Binaries/Win64/UE4Editor-OnlineSubsystemNull.dll (API version 3944462).
LogModuleManager: Display: Found up-to-date module file ../../../Engine/Plugins/Online/OnlineSubsystemUtils/Binaries/Win64/UE4Editor-OnlineSubsystemUtils.dll (API version 3944462).
LogModuleManager: Display: Found up-to-date module file ../../../Engine/Plugins/Online/OnlineSubsystemUtils/Binaries/Win64/UE4Editor-OnlineBlueprintSupport.dll (API version 3944462).
LogModuleManager: Display: Found up-to-date module file ../../../Engine/Plugins/Runtime/AndroidDeviceProfileSelector/Binaries/Win64/UE4Editor-AndroidDeviceProfileSelector.dll (API version 3944462).
LogModuleManager: Display: Found up-to-date module file ../../../Engine/Plugins/Runtime/AndroidPermission/Binaries/Win64/UE4Editor-AndroidPermission.dll (API version 3944462).
LogModuleManager: Display: Found up-to-date module file ../../../Engine/Plugins/Runtime/AppleARKit/Binaries/Win64/UE4Editor-AppleARKit.dll (API version 3944462).
LogModuleManager: Display: Found up-to-date module file ../../../Engine/Plugins/Runtime/ArchVisCharacter/Binaries/Win64/UE4Editor-ArchVisCharacter.dll (API version 3944462).
LogModuleManager: Display: Found up-to-date module file ../../../Engine/Plugins/Runtime/AudioCapture/Binaries/Win64/UE4Editor-AudioCapture.dll (API version 3944462).
LogModuleManager: Display: Found up-to-date module file ../../../Engine/Plugins/Runtime/AudioCapture/Binaries/Win64/UE4Editor-AudioCaptureEditor.dll (API version 3944462).
LogModuleManager: Display: Found up-to-date module file ../../../Engine/Plugins/Runtime/CableComponent/Binaries/Win64/UE4Editor-CableComponent.dll (API version 3944462).
LogModuleManager: Display: Found up-to-date module file ../../../Engine/Plugins/Runtime/CustomMeshComponent/Binaries/Win64/UE4Editor-CustomMeshComponent.dll (API version 3944462).
LogModuleManager: Display: Found up-to-date module file ../../../Engine/Plugins/Runtime/ExampleDeviceProfileSelector/Binaries/Win64/UE4Editor-ExampleDeviceProfileSelector.dll (API version 3944462).
LogModuleManager: Display: Found up-to-date module file ../../../Engine/Plugins/Runtime/ImmediatePhysics/Binaries/Win64/UE4Editor-ImmediatePhysics.dll (API version 3944462).
LogModuleManager: Display: Found up-to-date module file ../../../Engine/Plugins/Runtime/ImmediatePhysics/Binaries/Win64/UE4Editor-ImmediatePhysicsEditor.dll (API version 3944462).
LogModuleManager: Display: Found up-to-date module file ../../../Engine/Plugins/Runtime/LocationServicesBPLibrary/Binaries/Win64/UE4Editor-LocationServicesBPLibrary.dll (API version 3944462).
LogModuleManager: Display: Found up-to-date module file ../../../Engine/Plugins/Runtime/MobilePatchingUtils/Binaries/Win64/UE4Editor-MobilePatchingUtils.dll (API version 3944462).
LogModuleManager: Display: Found up-to-date module file ../../../Engine/Plugins/Runtime/Oculus/OculusVR/Binaries/Win64/UE4Editor-OculusHMD.dll (API version 3944462).
LogModuleManager: Display: Found up-to-date module file ../../../Engine/Plugins/Runtime/Oculus/OculusVR/Binaries/Win64/UE4Editor-OculusInput.dll (API version 3944462).
LogModuleManager: Display: Found up-to-date module file ../../../Engine/Plugins/Runtime/Oculus/OculusVR/Binaries/Win64/UE4Editor-OculusEditor.dll (API version 3944462).
LogModuleManager: Display: Found up-to-date module file ../../../Engine/Plugins/Runtime/PhysXVehicles/Binaries/Win64/UE4Editor-PhysXVehicles.dll (API version 3944462).
LogModuleManager: Display: Found up-to-date module file ../../../Engine/Plugins/Runtime/PhysXVehicles/Binaries/Win64/UE4Editor-PhysXVehiclesEditor.dll (API version 3944462).
LogModuleManager: Display: Found up-to-date module file ../../../Engine/Plugins/Runtime/ProceduralMeshComponent/Binaries/Win64/UE4Editor-ProceduralMeshComponent.dll (API version 3944462).
LogModuleManager: Display: Found up-to-date module file ../../../Engine/Plugins/Runtime/ProceduralMeshComponent/Binaries/Win64/UE4Editor-ProceduralMeshComponentEditor.dll (API version 3944462).
LogModuleManager: Display: Found up-to-date module file ../../../Engine/Plugins/Runtime/RuntimePhysXCooking/Binaries/Win64/UE4Editor-RuntimePhysXCooking.dll (API version 3944462).
LogModuleManager: Display: Found up-to-date module file ../../../Engine/Plugins/Runtime/Steam/SteamVR/Binaries/Win64/UE4Editor-SteamVR.dll (API version 3944462).
LogModuleManager: Display: Found up-to-date module file ../../../Engine/Plugins/Runtime/Steam/SteamVR/Binaries/Win64/UE4Editor-SteamVRController.dll (API version 3944462).
LogModuleManager: Display: Found up-to-date module file ../../../Engine/Plugins/Runtime/WindowsMoviePlayer/Binaries/Win64/UE4Editor-WindowsMoviePlayer.dll (API version 3944462).
LogInit: Using libcurl 7.47.1
LogInit:  - built for x86_64-pc-win32
LogInit:  - supports SSL with OpenSSL/1.0.2g
LogInit:  - supports HTTP deflate (compression) using libz 1.2.8
LogInit:  - other features:
LogInit:      CURL_VERSION_SSL
LogInit:      CURL_VERSION_LIBZ
LogInit:      CURL_VERSION_IPV6
LogInit:      CURL_VERSION_ASYNCHDNS
LogInit:      CURL_VERSION_LARGEFILE
LogInit:      CURL_VERSION_IDN
LogInit:  CurlRequestOptions (configurable via config and command line):
LogInit:  - bVerifyPeer = false  - Libcurl will NOT verify peer certificate
LogInit:  - bUseHttpProxy = false  - Libcurl will NOT use HTTP proxy
LogInit:  - bDontReuseConnections = false  - Libcurl will reuse connections
LogInit:  - CertBundlePath = nullptr  - Libcurl will use whatever was configured at build time.
LogInit:  - MaxHostConnections = 16  - Libcurl will limit the number of connections to a host
LogInit:  - LocalHostAddr = Default
LogInit: WinSock: version 1.1 (2.2), MaxSocks=32767, MaxUdp=65467
LogInit: WinSock: I am DESKTOP-PI57BBV (192.168.1.2:0)
LogInit: Build: ++UE4+Release-4.19-CL-4033788
LogInit: Engine Version: 4.19.2-4033788+++UE4+Release-4.19
LogInit: Compatible Engine Version: 4.19.0-3944462+++UE4+Release-4.19
LogInit: Net CL: 3944462
LogDevObjectVersion: Number of dev versions registered: 18
LogDevObjectVersion:   Dev-Blueprints (B0D832E4-1F89-4F0D-ACCF-7EB736FD4AA2): 10
LogDevObjectVersion:   Dev-Build (E1C64328-A22C-4D53-A36C-8E866417BD8C): 0
LogDevObjectVersion:   Dev-Core (375EC13C-06E4-48FB-B500-84F0262A717E): 2
LogDevObjectVersion:   Dev-Editor (E4B068ED-F494-42E9-A231-DA0B2E46BB41): 23
LogDevObjectVersion:   Dev-Framework (CFFC743F-43B0-4480-9391-14DF171D2073): 33
LogDevObjectVersion:   Dev-Mobile (B02B49B5-BB20-44E9-A304-32B752E40360): 2
LogDevObjectVersion:   Dev-Networking (A4E4105C-59A1-49B5-A7C5-40C4547EDFEE): 0
LogDevObjectVersion:   Dev-Online (39C831C9-5AE6-47DC-9A44-9C173E1C8E7C): 0
LogDevObjectVersion:   Dev-Physics (78F01B33-EBEA-4F98-B9B4-84EACCB95AA2): 0
LogDevObjectVersion:   Dev-Platform (6631380F-2D4D-43E0-8009-CF276956A95A): 0
LogDevObjectVersion:   Dev-Rendering (12F88B9F-8875-4AFC-A67C-D90C383ABD29): 25
LogDevObjectVersion:   Dev-Sequencer (7B5AE74C-D270-4C10-A958-57980B212A5A): 6
LogDevObjectVersion:   Dev-VR (D7296918-1DD6-4BDD-9DE2-64A83CC13884): 1
LogDevObjectVersion:   Dev-LoadTimes (C2A15278-BFE7-4AFE-6C17-90FF531DF755): 1
LogDevObjectVersion:   Private-Geometry (6EACA3D4-40EC-4CC1-B786-8BED09428FC5): 2
LogDevObjectVersion:   Dev-AnimPhys (29E575DD-E0A3-4627-9D10-D276232CDCEA): 16
LogDevObjectVersion:   Dev-ReflectionCapture (6B266CEC-1EC7-4B8F-A30B-E4D90942FC07): 1
LogDevObjectVersion:   Dev-Automation (0DF73D61-A23F-47EA-B727-89E90C41499A): 1
LogInit: Compiled (64-bit): Apr 27 2018 02:06:57
LogInit: Compiled with Visual C++: 19.00.24215.01
LogInit: Build Configuration: Development
LogInit: Branch Name: ++UE4+Release-4.19
LogInit: Command Line:  
LogInit: Base Directory: C:/Program Files/Epic Games/UE_4.19/Engine/Binaries/Win64/
LogInit: Installed Engine Build: 1
LogStreaming: Display: Took  0.000s to delete old logs.
LogInit: Presizing for max 8388607 objects, including 0 objects not considered by GC, pre-allocating 0 bytes for permanent pool.
LogInit: Object subsystem initialized
[2019.01.20-15.22.24:071][  0]LogInit: Selected Device Profile: [Windows]
[2019.01.20-15.22.24:072][  0]LogInit: Applying CVar settings loaded from the selected device profile: [Windows]
[2019.01.20-15.22.24:082][  0]LogInit: Computer: DESKTOP-PI57BBV
[2019.01.20-15.22.24:082][  0]LogInit: User: Antoine
[2019.01.20-15.22.24:082][  0]LogInit: CPU Page size=4096, Cores=4
[2019.01.20-15.22.24:082][  0]LogInit: High frequency timer resolution =4.101561 MHz
[2019.01.20-15.22.24:082][  0]LogMemory: Memory total: Physical=31.9GB (32GB approx)
[2019.01.20-15.22.24:082][  0]LogMemory: Platform Memory Stats for Windows
[2019.01.20-15.22.24:082][  0]LogMemory: Process Physical Memory: 273.84 MB used, 273.84 MB peak
[2019.01.20-15.22.24:082][  0]LogMemory: Process Virtual Memory: 264.54 MB used, 264.54 MB peak
[2019.01.20-15.22.24:082][  0]LogMemory: Physical Memory: 10712.62 MB used,  21998.29 MB free, 32710.91 MB total
[2019.01.20-15.22.24:082][  0]LogMemory: Virtual Memory: 4790.80 MB used,  21998.29 MB free, 134217728.00 MB total
[2019.01.20-15.22.24:095][  0]LogInit: Using OS detected language (en-US).
[2019.01.20-15.22.24:095][  0]LogInit: Using OS detected locale (en-CA).
[2019.01.20-15.22.24:098][  0]LogTextLocalizationManager: No specific localization for 'en-US' exists, so the 'en' localization will be used.
[2019.01.20-15.22.24:408][  0]LogStreaming: Display: Took  0.313s to EndInitTextLocalization.
[2019.01.20-15.22.24:408][  0]LogInit: Setting process to per monitor DPI aware
[2019.01.20-15.22.24:438][  0]LogSlate: New Slate User Created.  User Index 0, Is Virtual User: 0
[2019.01.20-15.22.24:438][  0]LogSlate: Slate User Registered.  User Index 0, Is Virtual User: 0
[2019.01.20-15.22.24:601][  0]LogD3D11RHI: D3D11 adapters:
[2019.01.20-15.22.24:659][  0]LogD3D11RHI:    0. 'NVIDIA GeForce GTX 1080 Ti' (Feature Level 11_0)
[2019.01.20-15.22.24:659][  0]LogD3D11RHI:       11127/0/16355 MB DedicatedVideo/DedicatedSystem/SharedSystem, Outputs:2, VendorId:0x10de
[2019.01.20-15.22.24:661][  0]LogD3D11RHI:    1. 'Microsoft Basic Render Driver' (Feature Level 11_0)
[2019.01.20-15.22.24:661][  0]LogD3D11RHI:       0/0/16355 MB DedicatedVideo/DedicatedSystem/SharedSystem, Outputs:0, VendorId:0x1414
[2019.01.20-15.22.24:661][  0]LogD3D11RHI: Chosen D3D11 Adapter: 0
[2019.01.20-15.22.24:670][  0]LogD3D11RHI: Creating new Direct3DDevice
[2019.01.20-15.22.24:670][  0]LogD3D11RHI:     GPU DeviceId: 0x1b06 (for the marketing name, search the web for "GPU Device Id")
[2019.01.20-15.22.24:670][  0]LogWindows: EnumDisplayDevices:
[2019.01.20-15.22.24:670][  0]LogWindows:    0. 'NVIDIA GeForce GTX 1080 Ti' (P:0 D:1)
[2019.01.20-15.22.24:670][  0]LogWindows:    1. 'NVIDIA GeForce GTX 1080 Ti' (P:1 D:1)
[2019.01.20-15.22.24:670][  0]LogWindows:    2. 'NVIDIA GeForce GTX 1080 Ti' (P:0 D:0)
[2019.01.20-15.22.24:670][  0]LogWindows:    3. 'NVIDIA GeForce GTX 1080 Ti' (P:0 D:0)
[2019.01.20-15.22.24:670][  0]LogWindows: DebugString: GetVideoDriverDetailsInvalid PrimaryIsNotTheChoosenAdapter GetVideoDriverDetailsInvalid PrimaryIsNotTheChoosenAdapter GetVideoDriverDetailsInvalid PrimaryIsNotTheChoosenAdapter GetVideoDriverDetailsInvalid PrimaryIsNotTheChoosenAdapter FoundDriverCount:0 
[2019.01.20-15.22.24:670][  0]LogD3D11RHI:     Adapter Name: NVIDIA GeForce GTX 1080 Ti
[2019.01.20-15.22.24:670][  0]LogD3D11RHI:   Driver Version: Unknown (internal:Unknown, unified:Unknown)
[2019.01.20-15.22.24:670][  0]LogD3D11RHI:      Driver Date: Unknown
[2019.01.20-15.22.24:670][  0]LogRHI: Texture pool is 7788 MB (70% of 11127 MB)
[2019.01.20-15.22.24:708][  0]LogD3D11RHI: [Aftermath] Aftermath enabled and primed
[2019.01.20-15.22.24:708][  0]LogD3D11RHI: [Aftermath] Aftermath enabled and primed
[2019.01.20-15.22.24:708][  0]LogD3D11RHI: Async texture creation enabled
[2019.01.20-15.22.24:737][  0]LogD3D11RHI: GPU Timing Frequency: 1000.000000 (Debug: 2 2)
[2019.01.20-15.22.24:785][  0]LogShaderCompilers: Guid format shader working directory is -31 characters bigger than the processId version (../../../../../../Users/Antoine/Desktop/BiopunchJam3/biopunchteam_03/Biopunch3/Intermediate/Shaders/WorkingDirectory/42676/).
[2019.01.20-15.22.24:785][  0]LogShaderCompilers: Cleaned the shader compiler working directory 'C:/Users/Antoine/AppData/Local/Temp/UnrealShaderWorkingDir/422CFBCD40C6AE63BC8303A37C67D6E5/'.
[2019.01.20-15.22.24:946][  0]LogTemp: Display: Loaded TP AllDesktopTargetPlatform
[2019.01.20-15.22.24:956][  0]LogTemp: Display: Loaded TP MacClientTargetPlatform
[2019.01.20-15.22.24:966][  0]LogTemp: Display: Loaded TP MacNoEditorTargetPlatform
[2019.01.20-15.22.24:976][  0]LogTemp: Display: Loaded TP MacServerTargetPlatform
[2019.01.20-15.22.24:986][  0]LogTemp: Display: Loaded TP MacTargetPlatform
[2019.01.20-15.22.24:996][  0]LogTemp: Display: Loaded TP WindowsClientTargetPlatform
[2019.01.20-15.22.25:006][  0]LogTemp: Display: Loaded TP WindowsNoEditorTargetPlatform
[2019.01.20-15.22.25:016][  0]LogTemp: Display: Loaded TP WindowsServerTargetPlatform
[2019.01.20-15.22.25:021][  0]LogTemp: Display: Loaded TP WindowsTargetPlatform
[2019.01.20-15.22.25:031][  0]LogTemp: Display: Loaded TP Android_ASTCTargetPlatform
[2019.01.20-15.22.25:039][  0]LogTemp: Display: Loaded TP Android_ATCTargetPlatform
[2019.01.20-15.22.25:048][  0]LogTemp: Display: Loaded TP Android_DXTTargetPlatform
[2019.01.20-15.22.25:056][  0]LogTemp: Display: Loaded TP Android_ETC1aTargetPlatform
[2019.01.20-15.22.25:065][  0]LogTemp: Display: Loaded TP Android_ETC1TargetPlatform
[2019.01.20-15.22.25:073][  0]LogTemp: Display: Loaded TP Android_ETC2TargetPlatform
[2019.01.20-15.22.25:091][  0]LogTemp: Display: Loaded TP Android_MultiTargetPlatform
[2019.01.20-15.22.25:091][  0]LogTemp: Display: Loaded TP Android_PVRTCTargetPlatform
[2019.01.20-15.22.25:100][  0]LogTemp: Display: Loaded TP AndroidTargetPlatform
[2019.01.20-15.22.25:101][  0]LogTemp: Display: Loaded TP HTML5TargetPlatform
[2019.01.20-15.22.25:134][  0]LogTemp: Display: Loaded TP IOSTargetPlatform
[2019.01.20-15.22.25:142][  0]LogTemp: Display: Loaded TP TVOSTargetPlatform
[2019.01.20-15.22.25:151][  0]LogTemp: Display: Loaded TP LinuxClientTargetPlatform
[2019.01.20-15.22.25:159][  0]LogTemp: Display: Loaded TP LinuxNoEditorTargetPlatform
[2019.01.20-15.22.25:168][  0]LogTemp: Display: Loaded TP LinuxServerTargetPlatform
[2019.01.20-15.22.25:177][  0]LogTemp: Display: Loaded TP LinuxTargetPlatform
[2019.01.20-15.22.25:177][  0]LogTargetPlatformManager: Display: Building Assets For Windows
[2019.01.20-15.22.25:260][  0]LogXGEController: Cannot use XGE Controller as Incredibuild is not installed on this machine.
[2019.01.20-15.22.25:260][  0]LogShaderCompilers: Cannot use XGE Shader Compiler as Incredibuild is not installed on this machine.
[2019.01.20-15.22.25:260][  0]LogShaderCompilers: Display: Using Local Shader Compiler.
[2019.01.20-15.22.25:761][  0]LogDerivedDataCache: Display: Max Cache Size: 512 MB
[2019.01.20-15.22.25:811][  0]LogDerivedDataCache: Loaded boot cache 0.05s 77MB C:/Users/Antoine/AppData/Local/UnrealEngine/4.19/DerivedDataCache/Boot.ddc.
[2019.01.20-15.22.25:811][  0]LogDerivedDataCache: Display: Loaded Boot cache: C:/Users/Antoine/AppData/Local/UnrealEngine/4.19/DerivedDataCache/Boot.ddc
[2019.01.20-15.22.25:811][  0]LogDerivedDataCache: FDerivedDataBackendGraph:  Pak pak cache file ../../../../../../Users/Antoine/Desktop/BiopunchJam3/biopunchteam_03/Biopunch3/DerivedDataCache/DDC.ddp not found, will not use a pak cache.
[2019.01.20-15.22.25:811][  0]LogDerivedDataCache: Unable to find inner node Pak for hierarchical cache Hierarchy.
[2019.01.20-15.22.25:811][  0]LogDerivedDataCache: FDerivedDataBackendGraph:  CompressedPak pak cache file ../../../../../../Users/Antoine/Desktop/BiopunchJam3/biopunchteam_03/Biopunch3/DerivedDataCache/Compressed.ddp not found, will not use a pak cache.
[2019.01.20-15.22.25:812][  0]LogDerivedDataCache: Unable to find inner node CompressedPak for hierarchical cache Hierarchy.
[2019.01.20-15.22.25:823][  0]LogDerivedDataCache: Display: Pak cache opened for reading ../../../Engine/DerivedDataCache/Compressed.ddp.
[2019.01.20-15.22.25:835][  0]LogDerivedDataCache: Using Local data cache path C:/Users/Antoine/AppData/Local/UnrealEngine/Common/DerivedDataCache: Writable
[2019.01.20-15.22.25:835][  0]LogDerivedDataCache: Shared data cache path not found in *engine.ini, will not use an Shared cache.
[2019.01.20-15.22.25:835][  0]LogDerivedDataCache: Unable to find inner node Shared for hierarchical cache Hierarchy.
[2019.01.20-15.22.25:843][  0]LogMaterial: Verifying Global Shaders for PCD3D_SM5
[2019.01.20-15.22.25:843][  0]LogSlate: Using Freetype 2.6.0
[2019.01.20-15.22.25:844][  0]LogSlate: SlateFontCache - WITH_FREETYPE: 1, WITH_HARFBUZZ: 1
[2019.01.20-15.22.25:844][  0]LogSlate: SlateFontCache - WITH_FREETYPE: 1, WITH_HARFBUZZ: 1
[2019.01.20-15.22.25:942][  0]LogAssetRegistry: FAssetRegistry took 0.0254 seconds to start up
[2019.01.20-15.22.26:171][  0]LogInit: Selected Device Profile: [Windows]
[2019.01.20-15.22.26:281][  0]LogSimplygon: Simplygon DLL not present - disabling.
[2019.01.20-15.22.26:283][  0]LogMeshReduction: Using SimplygonSwarm for distributed automatic mesh merging
[2019.01.20-15.22.26:283][  0]LogMeshReduction: Using QuadricMeshReduction for automatic static mesh reduction
[2019.01.20-15.22.26:283][  0]LogMeshReduction: No automatic skeletal mesh reduction module available
[2019.01.20-15.22.26:283][  0]LogMeshReduction: No automatic mesh merging module available
[2019.01.20-15.22.26:283][  0]LogMeshMerging: No automatic mesh merging module available
[2019.01.20-15.22.26:308][  0]LogNetVersion: Biopunch3 , NetCL: 3944462, EngineNetVer: 2, GameNetVer: 0 (Checksum: 4277146994)
[2019.01.20-15.22.26:687][  0]LogPackageLocalizationCache: Processed 9 localized package path(s) for 2 prioritized culture(s) in 0.107105 seconds
[2019.01.20-15.22.26:691][  0]LogUObjectArray: 36728 objects as part of root set at end of initial load.
[2019.01.20-15.22.26:691][  0]LogUObjectAllocator: 7314304 out of 0 bytes used by permanent object pool.
[2019.01.20-15.22.26:691][  0]LogUObjectArray: CloseDisregardForGC: 0/0 objects in disregard for GC pool
[2019.01.20-15.22.27:927][  0]LogTcpMessaging: Initializing TcpMessaging bridge
[2019.01.20-15.22.27:951][  0]LogUdpMessaging: Initializing bridge on interface 0.0.0.0:0 to multicast group 230.0.0.1:6666.
[2019.01.20-15.22.28:194][  0]LogUObjectGlobals: Created PersistentFrame Addr=0x0000024d1d769580, Size=64, Default__ThirdPerson_AnimBP_C Function /Game/Mannequin/Animations/ThirdPerson_AnimBP.ThirdPerson_AnimBP_C:ExecuteUbergraph_ThirdPerson_AnimBP
[2019.01.20-15.22.28:201][  0]LogUObjectGlobals: Destroyed PersistentFrame Addr=0x0000024d1d769580, Size=64
[2019.01.20-15.22.28:201][  0]LogUObjectGlobals: Created PersistentFrame Addr=0x0000024d1d769580, Size=64, Default__ThirdPerson_AnimBP_C Function /Engine/Transient.REINST_ThirdPerson_AnimBP_C_0:ExecuteUbergraph_ThirdPerson_AnimBP
[2019.01.20-15.22.28:207][  0]LogUObjectGlobals: Created PersistentFrame Addr=0x0000024d1d3fad40, Size=72, Default__ThirdPerson_AnimBP_C Function /Game/Mannequin/Animations/ThirdPerson_AnimBP.ThirdPerson_AnimBP_C:ExecuteUbergraph_ThirdPerson_AnimBP
[2019.01.20-15.22.28:260][  0]LogSkeletalMesh: Skeletal Mesh found in DDC [1.416290ms] /Game/Mannequin/Character/Mesh/SK_Mannequin.SK_Mannequin
[2019.01.20-15.22.28:373][  0]SourceControl: Source control is disabled
[2019.01.20-15.22.28:373][  0]SourceControl: Source control is disabled
[2019.01.20-15.22.28:386][  0]SourceControl: Source control is disabled
[2019.01.20-15.22.28:399][  0]SourceControl: Source control is disabled
[2019.01.20-15.22.28:779][  0]LogAndroidPermission: UAndroidPermissionCallbackProxy::GetInstance
[2019.01.20-15.22.28:919][  0]LogOcInput: OculusInput pre-init called
[2019.01.20-15.22.28:999][  0]LogEngine: Initializing Engine...
[2019.01.20-15.22.29:000][  0]LogHMD: Failed to initialize OpenVR with code 110
[2019.01.20-15.22.29:001][  0]LogStats: UGameplayTagsManager::ConstructGameplayTagTree: Construct from data asset -  0.000 s
[2019.01.20-15.22.29:001][  0]LogStats: UGameplayTagsManager::ConstructGameplayTagTree: GameplayTagTreeChangedEvent.Broadcast -  0.000 s
[2019.01.20-15.22.29:163][  0]LogAIModule: Creating AISystem for world Untitled
[2019.01.20-15.22.29:221][  0]LogInit: XAudio2 using 'Headphones (Anker SoundCore Stereo)' : 2 channels at 44.1 kHz using 16 bits per sample (channel mask 0x3)
[2019.01.20-15.22.29:230][  0]LogInit: FAudioDevice initialized.
[2019.01.20-15.22.29:295][  0]LogDerivedDataCache: Saved boot cache 0.06s 77MB C:/Users/Antoine/AppData/Local/UnrealEngine/4.19/DerivedDataCache/Boot.ddc.
[2019.01.20-15.22.29:306][  0]LogInit: Texture streaming: Enabled
[2019.01.20-15.22.29:319][  0]LogEngineSessionManager: EngineSessionManager initialized
[2019.01.20-15.22.29:331][  0]LogInit: Transaction tracking system initialized
[2019.01.20-15.22.29:349][  0]BlueprintLog: New page: Editor Load
[2019.01.20-15.22.29:430][  0]LocalizationService: Localization service is disabled
[2019.01.20-15.22.29:508][  0]LogConsoleResponse: Display: 
[2019.01.20-15.22.29:625][  0]LogCook: Display: Max memory allowance for cook 16384mb min free memory 0mb
[2019.01.20-15.22.29:625][  0]LogCook: Display: Mobile HDR setting 1
[2019.01.20-15.22.29:625][  0]LogGameplayTags: Display: UGameplayTagsManager::DoneAddingNativeTags. DelegateIsBound: 0
[2019.01.20-15.22.29:625][  0]LogStats: UGameplayTagsManager::ConstructGameplayTagTree: Construct from data asset -  0.000 s
[2019.01.20-15.22.29:625][  0]LogStats: UGameplayTagsManager::ConstructGameplayTagTree: GameplayTagTreeChangedEvent.Broadcast -  0.000 s
[2019.01.20-15.22.29:895][  0]LogFileCache: Scanning file cache for directory 'C:/Users/Antoine/Desktop/BiopunchJam3/biopunchteam_03/Biopunch3/Content/' took 0.01s
[2019.01.20-15.22.29:895][  0]SourceControl: Source control is disabled
[2019.01.20-15.22.29:895][  0]Cmd: MAP LOAD FILE="../../../../../../Users/Antoine/Desktop/BiopunchJam3/biopunchteam_03/Biopunch3/Content/ThirdPersonCPP/Maps/ThirdPersonExampleMap.umap" TEMPLATE=0 SHOWPROGRESS=1 FEATURELEVEL=3
[2019.01.20-15.22.29:896][  0]LightingResults: New page: Lighting Build
[2019.01.20-15.22.29:898][  0]MapCheck: New page: Map Check
[2019.01.20-15.22.29:898][  0]LightingResults: New page: Lighting Build
[2019.01.20-15.22.29:906][  0]LogUObjectGlobals: Destroyed PersistentFrame Addr=0x0000024d1d769580, Size=64
[2019.01.20-15.22.29:959][  0]LogLinker: Warning: Can't find file '/Game/ThirdPersonCPP/Maps/ThirdPersonExampleMap_BuiltData'
[2019.01.20-15.22.29:960][  0]LogLinker: Warning: Can't find file for asset '/Game/ThirdPersonCPP/Maps/ThirdPersonExampleMap_BuiltData' while loading ../../../../../../Users/Antoine/Desktop/BiopunchJam3/biopunchteam_03/Biopunch3/Content/ThirdPersonCPP/Maps/ThirdPersonExampleMap.umap.
[2019.01.20-15.22.29:960][  0]LoadErrors: Error: /Game/ThirdPersonCPP/Maps/ThirdPersonExampleMap : Can't find file for asset. /Game/ThirdPersonCPP/Maps/ThirdPersonExampleMap_BuiltData
[2019.01.20-15.22.29:971][  0]LogLinker: Warning: Can't find file '/Game/ThirdPersonCPP/Maps/ThirdPersonExampleMap_BuiltData'
[2019.01.20-15.22.29:971][  0]LogLinker: Warning: Can't find file for asset '/Game/ThirdPersonCPP/Maps/ThirdPersonExampleMap_BuiltData' while loading ../../../../../../Users/Antoine/Desktop/BiopunchJam3/biopunchteam_03/Biopunch3/Content/ThirdPersonCPP/Maps/ThirdPersonExampleMap.umap.
[2019.01.20-15.22.29:971][  0]LoadErrors: Error: /Game/ThirdPersonCPP/Maps/ThirdPersonExampleMap : Can't find file for asset. /Game/ThirdPersonCPP/Maps/ThirdPersonExampleMap_BuiltData
[2019.01.20-15.22.29:973][  0]LogLinker: Warning: Can't find file '/Game/ThirdPersonCPP/Maps/ThirdPersonExampleMap_BuiltData'
[2019.01.20-15.22.29:973][  0]LogLinker: Warning: Can't find file for asset '/Game/ThirdPersonCPP/Maps/ThirdPersonExampleMap_BuiltData' while loading NULL.
[2019.01.20-15.22.29:973][  0]LogLinker: Warning: Can't find file '/Game/ThirdPersonCPP/Maps/ThirdPersonExampleMap_BuiltData'
[2019.01.20-15.22.29:973][  0]LogLinker: Warning: Can't find file for asset '/Game/ThirdPersonCPP/Maps/ThirdPersonExampleMap_BuiltData' while loading NULL.
[2019.01.20-15.22.29:979][  0]LogLinker: Warning: Can't find file '/Game/ThirdPersonCPP/Maps/ThirdPersonExampleMap_BuiltData'
[2019.01.20-15.22.29:979][  0]LoadErrors: Failed to load /Game/ThirdPersonCPP/Maps/ThirdPersonExampleMap_BuiltData.ThirdPersonExampleMap_BuiltData Referenced by PersistentLevel
[2019.01.20-15.22.29:979][  0]LogLinker: Warning: Can't find file for asset '/Game/ThirdPersonCPP/Maps/ThirdPersonExampleMap_BuiltData' while loading NULL.
[2019.01.20-15.22.29:979][  0]LoadErrors: Failed to load /Game/ThirdPersonCPP/Maps/ThirdPersonExampleMap_BuiltData.ThirdPersonExampleMap_BuiltData Referenced by PersistentLevel
[2019.01.20-15.22.30:026][  0]LogAIModule: Creating AISystem for world ThirdPersonExampleMap
[2019.01.20-15.22.30:032][  0]LogEditorServer: Finished looking for orphan Actors (0.000 secs)
[2019.01.20-15.22.30:040][  0]Cmd: MAP CHECKDEP NOCLEARLOG
[2019.01.20-15.22.30:086][  0]MapCheck: Map check complete: 0 Error(s), 0 Warning(s), took 44.85ms to complete.
[2019.01.20-15.22.30:086][  0]LogFileHelpers: Loading map 'ThirdPersonExampleMap' took 0.191
[2019.01.20-15.22.30:197][  0]LogCollectionManager: Loaded 0 collections in 0.001386 seconds
[2019.01.20-15.22.30:236][  0]LogFileCache: Scanning file cache for directory 'C:/Users/Antoine/Desktop/BiopunchJam3/biopunchteam_03/Biopunch3/Saved/Collections/' took 0.01s
[2019.01.20-15.22.30:236][  0]LogFileCache: Scanning file cache for directory 'C:/Users/Antoine/Desktop/BiopunchJam3/biopunchteam_03/Biopunch3/Content/Developers/Antoine/Collections/' took 0.01s
[2019.01.20-15.22.30:236][  0]LogFileCache: Scanning file cache for directory 'C:/Users/Antoine/Desktop/BiopunchJam3/biopunchteam_03/Biopunch3/Content/Collections/' took 0.01s
[2019.01.20-15.22.30:236][  0]LogCollectionManager: Rebuilt the GUID cache for 0 collections in 0.000000 seconds
[2019.01.20-15.22.30:244][  0]LogContentBrowser: Native class hierarchy populated in 0.0069 seconds. Added 2454 classes and 560 folders.
[2019.01.20-15.22.30:249][  0]LogContentBrowser: Native class hierarchy updated for 'WidgetCarousel' in 0.0004 seconds. Added 0 classes and 0 folders.
[2019.01.20-15.22.30:281][  0]LogContentBrowser: Native class hierarchy updated for 'AddContentDialog' in 0.0005 seconds. Added 0 classes and 0 folders.
[2019.01.20-15.22.30:284][  0]LogContentBrowser: Native class hierarchy updated for 'SceneOutliner' in 0.0005 seconds. Added 1 classes and 2 folders.
[2019.01.20-15.22.30:298][  0]LogSlate: Took 0.000170 seconds to synchronously load lazily loaded font '../../../Engine/Content/Slate/Fonts/Roboto-Regular.ttf' (155K)
[2019.01.20-15.22.30:301][  0]LogSlate: Took 0.000265 seconds to synchronously load lazily loaded font '../../../Engine/Content/Slate/Fonts/Roboto-Bold.ttf' (160K)
[2019.01.20-15.22.30:306][  0]LogSlate: Took 0.000146 seconds to synchronously load lazily loaded font '../../../Engine/Content/Editor/Slate/Fonts/FontAwesome.ttf' (139K)
[2019.01.20-15.22.30:377][  0]LogRenderer: Reallocating scene render targets to support 1208x576 Format 10 NumSamples 1 (Frame:1).
[2019.01.20-15.22.30:491][  0]LogContentBrowser: Native class hierarchy updated for 'HierarchicalLODOutliner' in 0.0007 seconds. Added 0 classes and 0 folders.
[2019.01.20-15.22.30:491][  0]LogLoad: (Engine Initialization) Total time: 8.81 seconds
[2019.01.20-15.22.30:491][  0]LogLoad: (Engine Initialization) Total Blueprint compile time: 0.00 seconds
[2019.01.20-15.22.30:501][  0]LogWindowsTextInputMethodSystem: Display: IME system now deactivated.
[2019.01.20-15.22.30:515][  0]LogAssetRegistry: Asset discovery search completed in 4.5952 seconds
[2019.01.20-15.22.30:516][  0]LogCollectionManager: Rebuilt the object cache for 0 collections in 0.000000 seconds (found 0 objects)
[2019.01.20-15.22.30:516][  0]LogCollectionManager: Fixed up redirectors for 0 collections in 0.000039 seconds (updated 0 objects)
[2019.01.20-15.22.30:519][  0]LogContentStreaming: Texture pool size now 1000 MB
[2019.01.20-15.22.30:530][  0]LogSlate: FSceneViewport::OnFocusLost() reason 2
[2019.01.20-15.22.30:562][  0]LogSlate: Took 0.000164 seconds to synchronously load lazily loaded font '../../../Engine/Content/Slate/Fonts/Roboto-Light.ttf' (167K)
[2019.01.20-15.22.35:510][587]LogSlate: Window 'Message Log' being destroyed
[2019.01.20-15.22.35:513][587]LogSlate: Window 'Message Log' being destroyed
[2019.01.20-15.22.36:369][690]LogSlate: FSceneViewport::OnFocusLost() reason 0
[2019.01.20-15.22.36:485][704]MapCheck: New page: Map Check
[2019.01.20-15.22.36:502][704]Cmd: MAP REBUILD ALLVISIBLE
[2019.01.20-15.22.36:502][704]LogEditorServer: Rebuildmap Clear paths rebuilt
[2019.01.20-15.22.36:532][704]LogMaterial: Missing cached shader map for material FDebugViewModeMaterialProxy WorldGridMaterial, compiling. Is special engine material.
[2019.01.20-15.22.36:538][704]LogMaterial: Missing cached shader map for material FDebugViewModeMaterialProxy MaterialInstanceDynamic_1, compiling. 
[2019.01.20-15.22.36:542][704]LogShaderCompilers: Display: Shaders left to compile 1
[2019.01.20-15.22.36:542][704]LogMaterial: Missing cached shader map for material FDebugViewModeMaterialProxy CubeMaterial, compiling. 
[2019.01.20-15.22.36:546][704]LogMaterial: Missing cached shader map for material FDebugViewModeMaterialProxy HelpActorMaterial, compiling. 
[2019.01.20-15.22.36:550][704]LogMaterial: Missing cached shader map for material FDebugViewModeMaterialProxy RampMaterial, compiling. 
[2019.01.20-15.22.36:554][704]LogMaterial: Missing cached shader map for material FDebugViewModeMaterialProxy DefaultTextMaterialOpaque, compiling. 
[2019.01.20-15.22.36:558][704]LogMaterial: Missing cached shader map for material FDebugViewModeMaterialProxy M_UE4Man_Body, compiling. 
[2019.01.20-15.22.36:566][704]LogShaderCompilers: Display: Shaders left to compile 5
[2019.01.20-15.22.36:566][704]LogShaderCompilers: Display: Shaders left to compile 4
[2019.01.20-15.22.36:566][704]LogShaderCompilers: Display: Shaders left to compile 3
[2019.01.20-15.22.36:566][704]LogMaterial: Missing cached shader map for material FDebugViewModeMaterialProxy M_UE4Man_ChestLogo, compiling. 
[2019.01.20-15.22.36:572][704]LogMaterial: Missing cached shader map for material FDebugViewModeMaterialProxy MatineeCam_mat, compiling. 
[2019.01.20-15.22.37:263][704]LogShaderCompilers: Display: Shaders left to compile 5
[2019.01.20-15.22.37:263][704]LogShaderCompilers: Display: Shaders left to compile 4
[2019.01.20-15.22.37:263][704]LogShaderCompilers: Display: Shaders left to compile 3
[2019.01.20-15.22.37:263][704]LogShaderCompilers: Display: Shaders left to compile 2
[2019.01.20-15.22.37:263][704]LogShaderCompilers: Display: Shaders left to compile 1
[2019.01.20-15.22.37:263][704]TextureStreamingBuild: Display: Compiling optional shaders took 0.735 seconds.
[2019.01.20-15.22.37:269][704]LogLevel: Display: Export Material TexCoord Scales took 0.006 seconds.
[2019.01.20-15.22.37:273][704]TextureStreamingBuild: Display: Build Texture Streaming took 0.004 seconds.
[2019.01.20-15.22.37:281][704]LightingResults: New page: Lighting Build - Jan 20, 2019, 5:22:37 AM
[2019.01.20-15.22.37:307][704]LogSwarmInterface: [OpenConnection] Registering TCP channel ...
[2019.01.20-15.22.37:351][704]LogSwarmInterface: [OpenConnection] Connecting to agent ...
[2019.01.20-15.22.37:359][704]LogSwarmInterface: [TryOpenConnection] Testing the Agent
[2019.01.20-15.22.37:868][704]LogSwarmInterface: [TryOpenConnection] Opening Connection to Agent
[2019.01.20-15.22.37:869][704]LogSwarmInterface: [TryOpenConnection] Local Process ID is 42676
[2019.01.20-15.22.42:182][704]LogStaticLightingSystem: Running Lightmass w/ ImmediateImport mode ENABLED
[2019.01.20-15.22.42:182][704]LogStaticLightingSystem: Running Lightmass w/ ImmediateProcess mode ENABLED
[2019.01.20-15.22.42:182][704]LogStaticLightingSystem: Running Lightmass w/ Sorting mode ENABLED
[2019.01.20-15.22.42:182][704]LogStaticLightingSystem: Running Lightmass w/ Mapping paddings ENABLED
[2019.01.20-15.22.42:182][704]LogStaticLightingSystem: Running Lightmass w/ Mapping debug paddings DISABLED
[2019.01.20-15.22.42:342][704]Cmd: MAP CHECK DONTDISPLAYDIALOG
[2019.01.20-15.22.42:342][704]MapCheck: New page: ThirdPersonExampleMap - Jan 20, 2019, 5:22:42 AM
[2019.01.20-15.22.42:342][704]MapCheck: Error: WorldInfo_0 Maps need lighting rebuilt 
[2019.01.20-15.22.42:388][704]MapCheck: Map check complete: 1 Error(s), 0 Warning(s), took 46.078ms to complete.
[2019.01.20-15.22.42:411][704]LogEditorBuildUtils: Build time 0:05
[2019.01.20-15.22.46:173][716]Job is a success!
[2019.01.20-15.22.46:824][717]LogSlate: Took 0.000158 seconds to synchronously load lazily loaded font '../../../Engine/Content/Slate/Fonts/Roboto-Light.ttf' (167K)
[2019.01.20-15.22.46:848][717]LogVolumetricLightmapImport: Imported Volumetric Lightmap in 0.011s
[2019.01.20-15.22.46:848][717]LogVolumetricLightmapImport:      Indirection Texture 16x16x16 = 0.0Mb
[2019.01.20-15.22.46:848][717]LogVolumetricLightmapImport:      BrickData 240x5x5 = 0.2Mb (trimmed 0.0Mb due to 0.010000 MinBrickError)
[2019.01.20-15.22.46:848][717]LogVolumetricLightmapImport:      Bricks at Level
[2019.01.20-15.22.46:848][717]LogVolumetricLightmapImport:          0: 2.1% covering 100.0% of volume
[2019.01.20-15.22.46:848][717]LogVolumetricLightmapImport:          1: 8.3% covering 6.3% of volume
[2019.01.20-15.22.46:848][717]LogVolumetricLightmapImport:          2: 89.6% covering 1.0% of volume
[2019.01.20-15.22.47:284][717]LogTexture: Display: Building textures: SkyOcclusion0_1 (AutoDXT, 1024X512)
[2019.01.20-15.22.47:284][717]LogTexture: Display: Building textures: HQ_Lightmap0_1 (AutoDXT, 1024X1024)
[2019.01.20-15.22.47:284][717]LogTexture: Display: Building textures: LQ_Lightmap_0_1 (DXT1, 1024X1024)
[2019.01.20-15.22.47:284][717]LogTexture: Display: Building textures: SkyOcclusion0_2 (AutoDXT, 512X256)
[2019.01.20-15.22.47:284][717]LogTexture: Display: Building textures: HQ_Lightmap0_2 (AutoDXT, 512X512)
[2019.01.20-15.22.47:284][717]LogTexture: Display: Building textures: LQ_Lightmap_0_2 (DXT1, 512X512)
[2019.01.20-15.22.47:284][717]LogTexture: Display: Building textures: SkyOcclusion0_3 (AutoDXT, 64X32)
[2019.01.20-15.22.47:284][717]LogTexture: Display: Building textures: HQ_Lightmap0_3 (AutoDXT, 64X64)
[2019.01.20-15.22.47:284][717]LogTexture: Display: Building textures: LQ_Lightmap_0_3 (DXT1, 64X64)
[2019.01.20-15.22.47:469][717]LogTexture: Display: Building textures: ShadowMapTexture2D_1 (G8, 32X32)
[2019.01.20-15.22.47:469][717]LogTexture: Display: Building textures: ShadowMapTexture2D_0 (G8, 1024X1024)
[2019.01.20-15.22.47:486][717]Lightmass on DESKTOP-PI57BBV: 4.20 sec total, 106 ms importing, 12 ms setup, 838 ms photons, 3.22 sec processing, 0 ms extra exporting [12/12 mappings]. Threads: 22.4 sec total, 6.70 sec processing.
[2019.01.20-15.22.47:501][717]LogStaticLightingSystem: Illumination: 9.57 sec (396 ms encoding lightmaps, 184 ms encoding shadowmaps)
[2019.01.20-15.22.47:501][717]LogStaticLightingSystem: Lightmap texture memory:  3.3 MB (3.3 MB streaming, 0.0 MB non-streaming), 6 textures
[2019.01.20-15.22.47:501][717]LogStaticLightingSystem: Shadowmap texture memory: 1.3 MB (1.3 MB streaming, 0.0 MB non-streaming), 2 textures
[2019.01.20-15.22.48:192][717]DumpUnbuiltLightIteractions
[2019.01.20-15.22.48:192][717]Lights with unbuilt interactions: 0
[2019.01.20-15.22.48:192][717]
[2019.01.20-15.22.48:192][717]Primitives with unbuilt interactions: 0
[2019.01.20-15.22.48:250][718]Cmd: MAP CHECK NOTIFYRESULTS
[2019.01.20-15.22.48:250][718]MapCheck: New page: ThirdPersonExampleMap - Jan 20, 2019, 5:22:48 AM
[2019.01.20-15.22.48:298][718]MapCheck: Map check complete: 0 Error(s), 0 Warning(s), took 48.07ms to complete.
[2019.01.20-15.22.50:540][987]LogSlate: Window 'Message Log' being destroyed
[2019.01.20-15.22.50:542][987]LogSlate: Window 'Message Log' being destroyed
[2019.01.20-15.22.52:242][191]MapCheck: New page: Map Check
[2019.01.20-15.22.52:255][191]Cmd: MAP REBUILD ALLVISIBLE
[2019.01.20-15.22.52:255][191]LogEditorServer: Rebuildmap Clear paths rebuilt
[2019.01.20-15.22.52:275][191]LogMaterial: Missing cached shader map for material FDebugViewModeMaterialProxy WorldGridMaterial, compiling. Is special engine material.
[2019.01.20-15.22.52:279][191]LogMaterial: Missing cached shader map for material FDebugViewModeMaterialProxy MaterialInstanceDynamic_2, compiling. 
[2019.01.20-15.22.52:283][191]LogMaterial: Missing cached shader map for material FDebugViewModeMaterialProxy CubeMaterial, compiling. 
[2019.01.20-15.22.52:287][191]LogShaderCompilers: Display: Shaders left to compile 3
[2019.01.20-15.22.52:287][191]LogShaderCompilers: Display: Shaders left to compile 2
[2019.01.20-15.22.52:287][191]LogShaderCompilers: Display: Shaders left to compile 1
[2019.01.20-15.22.52:287][191]LogMaterial: Missing cached shader map for material FDebugViewModeMaterialProxy HelpActorMaterial, compiling. 
[2019.01.20-15.22.52:291][191]LogMaterial: Missing cached shader map for material FDebugViewModeMaterialProxy RampMaterial, compiling. 
[2019.01.20-15.22.52:296][191]LogMaterial: Missing cached shader map for material FDebugViewModeMaterialProxy DefaultTextMaterialOpaque, compiling. 
[2019.01.20-15.22.52:300][191]LogShaderCompilers: Display: Shaders left to compile 3
[2019.01.20-15.22.52:300][191]LogMaterial: Missing cached shader map for material FDebugViewModeMaterialProxy M_UE4Man_Body, compiling. 
[2019.01.20-15.22.52:308][191]LogMaterial: Missing cached shader map for material FDebugViewModeMaterialProxy M_UE4Man_ChestLogo, compiling. 
[2019.01.20-15.22.52:315][191]LogMaterial: Missing cached shader map for material FDebugViewModeMaterialProxy MatineeCam_mat, compiling. 
[2019.01.20-15.22.52:710][191]LogShaderCompilers: Display: Shaders left to compile 5
[2019.01.20-15.22.52:710][191]LogShaderCompilers: Display: Shaders left to compile 4
[2019.01.20-15.22.52:710][191]LogShaderCompilers: Display: Shaders left to compile 3
[2019.01.20-15.22.52:710][191]LogShaderCompilers: Display: Shaders left to compile 2
[2019.01.20-15.22.52:710][191]LogShaderCompilers: Display: Shaders left to compile 1
[2019.01.20-15.22.52:710][191]TextureStreamingBuild: Display: Compiling optional shaders took 0.438 seconds.
[2019.01.20-15.22.52:714][191]LogLevel: Display: Export Material TexCoord Scales took 0.004 seconds.
[2019.01.20-15.22.52:718][191]TextureStreamingBuild: Display: Build Texture Streaming took 0.004 seconds.
[2019.01.20-15.22.52:726][191]LightingResults: New page: Lighting Build - Jan 20, 2019, 5:22:52 AM
[2019.01.20-15.22.52:733][191]LogSwarmInterface: [OpenConnection] Registering TCP channel ...
[2019.01.20-15.22.52:736][191]LogSwarmInterface: [OpenConnection] Connecting to agent ...
[2019.01.20-15.22.52:736][191]LogSwarmInterface: [TryOpenConnection] Testing the Agent
[2019.01.20-15.22.52:736][191]LogSwarmInterface: [TryOpenConnection] Opening Connection to Agent
[2019.01.20-15.22.52:736][191]LogSwarmInterface: [TryOpenConnection] Local Process ID is 42676
[2019.01.20-15.22.57:259][191]LogStaticLightingSystem: Running Lightmass w/ ImmediateImport mode ENABLED
[2019.01.20-15.22.57:259][191]LogStaticLightingSystem: Running Lightmass w/ ImmediateProcess mode ENABLED
[2019.01.20-15.22.57:259][191]LogStaticLightingSystem: Running Lightmass w/ Sorting mode ENABLED
[2019.01.20-15.22.57:259][191]LogStaticLightingSystem: Running Lightmass w/ Mapping paddings ENABLED
[2019.01.20-15.22.57:259][191]LogStaticLightingSystem: Running Lightmass w/ Mapping debug paddings DISABLED
[2019.01.20-15.22.57:364][191]Cmd: MAP CHECK DONTDISPLAYDIALOG
[2019.01.20-15.22.57:364][191]MapCheck: New page: ThirdPersonExampleMap - Jan 20, 2019, 5:22:57 AM
[2019.01.20-15.22.57:416][191]MapCheck: Map check complete: 0 Error(s), 0 Warning(s), took 52.254ms to complete.
[2019.01.20-15.22.57:439][191]LogEditorBuildUtils: Build time 0:05
[2019.01.20-15.23.00:915][484]Job is a success!
[2019.01.20-15.23.00:959][486]LogVolumetricLightmapImport: Imported Volumetric Lightmap in 0.007s
[2019.01.20-15.23.00:959][486]LogVolumetricLightmapImport:      Indirection Texture 16x16x16 = 0.0Mb
[2019.01.20-15.23.00:959][486]LogVolumetricLightmapImport:      BrickData 240x5x5 = 0.2Mb (trimmed 0.0Mb due to 0.010000 MinBrickError)
[2019.01.20-15.23.00:959][486]LogVolumetricLightmapImport:      Bricks at Level
[2019.01.20-15.23.00:959][486]LogVolumetricLightmapImport:          0: 2.1% covering 100.0% of volume
[2019.01.20-15.23.00:959][486]LogVolumetricLightmapImport:          1: 8.3% covering 6.3% of volume
[2019.01.20-15.23.00:959][486]LogVolumetricLightmapImport:          2: 89.6% covering 1.0% of volume
[2019.01.20-15.23.01:380][486]LogTexture: Display: Building textures: SkyOcclusion1_1 (AutoDXT, 1024X512)
[2019.01.20-15.23.01:380][486]LogTexture: Display: Building textures: HQ_Lightmap1_1 (AutoDXT, 1024X1024)
[2019.01.20-15.23.01:380][486]LogTexture: Display: Building textures: LQ_Lightmap_1_1 (DXT1, 1024X1024)
[2019.01.20-15.23.01:380][486]LogTexture: Display: Building textures: SkyOcclusion1_2 (AutoDXT, 512X256)
[2019.01.20-15.23.01:380][486]LogTexture: Display: Building textures: HQ_Lightmap1_2 (AutoDXT, 512X512)
[2019.01.20-15.23.01:380][486]LogTexture: Display: Building textures: LQ_Lightmap_1_2 (DXT1, 512X512)
[2019.01.20-15.23.01:380][486]LogTexture: Display: Building textures: SkyOcclusion1_3 (AutoDXT, 64X32)
[2019.01.20-15.23.01:380][486]LogTexture: Display: Building textures: HQ_Lightmap1_3 (AutoDXT, 64X64)
[2019.01.20-15.23.01:381][486]LogTexture: Display: Building textures: LQ_Lightmap_1_3 (DXT1, 64X64)
[2019.01.20-15.23.01:567][486]LogTexture: Display: Building textures: ShadowMapTexture2D_3 (G8, 32X32)
[2019.01.20-15.23.01:567][486]LogTexture: Display: Building textures: ShadowMapTexture2D_2 (G8, 1024X1024)
[2019.01.20-15.23.01:584][486]Lightmass on DESKTOP-PI57BBV: 3.75 sec total, 108 ms importing, 13 ms setup, 898 ms photons, 2.70 sec processing, 0 ms extra exporting [12/12 mappings]. Threads: 18.7 sec total, 7.94 sec processing.
[2019.01.20-15.23.01:590][486]LogStaticLightingSystem: Illumination: 8.85 sec (391 ms encoding lightmaps, 183 ms encoding shadowmaps)
[2019.01.20-15.23.01:590][486]LogStaticLightingSystem: Lightmap texture memory:  3.3 MB (3.3 MB streaming, 0.0 MB non-streaming), 6 textures
[2019.01.20-15.23.01:590][486]LogStaticLightingSystem: Shadowmap texture memory: 1.3 MB (1.3 MB streaming, 0.0 MB non-streaming), 2 textures
[2019.01.20-15.23.02:267][486]DumpUnbuiltLightIteractions
[2019.01.20-15.23.02:268][486]Lights with unbuilt interactions: 0
[2019.01.20-15.23.02:268][486]
[2019.01.20-15.23.02:268][486]Primitives with unbuilt interactions: 0
[2019.01.20-15.23.02:318][487]Cmd: MAP CHECK NOTIFYRESULTS
[2019.01.20-15.23.02:318][487]MapCheck: New page: ThirdPersonExampleMap - Jan 20, 2019, 5:23:02 AM
[2019.01.20-15.23.02:363][487]MapCheck: Map check complete: 0 Error(s), 0 Warning(s), took 45.869ms to complete.
[2019.01.20-15.23.07:639][814]LogSlate: Window 'Save Content' being destroyed
[2019.01.20-15.23.07:812][814]LogSavePackage: Save=85.82ms
[2019.01.20-15.23.07:812][814]LogSavePackage: Moving '../../../../../../Users/Antoine/Desktop/BiopunchJam3/biopunchteam_03/Biopunch3/Saved/ThirdPersonExampleMap6B76CF68441343FF922842AA2FA9E99D.tmp' to '../../../../../../Users/Antoine/Desktop/BiopunchJam3/biopunchteam_03/Biopunch3/Content/ThirdPersonCPP/Maps/ThirdPersonExampleMap.umap'
[2019.01.20-15.23.07:817][814]LogSavePackage: Display: Finished SavePackage ../../../../../../Users/Antoine/Desktop/BiopunchJam3/biopunchteam_03/Biopunch3/Content/ThirdPersonCPP/Maps/ThirdPersonExampleMap.umap
[2019.01.20-15.23.07:837][814]LogFileHelpers: Saving map 'ThirdPersonExampleMap' took 0.178
[2019.01.20-15.23.07:946][814]LogSavePackage: Save=103.07ms
[2019.01.20-15.23.07:946][814]LogSavePackage: Moving '../../../../../../Users/Antoine/Desktop/BiopunchJam3/biopunchteam_03/Biopunch3/Saved/ThirdPersonExampleMap_BuiltDataE7527F634AD81AA731A448AB1ECC56EF.tmp' to '../../../../../../Users/Antoine/Desktop/BiopunchJam3/biopunchteam_03/Biopunch3/Content/ThirdPersonCPP/Maps/ThirdPersonExampleMap_BuiltData.uasset'
[2019.01.20-15.23.07:950][814]LogSavePackage: Display: Finished SavePackage ../../../../../../Users/Antoine/Desktop/BiopunchJam3/biopunchteam_03/Biopunch3/Content/ThirdPersonCPP/Maps/ThirdPersonExampleMap_BuiltData.uasset
[2019.01.20-15.23.08:002][814]LogSlate: Window 'Biopunch3 - Unreal Editor' being destroyed
[2019.01.20-15.23.08:003][814]LogWindowsTextInputMethodSystem: Display: IME system now deactivated.
[2019.01.20-15.23.08:157][815]Cmd: QUIT_EDITOR
[2019.01.20-15.23.08:177][815]LogSlate: Slate User Destroyed.  User Index 0, Is Virtual User: 0
[2019.01.20-15.23.08:177][815]LogExit: Preparing to exit.
[2019.01.20-15.23.09:012][815]LogDirectoryWatcher: A directory notification for 'C:/Users/Antoine/Desktop/BiopunchJam3/biopunchteam_03/Biopunch3/Content/' was aborted.
[2019.01.20-15.23.09:039][815]LogUObjectGlobals: Destroyed PersistentFrame Addr=0x0000024d1d3fad40, Size=72
[2019.01.20-15.23.09:041][815]LogExit: Editor shut down
[2019.01.20-15.23.09:043][815]LogExit: Transaction tracking system shut down
[2019.01.20-15.23.09:176][815]LogDirectoryWatcher: A directory notification for '../../../Engine/Content/' was aborted.
[2019.01.20-15.23.09:177][815]LogDirectoryWatcher: A directory notification for '../../../../../../Users/Antoine/Desktop/BiopunchJam3/biopunchteam_03/Biopunch3/Content/' was aborted.
[2019.01.20-15.23.09:177][815]LogDirectoryWatcher: A directory notification for '../../Plugins/2D/Paper2D/Content/' was aborted.
[2019.01.20-15.23.09:177][815]LogDirectoryWatcher: A directory notification for '../../Plugins/Enterprise/DatasmithContent/Content/' was aborted.
[2019.01.20-15.23.09:177][815]LogDirectoryWatcher: A directory notification for '../../Plugins/Media/MediaCompositing/Content/' was aborted.
[2019.01.20-15.23.09:177][815]LogDirectoryWatcher: A directory notification for '../../Plugins/Runtime/AppleARKit/Content/' was aborted.
[2019.01.20-15.23.09:177][815]LogDirectoryWatcher: A directory notification for '../../Plugins/Runtime/Oculus/OculusVR/Content/' was aborted.
[2019.01.20-15.23.09:177][815]LogDirectoryWatcher: A directory notification for '../../Plugins/Runtime/Steam/SteamVR/Content/' was aborted.
[2019.01.20-15.23.09:217][815]LogExit: Object subsystem successfully closed.
[2019.01.20-15.23.09:284][815]LogShaderCompilers: Display: Shaders left to compile 0
[2019.01.20-15.23.09:288][815]LogD3D11RHI: Shutdown
[2019.01.20-15.23.09:288][815]LogD3D11RHI: CleanupD3DDevice
[2019.01.20-15.23.09:290][815]LogD3D11RHI: ~FD3D11DynamicRHI
[2019.01.20-15.23.09:309][815]LogModuleManager: Shutting down and abandoning module HierarchicalLODUtilities (578)
[2019.01.20-15.23.09:309][815]LogModuleManager: Shutting down and abandoning module HierarchicalLODOutliner (576)
[2019.01.20-15.23.09:309][815]LogModuleManager: Shutting down and abandoning module DesktopPlatform (574)
[2019.01.20-15.23.09:309][815]LogModuleManager: Shutting down and abandoning module SceneOutliner (572)
[2019.01.20-15.23.09:309][815]LogModuleManager: Shutting down and abandoning module AddContentDialog (570)
[2019.01.20-15.23.09:310][815]LogDirectoryWatcher: A directory notification for 'C:/Program Files/Epic Games/UE_4.19/FeaturePacks/' was aborted.
[2019.01.20-15.23.09:313][815]LogModuleManager: Shutting down and abandoning module WidgetCarousel (569)
[2019.01.20-15.23.09:313][815]LogModuleManager: Shutting down and abandoning module EditorWidgets (566)
[2019.01.20-15.23.09:313][815]LogModuleManager: Shutting down and abandoning module CollectionManager (564)
[2019.01.20-15.23.09:313][815]LogDirectoryWatcher: A directory notification for 'C:/Users/Antoine/Desktop/BiopunchJam3/biopunchteam_03/Biopunch3/Content/Collections/' was aborted.
[2019.01.20-15.23.09:313][815]LogDirectoryWatcher: A directory notification for 'C:/Users/Antoine/Desktop/BiopunchJam3/biopunchteam_03/Biopunch3/Content/Developers/Antoine/Collections/' was aborted.
[2019.01.20-15.23.09:313][815]LogDirectoryWatcher: A directory notification for 'C:/Users/Antoine/Desktop/BiopunchJam3/biopunchteam_03/Biopunch3/Saved/Collections/' was aborted.
[2019.01.20-15.23.09:313][815]LogModuleManager: Shutting down and abandoning module StatsViewer (562)
[2019.01.20-15.23.09:313][815]LogModuleManager: Shutting down and abandoning module FoliageEdit (560)
[2019.01.20-15.23.09:313][815]LogModuleManager: Shutting down and abandoning module LandscapeEditor (558)
[2019.01.20-15.23.09:313][815]LogModuleManager: Shutting down and abandoning module MeshPaintMode (556)
[2019.01.20-15.23.09:313][815]LogModuleManager: Shutting down and abandoning module SceneDepthPickerMode (554)
[2019.01.20-15.23.09:313][815]LogModuleManager: Shutting down and abandoning module ActorPickerMode (552)
[2019.01.20-15.23.09:313][815]LogModuleManager: Shutting down and abandoning module GeometryMode (550)
[2019.01.20-15.23.09:313][815]LogModuleManager: Shutting down and abandoning module TextureAlignMode (548)
[2019.01.20-15.23.09:313][815]LogModuleManager: Shutting down and abandoning module BspMode (546)
[2019.01.20-15.23.09:313][815]LogModuleManager: Shutting down and abandoning module PIEPreviewDeviceProfileSelector (544)
[2019.01.20-15.23.09:313][815]LogModuleManager: Shutting down and abandoning module HardwareSurvey (542)
[2019.01.20-15.23.09:313][815]LogModuleManager: Shutting down and abandoning module SequenceRecorderSections (540)
[2019.01.20-15.23.09:313][815]LogModuleManager: Shutting down and abandoning module AutomationWorker (538)
[2019.01.20-15.23.09:313][815]LogModuleManager: Shutting down and abandoning module AudioCaptureEditor (536)
[2019.01.20-15.23.09:313][815]LogModuleManager: Shutting down and abandoning module SequenceRecorder (535)
[2019.01.20-15.23.09:313][815]LogModuleManager: Shutting down and abandoning module MatineeToLevelSequence (532)
[2019.01.20-15.23.09:313][815]LogModuleManager: Shutting down and abandoning module LevelSequenceEditor (530)
[2019.01.20-15.23.09:313][815]LogModuleManager: Shutting down and abandoning module PlacementMode (529)
[2019.01.20-15.23.09:313][815]LogModuleManager: Shutting down and abandoning module MaterialEditor (528)
[2019.01.20-15.23.09:313][815]LogModuleManager: Shutting down and abandoning module WmfMediaFactory (524)
[2019.01.20-15.23.09:313][815]LogModuleManager: Shutting down and abandoning module WmfMediaEditor (522)
[2019.01.20-15.23.09:313][815]LogModuleManager: Shutting down and abandoning module MediaPlayerEditor (520)
[2019.01.20-15.23.09:314][815]LogModuleManager: Shutting down and abandoning module OpenExrWrapper (518)
[2019.01.20-15.23.09:314][815]LogModuleManager: Shutting down and abandoning module ImgMediaFactory (516)
[2019.01.20-15.23.09:314][815]LogModuleManager: Shutting down and abandoning module ImgMediaEditor (514)
[2019.01.20-15.23.09:314][815]LogModuleManager: Shutting down and abandoning module AvfMediaFactory (512)
[2019.01.20-15.23.09:314][815]LogModuleManager: Shutting down and abandoning module AvfMediaEditor (510)
[2019.01.20-15.23.09:314][815]LogModuleManager: Shutting down and abandoning module AndroidMediaFactory (508)
[2019.01.20-15.23.09:314][815]LogModuleManager: Shutting down and abandoning module AndroidMediaEditor (506)
[2019.01.20-15.23.09:314][815]LogModuleManager: Shutting down and abandoning module CharacterAI (504)
[2019.01.20-15.23.09:314][815]LogModuleManager: Shutting down and abandoning module SmartSnapping (502)
[2019.01.20-15.23.09:314][815]LogModuleManager: Shutting down and abandoning module SessionServices (500)
[2019.01.20-15.23.09:314][815]LogModuleManager: Shutting down and abandoning module ViewportSnapping (498)
[2019.01.20-15.23.09:314][815]LogModuleManager: Shutting down and abandoning module ViewportInteraction (496)
[2019.01.20-15.23.09:314][815]LogModuleManager: Shutting down and abandoning module ClothPainter (494)
[2019.01.20-15.23.09:314][815]LogModuleManager: Shutting down and abandoning module SkeletalMeshEditor (493)
[2019.01.20-15.23.09:314][815]LogModuleManager: Shutting down and abandoning module LogVisualizer (490)
[2019.01.20-15.23.09:314][815]LogModuleManager: Shutting down and abandoning module IntroTutorials (488)
[2019.01.20-15.23.09:314][815]LogModuleManager: Shutting down and abandoning module GameProjectGeneration (487)
[2019.01.20-15.23.09:314][815]LogModuleManager: Shutting down and abandoning module IOSPlatformEditor (484)
[2019.01.20-15.23.09:314][815]LogModuleManager: Shutting down and abandoning module HTML5PlatformEditor (482)
[2019.01.20-15.23.09:314][815]LogModuleManager: Shutting down and abandoning module AndroidPlatformEditor (480)
[2019.01.20-15.23.09:314][815]LogModuleManager: Shutting down and abandoning module AndroidDeviceDetection (479)
[2019.01.20-15.23.09:489][815]LogModuleManager: Shutting down and abandoning module WindowsPlatformEditor (476)
[2019.01.20-15.23.09:489][815]LogModuleManager: Shutting down and abandoning module IOSRuntimeSettings (474)
[2019.01.20-15.23.09:489][815]LogModuleManager: Shutting down and abandoning module AndroidRuntimeSettings (472)
[2019.01.20-15.23.09:489][815]LogModuleManager: Shutting down and abandoning module InputBindingEditor (470)
[2019.01.20-15.23.09:489][815]LogModuleManager: Shutting down and abandoning module MergeActors (468)
[2019.01.20-15.23.09:489][815]LogModuleManager: Shutting down and abandoning module LocalizationDashboard (466)
[2019.01.20-15.23.09:489][815]LogModuleManager: Shutting down and abandoning module LocalizationService (465)
[2019.01.20-15.23.09:489][815]LogModuleManager: Shutting down and abandoning module HardwareTargeting (462)
[2019.01.20-15.23.09:489][815]LogModuleManager: Shutting down and abandoning module DeviceProfileEditor (460)
[2019.01.20-15.23.09:489][815]LogModuleManager: Shutting down and abandoning module UndoHistory (458)
[2019.01.20-15.23.09:489][815]LogModuleManager: Shutting down and abandoning module XmlParser (456)
[2019.01.20-15.23.09:489][815]LogModuleManager: Shutting down and abandoning module Blutility (454)
[2019.01.20-15.23.09:489][815]LogModuleManager: Shutting down and abandoning module ProjectSettingsViewer (452)
[2019.01.20-15.23.09:489][815]LogModuleManager: Shutting down and abandoning module ProjectTargetPlatformEditor (451)
[2019.01.20-15.23.09:490][815]LogModuleManager: Shutting down and abandoning module EditorSettingsViewer (448)
[2019.01.20-15.23.09:490][815]LogModuleManager: Shutting down and abandoning module SettingsEditor (446)
[2019.01.20-15.23.09:490][815]LogModuleManager: Shutting down and abandoning module ProjectLauncher (444)
[2019.01.20-15.23.09:490][815]LogModuleManager: Shutting down and abandoning module SessionFrontend (442)
[2019.01.20-15.23.09:490][815]LogModuleManager: Shutting down and abandoning module ProfilerClient (440)
[2019.01.20-15.23.09:490][815]LogModuleManager: Shutting down and abandoning module DeviceManager (438)
[2019.01.20-15.23.09:490][815]LogModuleManager: Shutting down and abandoning module TargetDeviceServices (437)
[2019.01.20-15.23.09:544][815]LogModuleManager: Shutting down and abandoning module AutomationController (434)
[2019.01.20-15.23.09:544][815]LogModuleManager: Shutting down and abandoning module AutomationWindow (432)
[2019.01.20-15.23.09:544][815]LogModuleManager: Shutting down and abandoning module Layers (430)
[2019.01.20-15.23.09:544][815]LogModuleManager: Shutting down and abandoning module ComponentVisualizers (428)
[2019.01.20-15.23.09:544][815]LogModuleManager: Shutting down and abandoning module DetailCustomizations (426)
[2019.01.20-15.23.09:544][815]LogModuleManager: Shutting down and abandoning module PackagesDialog (424)
[2019.01.20-15.23.09:544][815]LogModuleManager: Shutting down and abandoning module Persona (422)
[2019.01.20-15.23.09:544][815]LogModuleManager: Shutting down and abandoning module AdvancedPreviewScene (421)
[2019.01.20-15.23.09:544][815]LogModuleManager: Shutting down and abandoning module AnimGraph (419)
[2019.01.20-15.23.09:544][815]LogModuleManager: Shutting down and abandoning module Kismet (416)
[2019.01.20-15.23.09:544][815]LogModuleManager: Shutting down and abandoning module GraphEditor (414)
[2019.01.20-15.23.09:544][815]LogModuleManager: Shutting down and abandoning module ClassViewer (412)
[2019.01.20-15.23.09:544][815]LogModuleManager: Shutting down and abandoning module Toolbox (410)
[2019.01.20-15.23.09:544][815]LogModuleManager: Shutting down and abandoning module ModuleUI (408)
[2019.01.20-15.23.09:544][815]LogModuleManager: Shutting down and abandoning module MovieSceneTools (406)
[2019.01.20-15.23.09:544][815]LogModuleManager: Shutting down and abandoning module OutputLog (404)
[2019.01.20-15.23.09:544][815]LogModuleManager: Shutting down and abandoning module GammaUI (402)
[2019.01.20-15.23.09:544][815]LogModuleManager: Shutting down and abandoning module Documentation (400)
[2019.01.20-15.23.09:544][815]LogModuleManager: Shutting down and abandoning module MovieSceneTracks (398)
[2019.01.20-15.23.09:544][815]LogModuleManager: Shutting down and abandoning module MovieScene (396)
[2019.01.20-15.23.09:544][815]LogModuleManager: Shutting down and abandoning module StreamingPauseRendering (394)
[2019.01.20-15.23.09:544][815]LogModuleManager: Shutting down and abandoning module LauncherPlatform (392)
[2019.01.20-15.23.09:544][815]LogModuleManager: Shutting down and abandoning module AnalyticsET (390)
[2019.01.20-15.23.09:544][815]LogModuleManager: Shutting down and abandoning module PortalServices (388)
[2019.01.20-15.23.09:544][815]LogModuleManager: Shutting down and abandoning module PortalRpc (386)
[2019.01.20-15.23.09:544][815]LogModuleManager: Shutting down and abandoning module MessagingRpc (384)
[2019.01.20-15.23.09:544][815]LogModuleManager: Shutting down and abandoning module AIModule (382)
[2019.01.20-15.23.09:544][815]LogModuleManager: Shutting down and abandoning module GameplayDebugger (381)
[2019.01.20-15.23.09:544][815]LogModuleManager: Shutting down and abandoning module AITestSuite (379)
[2019.01.20-15.23.09:544][815]LogModuleManager: Shutting down and abandoning module ProfilerService (376)
[2019.01.20-15.23.09:546][815]LogModuleManager: Shutting down and abandoning module TaskGraph (374)
[2019.01.20-15.23.09:546][815]LogModuleManager: Shutting down and abandoning module SteamVRController (372)
[2019.01.20-15.23.09:546][815]LogModuleManager: Shutting down and abandoning module ProceduralMeshComponentEditor (370)
[2019.01.20-15.23.09:546][815]LogModuleManager: Shutting down and abandoning module ProceduralMeshComponent (368)
[2019.01.20-15.23.09:546][815]LogModuleManager: Shutting down and abandoning module OculusInput (366)
[2019.01.20-15.23.09:546][815]LogModuleManager: Shutting down and abandoning module MobilePatchingUtils (364)
[2019.01.20-15.23.09:546][815]LogModuleManager: Shutting down and abandoning module CustomMeshComponent (362)
[2019.01.20-15.23.09:546][815]LogModuleManager: Shutting down and abandoning module CableComponent (360)
[2019.01.20-15.23.09:546][815]LogModuleManager: Shutting down and abandoning module AudioCapture (358)
[2019.01.20-15.23.09:546][815]LogModuleManager: Shutting down and abandoning module ArchVisCharacter (356)
[2019.01.20-15.23.09:546][815]LogModuleManager: Shutting down and abandoning module AndroidPermission (354)
[2019.01.20-15.23.09:546][815]LogModuleManager: Shutting down and abandoning module NUTUnrealEngine4 (350)
[2019.01.20-15.23.09:546][815]LogModuleManager: Shutting down and abandoning module NetcodeUnitTest (348)
[2019.01.20-15.23.09:546][815]LogModuleManager: Shutting down and abandoning module MediaCompositingEditor (346)
[2019.01.20-15.23.09:546][815]LogModuleManager: Shutting down and abandoning module MediaCompositing (344)
[2019.01.20-15.23.09:546][815]LogModuleManager: Shutting down and abandoning module LinearTimecode (342)
[2019.01.20-15.23.09:546][815]LogModuleManager: Shutting down and abandoning module ImgMedia (340)
[2019.01.20-15.23.09:549][815]LogModuleManager: Shutting down and abandoning module HTML5Networking (338)
[2019.01.20-15.23.09:549][815]LogModuleManager: Shutting down and abandoning module AlembicImporter (336)
[2019.01.20-15.23.09:549][815]LogModuleManager: Shutting down and abandoning module AlembicLibrary (335)
[2019.01.20-15.23.09:549][815]LogModuleManager: Shutting down and abandoning module GeometryCache (334)
[2019.01.20-15.23.09:549][815]LogModuleManager: Shutting down and abandoning module GeometryCacheEd (333)
[2019.01.20-15.23.09:549][815]LogModuleManager: Shutting down and abandoning module DatasmithContent (328)
[2019.01.20-15.23.09:549][815]LogModuleManager: Shutting down and abandoning module SpeedTreeImporter (326)
[2019.01.20-15.23.09:549][815]LogModuleManager: Shutting down and abandoning module PluginBrowser (324)
[2019.01.20-15.23.09:549][815]LogModuleManager: Shutting down and abandoning module MobileLauncherProfileWizard (322)
[2019.01.20-15.23.09:549][815]LogModuleManager: Shutting down and abandoning module CryptoKeysOpenSSL (320)
[2019.01.20-15.23.09:549][815]LogModuleManager: Shutting down and abandoning module CryptoKeys (318)
[2019.01.20-15.23.09:549][815]LogModuleManager: Shutting down and abandoning module VisualStudioSourceCodeAccess (316)
[2019.01.20-15.23.09:549][815]LogModuleManager: Shutting down and abandoning module VisualStudioCodeSourceCodeAccess (314)
[2019.01.20-15.23.09:549][815]LogModuleManager: Shutting down and abandoning module UObjectPlugin (312)
[2019.01.20-15.23.09:549][815]LogModuleManager: Shutting down and abandoning module SubversionSourceControl (310)
[2019.01.20-15.23.09:549][815]LogModuleManager: Shutting down and abandoning module PerforceSourceControl (308)
[2019.01.20-15.23.09:549][815]LogModuleManager: Shutting down and abandoning module GitSourceControl (306)
[2019.01.20-15.23.09:549][815]LogModuleManager: Shutting down and abandoning module SourceControl (305)
[2019.01.20-15.23.09:549][815]LogModuleManager: Shutting down and abandoning module CLionSourceCodeAccess (302)
[2019.01.20-15.23.09:549][815]LogModuleManager: Shutting down and abandoning module LightPropagationVolumeEditor (300)
[2019.01.20-15.23.09:549][815]LogModuleManager: Shutting down and abandoning module PaperTiledImporter (298)
[2019.01.20-15.23.09:549][815]LogModuleManager: Shutting down and abandoning module PaperSpriteSheetImporter (296)
[2019.01.20-15.23.09:549][815]LogModuleManager: Shutting down and abandoning module Paper2DEditor (294)
[2019.01.20-15.23.09:549][815]LogModuleManager: Shutting down and abandoning module MeshPaint (293)
[2019.01.20-15.23.09:549][815]LogModuleManager: Shutting down and abandoning module Biopunch3 (290)
[2019.01.20-15.23.09:549][815]LogModuleManager: Shutting down and abandoning module RuntimePhysXCooking (288)
[2019.01.20-15.23.09:549][815]LogModuleManager: Shutting down and abandoning module PhysXVehiclesEditor (286)
[2019.01.20-15.23.09:549][815]LogModuleManager: Shutting down and abandoning module PhysXVehicles (284)
[2019.01.20-15.23.09:549][815]LogModuleManager: Shutting down and abandoning module OculusEditor (282)
[2019.01.20-15.23.09:550][815]LogModuleManager: Shutting down and abandoning module LocationServicesBPLibrary (280)
[2019.01.20-15.23.09:550][815]LogModuleManager: Shutting down and abandoning module ImmediatePhysicsEditor (278)
[2019.01.20-15.23.09:550][815]LogModuleManager: Shutting down and abandoning module ImmediatePhysics (276)
[2019.01.20-15.23.09:550][815]LogModuleManager: Shutting down and abandoning module ActorSequence (274)
[2019.01.20-15.23.09:550][815]LogModuleManager: Shutting down and abandoning module UdpMessaging (272)
[2019.01.20-15.23.09:651][815]LogModuleManager: Shutting down and abandoning module TcpMessaging (270)
[2019.01.20-15.23.09:951][815]LogModuleManager: Shutting down and abandoning module GameplayTagsEditor (268)
[2019.01.20-15.23.09:951][815]LogModuleManager: Shutting down and abandoning module FacialAnimationEditor (266)
[2019.01.20-15.23.09:951][815]LogModuleManager: Shutting down and abandoning module FacialAnimation (264)
[2019.01.20-15.23.09:951][815]LogModuleManager: Shutting down and abandoning module DataValidation (262)
[2019.01.20-15.23.09:951][815]LogModuleManager: Shutting down and abandoning module AssetManagerEditor (260)
[2019.01.20-15.23.09:951][815]LogModuleManager: Shutting down and abandoning module LevelEditor (259)
[2019.01.20-15.23.09:952][815]LogModuleManager: Shutting down and abandoning module PixelInspectorModule (258)
[2019.01.20-15.23.09:952][815]LogModuleManager: Shutting down and abandoning module CommonMenuExtensions (256)
[2019.01.20-15.23.09:952][815]LogModuleManager: Shutting down and abandoning module MainFrame (254)
[2019.01.20-15.23.09:952][815]LogModuleManager: Shutting down and abandoning module HotReload (253)
[2019.01.20-15.23.09:952][815]LogDirectoryWatcher: A directory notification for 'C:/Users/Antoine/Desktop/BiopunchJam3/biopunchteam_03/Biopunch3/Binaries/Win64' was aborted.
[2019.01.20-15.23.09:952][815]LogModuleManager: Shutting down and abandoning module ContentBrowser (249)
[2019.01.20-15.23.09:953][815]LogModuleManager: Shutting down and abandoning module TreeMap (247)
[2019.01.20-15.23.09:953][815]LogModuleManager: Shutting down and abandoning module LightPropagationVolumeRuntime (244)
[2019.01.20-15.23.09:953][815]LogModuleManager: Shutting down and abandoning module LiveLinkEditor (242)
[2019.01.20-15.23.09:953][815]LogModuleManager: Shutting down and abandoning module LiveLink (240)
[2019.01.20-15.23.10:718][815]LogModuleManager: Shutting down and abandoning module Paper2D (238)
[2019.01.20-15.23.10:718][815]LogModuleManager: Shutting down and abandoning module WindowsMoviePlayer (236)
[2019.01.20-15.23.10:718][815]LogModuleManager: Shutting down and abandoning module WmfMedia (234)
[2019.01.20-15.23.10:720][815]LogModuleManager: Shutting down and abandoning module Media (233)
[2019.01.20-15.23.10:726][815]LogModuleManager: Shutting down and abandoning module PacketHandler (230)
[2019.01.20-15.23.10:726][815]LogModuleManager: Shutting down and abandoning module ClothingSystemEditor (228)
[2019.01.20-15.23.10:727][815]LogModuleManager: Shutting down and abandoning module ClothingSystemRuntime (226)
[2019.01.20-15.23.10:727][815]LogModuleManager: Shutting down and abandoning module MediaAssets (224)
[2019.01.20-15.23.10:727][815]LogModuleManager: Shutting down and abandoning module Overlay (222)
[2019.01.20-15.23.10:727][815]LogModuleManager: Shutting down and abandoning module OverlayEditor (221)
[2019.01.20-15.23.10:727][815]LogModuleManager: Shutting down and abandoning module VREditor (218)
[2019.01.20-15.23.10:727][815]LogModuleManager: Shutting down and abandoning module StringTableEditor (216)
[2019.01.20-15.23.10:727][815]LogModuleManager: Shutting down and abandoning module GameplayTasksEditor (214)
[2019.01.20-15.23.10:727][815]LogModuleManager: Shutting down and abandoning module BehaviorTreeEditor (212)
[2019.01.20-15.23.10:727][815]LogModuleManager: Shutting down and abandoning module FunctionalTesting (210)
[2019.01.20-15.23.10:727][815]LogModuleManager: Shutting down and abandoning module CollisionAnalyzer (208)
[2019.01.20-15.23.10:727][815]LogModuleManager: Shutting down and abandoning module WorkspaceMenuStructure (207)
[2019.01.20-15.23.10:727][815]LogModuleManager: Shutting down and abandoning module UMG (204)
[2019.01.20-15.23.10:727][815]LogModuleManager: Shutting down and abandoning module UMGEditor (203)
[2019.01.20-15.23.10:728][815]LogModuleManager: Shutting down and abandoning module Sequencer (202)
[2019.01.20-15.23.10:728][815]LogModuleManager: Shutting down and abandoning module MessageLog (199)
[2019.01.20-15.23.10:728][815]LogModuleManager: Shutting down and abandoning module SlateReflector (194)
[2019.01.20-15.23.10:728][815]LogModuleManager: Shutting down and abandoning module Slate (192)
[2019.01.20-15.23.10:728][815]LogModuleManager: Shutting down and abandoning module EditorStyle (190)
[2019.01.20-15.23.10:730][815]LogModuleManager: Shutting down and abandoning module MRMesh (188)
[2019.01.20-15.23.10:730][815]LogModuleManager: Shutting down and abandoning module SourceCodeAccess (186)
[2019.01.20-15.23.10:730][815]LogModuleManager: Shutting down and abandoning module HeadMountedDisplay (184)
[2019.01.20-15.23.10:730][815]LogModuleManager: Shutting down and abandoning module XAudio2 (182)
[2019.01.20-15.23.10:730][815]LogModuleManager: Shutting down and abandoning module Networking (180)
[2019.01.20-15.23.10:730][815]LogModuleManager: Shutting down and abandoning module Core (178)
[2019.01.20-15.23.10:730][815]LogModuleManager: Shutting down and abandoning module LevelSequence (176)
[2019.01.20-15.23.10:730][815]LogModuleManager: Shutting down and abandoning module KismetCompiler (174)
[2019.01.20-15.23.10:730][815]LogModuleManager: Shutting down and abandoning module MeshUtilities (172)
[2019.01.20-15.23.10:730][815]LogModuleManager: Shutting down and abandoning module MeshMergeUtilities (171)
[2019.01.20-15.23.10:730][815]LogModuleManager: Shutting down and abandoning module MeshReductionInterface (170)
[2019.01.20-15.23.10:730][815]LogModuleManager: Shutting down and abandoning module SimplygonSwarm (169)
[2019.01.20-15.23.10:730][815]LogModuleManager: Shutting down and abandoning module SimplygonMeshReduction (167)
[2019.01.20-15.23.10:730][815]LogModuleManager: Shutting down and abandoning module QuadricMeshReduction (165)
[2019.01.20-15.23.10:730][815]LogModuleManager: Shutting down and abandoning module MaterialBaking (161)
[2019.01.20-15.23.10:730][815]LogModuleManager: Shutting down and abandoning module DirectoryWatcher (157)
[2019.01.20-15.23.10:731][815]LogModuleManager: Shutting down and abandoning module DerivedDataCache (154)
[2019.01.20-15.23.10:866][815]LogDerivedDataCache: Shutdown
[2019.01.20-15.23.10:866][815]LogModuleManager: Shutting down and abandoning module XGEController (152)
[2019.01.20-15.23.10:866][815]LogModuleManager: Shutting down and abandoning module TargetPlatform (150)
[2019.01.20-15.23.10:866][815]LogModuleManager: Shutting down and abandoning module VulkanShaderFormat (149)
[2019.01.20-15.23.10:866][815]LogModuleManager: Shutting down and abandoning module ShaderFormatVectorVM (147)
[2019.01.20-15.23.10:866][815]LogModuleManager: Shutting down and abandoning module ShaderFormatOpenGL (145)
[2019.01.20-15.23.10:866][815]LogModuleManager: Shutting down and abandoning module ShaderFormatD3D (143)
[2019.01.20-15.23.10:866][815]LogModuleManager: Shutting down and abandoning module MetalShaderFormat (141)
[2019.01.20-15.23.10:866][815]LogModuleManager: Shutting down and abandoning module TextureFormatUncompressed (139)
[2019.01.20-15.23.10:866][815]LogModuleManager: Shutting down and abandoning module TextureFormatPVR (137)
[2019.01.20-15.23.10:866][815]LogModuleManager: Shutting down and abandoning module TextureFormatDXT (135)
[2019.01.20-15.23.10:866][815]LogModuleManager: Shutting down and abandoning module TextureFormatIntelISPCTexComp (133)
[2019.01.20-15.23.10:866][815]LogModuleManager: Shutting down and abandoning module TextureFormatASTC (131)
[2019.01.20-15.23.10:866][815]LogModuleManager: Shutting down and abandoning module ImageWrapper (130)
[2019.01.20-15.23.10:866][815]LogModuleManager: Shutting down and abandoning module TextureFormatAndroid (127)
[2019.01.20-15.23.10:867][815]LogModuleManager: Shutting down and abandoning module AudioFormatOpus (125)
[2019.01.20-15.23.10:867][815]LogModuleManager: Shutting down and abandoning module AudioFormatOgg (123)
[2019.01.20-15.23.10:867][815]LogModuleManager: Shutting down and abandoning module AudioFormatADPCM (121)
[2019.01.20-15.23.10:867][815]LogModuleManager: Shutting down and abandoning module LinuxTargetPlatform (119)
[2019.01.20-15.23.10:867][815]LogModuleManager: Shutting down and abandoning module LinuxServerTargetPlatform (117)
[2019.01.20-15.23.10:867][815]LogModuleManager: Shutting down and abandoning module LinuxNoEditorTargetPlatform (115)
[2019.01.20-15.23.10:867][815]LogModuleManager: Shutting down and abandoning module LinuxClientTargetPlatform (113)
[2019.01.20-15.23.10:867][815]LogModuleManager: Shutting down and abandoning module TVOSTargetPlatform (111)
[2019.01.20-15.23.10:867][815]LogModuleManager: Shutting down and abandoning module Messaging (109)
[2019.01.20-15.23.10:867][815]LogModuleManager: Shutting down and abandoning module IOSTargetPlatform (107)
[2019.01.20-15.23.10:867][815]LogModuleManager: Shutting down and abandoning module HTML5TargetPlatform (105)
[2019.01.20-15.23.10:867][815]LogModuleManager: Shutting down and abandoning module AndroidTargetPlatform (103)
[2019.01.20-15.23.10:867][815]LogModuleManager: Shutting down and abandoning module Android_PVRTCTargetPlatform (101)
[2019.01.20-15.23.10:867][815]LogModuleManager: Shutting down and abandoning module Android_MultiTargetPlatform (99)
[2019.01.20-15.23.10:867][815]LogModuleManager: Shutting down and abandoning module Android_ETC2TargetPlatform (97)
[2019.01.20-15.23.10:867][815]LogModuleManager: Shutting down and abandoning module Android_ETC1TargetPlatform (95)
[2019.01.20-15.23.10:867][815]LogModuleManager: Shutting down and abandoning module Android_ETC1aTargetPlatform (93)
[2019.01.20-15.23.10:867][815]LogModuleManager: Shutting down and abandoning module Android_DXTTargetPlatform (91)
[2019.01.20-15.23.10:867][815]LogModuleManager: Shutting down and abandoning module Android_ATCTargetPlatform (89)
[2019.01.20-15.23.10:867][815]LogModuleManager: Shutting down and abandoning module Android_ASTCTargetPlatform (87)
[2019.01.20-15.23.10:867][815]LogModuleManager: Shutting down and abandoning module WindowsTargetPlatform (85)
[2019.01.20-15.23.10:867][815]LogModuleManager: Shutting down and abandoning module WindowsServerTargetPlatform (83)
[2019.01.20-15.23.10:867][815]LogModuleManager: Shutting down and abandoning module WindowsNoEditorTargetPlatform (81)
[2019.01.20-15.23.10:867][815]LogModuleManager: Shutting down and abandoning module WindowsClientTargetPlatform (79)
[2019.01.20-15.23.10:867][815]LogModuleManager: Shutting down and abandoning module MacTargetPlatform (77)
[2019.01.20-15.23.10:867][815]LogModuleManager: Shutting down and abandoning module MacServerTargetPlatform (75)
[2019.01.20-15.23.10:867][815]LogModuleManager: Shutting down and abandoning module MacNoEditorTargetPlatform (73)
[2019.01.20-15.23.10:867][815]LogModuleManager: Shutting down and abandoning module MacClientTargetPlatform (71)
[2019.01.20-15.23.10:867][815]LogModuleManager: Shutting down and abandoning module AllDesktopTargetPlatform (69)
[2019.01.20-15.23.10:867][815]LogModuleManager: Shutting down and abandoning module InputCore (66)
[2019.01.20-15.23.10:867][815]LogModuleManager: Shutting down and abandoning module Settings (64)
[2019.01.20-15.23.10:867][815]LogModuleManager: Shutting down and abandoning module PhysXCooking (62)
[2019.01.20-15.23.10:867][815]LogModuleManager: Shutting down and abandoning module SteamVR (60)
[2019.01.20-15.23.10:867][815]LogModuleManager: Shutting down and abandoning module OculusHMD (58)
[2019.01.20-15.23.10:867][815]LogModuleManager: Shutting down and abandoning module ExampleDeviceProfileSelector (56)
[2019.01.20-15.23.10:867][815]LogModuleManager: Shutting down and abandoning module AppleARKit (54)
[2019.01.20-15.23.10:867][815]LogModuleManager: Shutting down and abandoning module AugmentedReality (51)
[2019.01.20-15.23.10:867][815]LogModuleManager: Shutting down and abandoning module OnlineBlueprintSupport (48)
[2019.01.20-15.23.10:867][815]LogModuleManager: Shutting down and abandoning module OnlineSubsystem (44)
[2019.01.20-15.23.10:867][815]LogModuleManager: Shutting down and abandoning module XMPP (43)
[2019.01.20-15.23.10:867][815]LogModuleManager: Shutting down and abandoning module HTTP (41)
[2019.01.20-15.23.10:867][815]LogHttp: Display: Http module shutting down, but needs to wait on 1 outstanding Http requests:
[2019.01.20-15.23.10:867][815]LogHttp: Display: 	verb=[POST] url=[https://datarouter.ol.epicgames.com/datarouter/api/v1/public/data?SessionID=%7BB9F25FD2-4C7B-946D-DD26-13B8C58EB9D7%7D&AppID=UEEditor.Rocket.Release&AppVersion=4.19.2-4033788%2B%2B%2BUE4%2BRelease-4.19&UserID=b85061224ad32ece6193b9af41fba2ff%7C334bcd5c1d23428a8826b8fb5defba23%7C8ed052a9-d760-445d-a08a-59c24d90cc36&AppEnvironment=datacollector-binary&UploadType=eteventstream] status=Processing
[2019.01.20-15.23.10:900][815]LogModuleManager: Shutting down and abandoning module SSL (40)
[2019.01.20-15.23.10:902][815]LogModuleManager: Shutting down and abandoning module AnimationModifiers (36)
[2019.01.20-15.23.10:902][815]LogModuleManager: Shutting down and abandoning module PropertyEditor (35)
[2019.01.20-15.23.10:902][815]LogModuleManager: Shutting down and abandoning module AudioEditor (32)
[2019.01.20-15.23.10:902][815]LogModuleManager: Shutting down and abandoning module TextureCompressor (30)
[2019.01.20-15.23.10:902][815]LogModuleManager: Shutting down and abandoning module ShaderCore (28)
[2019.01.20-15.23.10:902][815]LogModuleManager: Shutting down and abandoning module Landscape (26)
[2019.01.20-15.23.10:902][815]LogModuleManager: Shutting down and abandoning module SlateRHIRenderer (24)
[2019.01.20-15.23.10:902][815]LogModuleManager: Shutting down and abandoning module OpenGLDrv (22)
[2019.01.20-15.23.10:902][815]LogModuleManager: Shutting down and abandoning module D3D11RHI (20)
[2019.01.20-15.23.10:902][815]LogModuleManager: Shutting down and abandoning module AnimGraphRuntime (18)
[2019.01.20-15.23.10:902][815]LogModuleManager: Shutting down and abandoning module Renderer (16)
[2019.01.20-15.23.10:902][815]LogModuleManager: Shutting down and abandoning module Engine (14)
[2019.01.20-15.23.10:902][815]LogModuleManager: Shutting down and abandoning module CoreUObject (12)
[2019.01.20-15.23.10:903][815]LogModuleManager: Shutting down and abandoning module NetworkFile (10)
[2019.01.20-15.23.10:903][815]LogModuleManager: Shutting down and abandoning module CookedIterativeFile (8)
[2019.01.20-15.23.10:903][815]LogModuleManager: Shutting down and abandoning module StreamingFile (6)
[2019.01.20-15.23.10:903][815]LogModuleManager: Shutting down and abandoning module SandboxFile (4)
[2019.01.20-15.23.10:903][815]LogModuleManager: Shutting down and abandoning module PakFile (2)
[2019.01.20-15.23.10:907][815]LogExit: Exiting.
[2019.01.20-15.23.10:916][815]Log file closed, 01/20/19 10:23:10
