Log file open, 01/20/19 20:15:31
LogWindows: Failed to load 'aqProf.dll' (GetLastError=126)
LogWindows: File 'aqProf.dll' does not exist
LogWindows: Failed to load 'VSPerf140.dll' (GetLastError=126)
LogWindows: File 'VSPerf140.dll' does not exist
LogWindows: Failed to load 'VtuneApi.dll' (GetLastError=126)
LogWindows: File 'VtuneApi.dll' does not exist
LogWindows: Failed to load 'VtuneApi32e.dll' (GetLastError=126)
LogWindows: File 'VtuneApi32e.dll' does not exist
LogInit: Display: Running engine for game: BiopunchJam3
LogPlatformFile: Not using cached read wrapper
LogTaskGraph: Started task graph with 5 named threads and 23 total threads with 3 sets of task threads.
LogStats: Stats thread started at 0.266858
LogD3D11RHI: Loaded GFSDK_Aftermath_Lib.x64.dll
LogICUInternationalization: Display: ICU TimeZone Detection - Raw Offset: -5:00, Platform Override: ''
LogPluginManager: Mounting plugin Paper2D
LogPluginManager: Mounting plugin AISupport
LogPluginManager: Mounting plugin LightPropagationVolume
LogPluginManager: Mounting plugin CLionSourceCodeAccess
LogPluginManager: Mounting plugin CodeLiteSourceCodeAccess
LogPluginManager: Mounting plugin GitSourceControl
LogPluginManager: Mounting plugin KDevelopSourceCodeAccess
LogPluginManager: Mounting plugin NullSourceCodeAccess
LogPluginManager: Mounting plugin PerforceSourceControl
LogPluginManager: Mounting plugin SubversionSourceControl
LogPluginManager: Mounting plugin UObjectPlugin
LogPluginManager: Mounting plugin VisualStudioCodeSourceCodeAccess
LogPluginManager: Mounting plugin VisualStudioSourceCodeAccess
LogPluginManager: Mounting plugin XCodeSourceCodeAccess
LogPluginManager: Mounting plugin AssetManagerEditor
LogPluginManager: Mounting plugin CryptoKeys
LogPluginManager: Mounting plugin DataValidation
LogPluginManager: Mounting plugin FacialAnimation
LogPluginManager: Mounting plugin GameplayTagsEditor
LogPluginManager: Mounting plugin MacGraphicsSwitching
LogPluginManager: Mounting plugin MeshEditor
LogPluginManager: Mounting plugin MobileLauncherProfileWizard
LogPluginManager: Mounting plugin PluginBrowser
LogPluginManager: Mounting plugin SpeedTreeImporter
LogPluginManager: Mounting plugin DatasmithContent
LogPluginManager: Mounting plugin AlembicImporter
LogPluginManager: Mounting plugin AppleImageUtils
LogPluginManager: Mounting plugin AppleVision
LogPluginManager: Mounting plugin BackChannel
LogPluginManager: Mounting plugin CharacterAI
LogPluginManager: Mounting plugin GeometryCache
LogPluginManager: Mounting plugin HTML5Networking
LogPluginManager: Mounting plugin ProxyLODPlugin
LogPluginManager: Mounting plugin MagicLeap
LogPluginManager: Mounting plugin MagicLeapEmulator
LogPluginManager: Mounting plugin MagicLeapMedia
LogPluginManager: Mounting plugin AndroidMedia
LogPluginManager: Mounting plugin AvfMedia
LogPluginManager: Mounting plugin ImgMedia
LogPluginManager: Mounting plugin LinearTimecode
LogPluginManager: Mounting plugin MediaCompositing
LogPluginManager: Mounting plugin MediaPlayerEditor
LogPluginManager: Mounting plugin WmfMedia
LogPluginManager: Mounting plugin TcpMessaging
LogPluginManager: Mounting plugin UdpMessaging
LogPluginManager: Mounting plugin ActorSequence
LogPluginManager: Mounting plugin LevelSequenceEditor
LogPluginManager: Mounting plugin MatineeToLevelSequence
LogPluginManager: Mounting plugin NetcodeUnitTest
LogPluginManager: Mounting plugin NUTUnrealEngine4
LogPluginManager: Mounting plugin OnlineSubsystemGooglePlay
LogPluginManager: Mounting plugin OnlineSubsystemIOS
LogPluginManager: Mounting plugin OnlineSubsystem
LogPluginManager: Mounting plugin OnlineSubsystemNull
LogPluginManager: Mounting plugin OnlineSubsystemUtils
LogPluginManager: Mounting plugin LauncherChunkInstaller
LogPluginManager: Mounting plugin AndroidDeviceProfileSelector
LogPluginManager: Mounting plugin AndroidMoviePlayer
LogPluginManager: Mounting plugin AndroidPermission
LogPluginManager: Mounting plugin AppleMoviePlayer
LogPluginManager: Mounting plugin ArchVisCharacter
LogPluginManager: Mounting plugin AudioCapture
LogPluginManager: Mounting plugin CableComponent
LogPluginManager: Mounting plugin CustomMeshComponent
LogPluginManager: Mounting plugin EditableMesh
LogPluginManager: Mounting plugin ExampleDeviceProfileSelector
LogPluginManager: Mounting plugin GoogleCloudMessaging
LogPluginManager: Mounting plugin ImmediatePhysics
LogPluginManager: Mounting plugin IOSDeviceProfileSelector
LogPluginManager: Mounting plugin LinuxDeviceProfileSelector
LogPluginManager: Mounting plugin LocationServicesBPLibrary
LogPluginManager: Mounting plugin MobilePatchingUtils
LogPluginManager: Mounting plugin OculusVR
LogPluginManager: Plugin shader directory ../../../Engine/Plugins/Runtime/Oculus/OculusVR/Shaders found
LogPluginManager: Mapping shader source directory ../../../Engine/Plugins/Runtime/Oculus/OculusVR/Shaders to virtual directory /Plugin/OculusVR
LogPluginManager: Mounting plugin PhysXVehicles
LogPluginManager: Mounting plugin ProceduralMeshComponent
LogPluginManager: Mounting plugin RuntimePhysXCooking
LogPluginManager: Mounting plugin SteamVR
LogPluginManager: Mounting plugin WindowsMoviePlayer
LogStreaming: Display: Took  0.181s to configure plugins.
LogInit: Using libcurl 7.55.1-DEV
LogInit:  - built for x86_64-pc-win32
LogInit:  - supports SSL with OpenSSL/1.0.2h
LogInit:  - supports HTTP deflate (compression) using libz 1.2.8
LogInit:  - other features:
LogInit:      CURL_VERSION_SSL
LogInit:      CURL_VERSION_LIBZ
LogInit:      CURL_VERSION_IPV6
LogInit:      CURL_VERSION_ASYNCHDNS
LogInit:      CURL_VERSION_LARGEFILE
LogInit:      CURL_VERSION_IDN
LogInit:  CurlRequestOptions (configurable via config and command line):
LogInit:  - bVerifyPeer = false  - Libcurl will NOT verify peer certificate
LogInit:  - bUseHttpProxy = false  - Libcurl will NOT use HTTP proxy
LogInit:  - bDontReuseConnections = false  - Libcurl will reuse connections
LogInit:  - CertBundlePath = nullptr  - Libcurl will use whatever was configured at build time.
LogInit:  - MaxHostConnections = 16  - Libcurl will limit the number of connections to a host
LogInit:  - LocalHostAddr = Default
LogInit:  - BufferSize = 65536
LogInit: WinSock: version 1.1 (2.2), MaxSocks=32767, MaxUdp=65467
LogInit: Build: ++UE4+Release-4.20-CL-4369336
LogInit: Engine Version: 4.20.3-4369336+++UE4+Release-4.20
LogInit: Compatible Engine Version: 4.20.0-4212847+++UE4+Release-4.20
LogInit: Net CL: 4212847
LogInit: OS: Windows 10 (), CPU: Intel(R) Core(TM) i7-7700K CPU @ 4.20GHz, GPU: NVIDIA GeForce GTX 1080 Ti
LogInit: Compiled (64-bit): Sep 17 2018 12:26:19
LogInit: Compiled with Visual C++: 19.13.26129.00
LogInit: Build Configuration: Development
LogInit: Branch Name: ++UE4+Release-4.20
LogInit: Command Line: -EpicPortal  -epicusername="antronik7" -epicuserid=334bcd5c1d23428a8826b8fb5defba23 -epiclocale=en-US
LogInit: Base Directory: C:/Program Files/Epic Games/UE_4.20/Engine/Binaries/Win64/
LogInit: Installed Engine Build: 1
LogDevObjectVersion: Number of dev versions registered: 20
LogDevObjectVersion:   Dev-Blueprints (B0D832E4-1F89-4F0D-ACCF-7EB736FD4AA2): 10
LogDevObjectVersion:   Dev-Build (E1C64328-A22C-4D53-A36C-8E866417BD8C): 0
LogDevObjectVersion:   Dev-Core (375EC13C-06E4-48FB-B500-84F0262A717E): 2
LogDevObjectVersion:   Dev-Editor (E4B068ED-F494-42E9-A231-DA0B2E46BB41): 24
LogDevObjectVersion:   Dev-Framework (CFFC743F-43B0-4480-9391-14DF171D2073): 34
LogDevObjectVersion:   Dev-Mobile (B02B49B5-BB20-44E9-A304-32B752E40360): 2
LogDevObjectVersion:   Dev-Networking (A4E4105C-59A1-49B5-A7C5-40C4547EDFEE): 0
LogDevObjectVersion:   Dev-Online (39C831C9-5AE6-47DC-9A44-9C173E1C8E7C): 0
LogDevObjectVersion:   Dev-Physics (78F01B33-EBEA-4F98-B9B4-84EACCB95AA2): 0
LogDevObjectVersion:   Dev-Platform (6631380F-2D4D-43E0-8009-CF276956A95A): 0
LogDevObjectVersion:   Dev-Rendering (12F88B9F-8875-4AFC-A67C-D90C383ABD29): 26
LogDevObjectVersion:   Dev-Sequencer (7B5AE74C-D270-4C10-A958-57980B212A5A): 9
LogDevObjectVersion:   Dev-VR (D7296918-1DD6-4BDD-9DE2-64A83CC13884): 2
LogDevObjectVersion:   Dev-LoadTimes (C2A15278-BFE7-4AFE-6C17-90FF531DF755): 1
LogDevObjectVersion:   Private-Geometry (6EACA3D4-40EC-4CC1-B786-8BED09428FC5): 3
LogDevObjectVersion:   Dev-AnimPhys (29E575DD-E0A3-4627-9D10-D276232CDCEA): 17
LogDevObjectVersion:   Dev-ReflectionCapture (6B266CEC-1EC7-4B8F-A30B-E4D90942FC07): 1
LogDevObjectVersion:   Dev-Automation (0DF73D61-A23F-47EA-B727-89E90C41499A): 1
LogDevObjectVersion:   FortniteMain (601D1886-AC64-4F84-AA16-D3DE0DEAC7D6): 12
LogDevObjectVersion:   Dev-Enterprise (9DFFBCD6-494F-0158-E221-12823C92A888): 1
LogStreaming: Display: Took  0.000s to delete old logs.
LogInit: Presizing for max 8388607 objects, including 0 objects not considered by GC, pre-allocating 0 bytes for permanent pool.
LogInit: Object subsystem initialized
[2019.01.21-01.15.31:423][  0]LogInit: Selected Device Profile: [Windows]
[2019.01.21-01.15.31:423][  0]LogInit: Applying CVar settings loaded from the selected device profile: [Windows]
[2019.01.21-01.15.31:438][  0]LogHAL: Display: Platform has ~ 32 GB [34299871232 / 34359738368 / 32], which maps to Largest [LargestMinGB=32, LargerMinGB=12, DefaultMinGB=8, SmallerMinGB=6, SmallestMinGB=0)
[2019.01.21-01.15.31:438][  0]LogInit: Setting Device Profile CVar: [[r.Vulkan.UseRealUBs:1]]
[2019.01.21-01.15.31:438][  0]LogInit: Going up to parent DeviceProfile []
[2019.01.21-01.15.31:438][  0]LogInit: Computer: DESKTOP-PI57BBV
[2019.01.21-01.15.31:438][  0]LogInit: User: Antoine
[2019.01.21-01.15.31:438][  0]LogInit: CPU Page size=4096, Cores=4
[2019.01.21-01.15.31:439][  0]LogInit: High frequency timer resolution =4.101561 MHz
[2019.01.21-01.15.31:439][  0]LogMemory: Memory total: Physical=31.9GB (32GB approx)
[2019.01.21-01.15.31:439][  0]LogMemory: Platform Memory Stats for Windows
[2019.01.21-01.15.31:439][  0]LogMemory: Process Physical Memory: 100.75 MB used, 100.75 MB peak
[2019.01.21-01.15.31:439][  0]LogMemory: Process Virtual Memory: 89.27 MB used, 89.27 MB peak
[2019.01.21-01.15.31:439][  0]LogMemory: Physical Memory: 15837.57 MB used,  16873.34 MB free, 32710.91 MB total
[2019.01.21-01.15.31:439][  0]LogMemory: Virtual Memory: 4638.87 MB used,  16873.34 MB free, 134217728.00 MB total
[2019.01.21-01.15.31:456][  0]LogInit: Using OS detected language (en-US).
[2019.01.21-01.15.31:456][  0]LogInit: Using OS detected locale (en-CA).
[2019.01.21-01.15.31:456][  0]LogTextLocalizationManager: No specific localization for 'en-US' exists, so the 'en' localization will be used.
[2019.01.21-01.15.31:800][  0]LogStreaming: Display: Took  0.344s to InitEngineTextLocalization.
[2019.01.21-01.15.31:800][  0]LogInit: Setting process to per monitor DPI aware
[2019.01.21-01.15.31:829][  0]LogSlate: New Slate User Created.  User Index 0, Is Virtual User: 0
[2019.01.21-01.15.31:829][  0]LogSlate: Slate User Registered.  User Index 0, Is Virtual User: 0
[2019.01.21-01.15.32:015][  0]LogHMD: Failed to initialize OpenVR with code 110
[2019.01.21-01.15.32:015][  0]LogD3D11RHI: D3D11 adapters:
[2019.01.21-01.15.32:081][  0]LogD3D11RHI:    0. 'NVIDIA GeForce GTX 1080 Ti' (Feature Level 11_0)
[2019.01.21-01.15.32:081][  0]LogD3D11RHI:       11127/0/16355 MB DedicatedVideo/DedicatedSystem/SharedSystem, Outputs:2, VendorId:0x10de
[2019.01.21-01.15.32:083][  0]LogD3D11RHI:    1. 'Microsoft Basic Render Driver' (Feature Level 11_0)
[2019.01.21-01.15.32:083][  0]LogD3D11RHI:       0/0/16355 MB DedicatedVideo/DedicatedSystem/SharedSystem, Outputs:0, VendorId:0x1414
[2019.01.21-01.15.32:083][  0]LogD3D11RHI: Chosen D3D11 Adapter: 0
[2019.01.21-01.15.32:096][  0]LogD3D11RHI: Creating new Direct3DDevice
[2019.01.21-01.15.32:096][  0]LogD3D11RHI:     GPU DeviceId: 0x1b06 (for the marketing name, search the web for "GPU Device Id")
[2019.01.21-01.15.32:096][  0]LogWindows: EnumDisplayDevices:
[2019.01.21-01.15.32:096][  0]LogWindows:    0. 'NVIDIA GeForce GTX 1080 Ti' (P:0 D:1)
[2019.01.21-01.15.32:096][  0]LogWindows:    1. 'NVIDIA GeForce GTX 1080 Ti' (P:1 D:1)
[2019.01.21-01.15.32:096][  0]LogWindows:    2. 'NVIDIA GeForce GTX 1080 Ti' (P:0 D:0)
[2019.01.21-01.15.32:096][  0]LogWindows:    3. 'NVIDIA GeForce GTX 1080 Ti' (P:0 D:0)
[2019.01.21-01.15.32:097][  0]LogWindows: DebugString: FoundDriverCount:4 
[2019.01.21-01.15.32:097][  0]LogD3D11RHI:     Adapter Name: NVIDIA GeForce GTX 1080 Ti
[2019.01.21-01.15.32:097][  0]LogD3D11RHI:   Driver Version: 417.71 (internal:25.21.14.1771, unified:417.71)
[2019.01.21-01.15.32:097][  0]LogD3D11RHI:      Driver Date: 1-11-2019
[2019.01.21-01.15.32:097][  0]LogRHI: Texture pool is 7788 MB (70% of 11127 MB)
[2019.01.21-01.15.32:139][  0]LogD3D11RHI: Async texture creation enabled
[2019.01.21-01.15.32:178][  0]LogD3D11RHI: GPU Timing Frequency: 1000.000000 (Debug: 2 2)
[2019.01.21-01.15.32:230][  0]LogShaderCompilers: Guid format shader working directory is -34 characters bigger than the processId version (../../../../../../Users/Antoine/Desktop/BiopunchJam3/biopunchteam_03/BiopunchJam3/Intermediate/Shaders/WorkingDirectory/42724/).
[2019.01.21-01.15.32:230][  0]LogShaderCompilers: Cleaned the shader compiler working directory 'C:/Users/Antoine/AppData/Local/Temp/UnrealShaderWorkingDir/307316194C2D643BDCE205A6D439C07B/'.
[2019.01.21-01.15.32:543][  0]LogTemp: Display: Loaded TP AllDesktopTargetPlatform
[2019.01.21-01.15.32:556][  0]LogTemp: Display: Loaded TP MacClientTargetPlatform
[2019.01.21-01.15.32:572][  0]LogTemp: Display: Loaded TP MacNoEditorTargetPlatform
[2019.01.21-01.15.32:583][  0]LogTemp: Display: Loaded TP MacServerTargetPlatform
[2019.01.21-01.15.32:595][  0]LogTemp: Display: Loaded TP MacTargetPlatform
[2019.01.21-01.15.32:606][  0]LogTemp: Display: Loaded TP WindowsClientTargetPlatform
[2019.01.21-01.15.32:617][  0]LogTemp: Display: Loaded TP WindowsNoEditorTargetPlatform
[2019.01.21-01.15.32:629][  0]LogTemp: Display: Loaded TP WindowsServerTargetPlatform
[2019.01.21-01.15.32:634][  0]LogTemp: Display: Loaded TP WindowsTargetPlatform
[2019.01.21-01.15.32:713][  0]LogTemp: Display: Loaded TP AndroidTargetPlatform
[2019.01.21-01.15.32:713][  0]LogTemp: Display: Loaded TP AndroidTargetPlatform
[2019.01.21-01.15.32:714][  0]LogTemp: Display: Loaded TP AndroidTargetPlatform
[2019.01.21-01.15.32:714][  0]LogTemp: Display: Loaded TP AndroidTargetPlatform
[2019.01.21-01.15.32:714][  0]LogTemp: Display: Loaded TP AndroidTargetPlatform
[2019.01.21-01.15.32:714][  0]LogTemp: Display: Loaded TP AndroidTargetPlatform
[2019.01.21-01.15.32:714][  0]LogTemp: Display: Loaded TP AndroidTargetPlatform
[2019.01.21-01.15.32:714][  0]LogTemp: Display: Loaded TP AndroidTargetPlatform
[2019.01.21-01.15.32:714][  0]LogTemp: Display: Loaded TP AndroidTargetPlatform
[2019.01.21-01.15.32:714][  0]LogTemp: Display: Loaded TP AndroidTargetPlatform
[2019.01.21-01.15.32:714][  0]LogTemp: Display: Loaded TP AndroidTargetPlatform
[2019.01.21-01.15.32:714][  0]LogTemp: Display: Loaded TP AndroidTargetPlatform
[2019.01.21-01.15.32:714][  0]LogTemp: Display: Loaded TP AndroidTargetPlatform
[2019.01.21-01.15.32:714][  0]LogTemp: Display: Loaded TP AndroidTargetPlatform
[2019.01.21-01.15.32:714][  0]LogTemp: Display: Loaded TP AndroidTargetPlatform
[2019.01.21-01.15.32:714][  0]LogTemp: Display: Loaded TP AndroidTargetPlatform
[2019.01.21-01.15.32:714][  0]LogTemp: Display: Loaded TP AndroidTargetPlatform
[2019.01.21-01.15.32:714][  0]LogTemp: Display: Loaded TP AndroidTargetPlatform
[2019.01.21-01.15.32:715][  0]LogTemp: Display: Loaded TP HTML5TargetPlatform
[2019.01.21-01.15.32:777][  0]LogTemp: Display: Loaded TP IOSTargetPlatform
[2019.01.21-01.15.32:777][  0]LogTemp: Display: Loaded TP IOSTargetPlatform
[2019.01.21-01.15.32:796][  0]LogTemp: Display: Loaded TP TVOSTargetPlatform
[2019.01.21-01.15.32:796][  0]LogTemp: Display: Loaded TP TVOSTargetPlatform
[2019.01.21-01.15.32:809][  0]LogTemp: Display: Loaded TP LinuxClientTargetPlatform
[2019.01.21-01.15.32:819][  0]LogTemp: Display: Loaded TP LinuxNoEditorTargetPlatform
[2019.01.21-01.15.32:831][  0]LogTemp: Display: Loaded TP LinuxServerTargetPlatform
[2019.01.21-01.15.32:842][  0]LogTemp: Display: Loaded TP LinuxTargetPlatform
[2019.01.21-01.15.32:850][  0]LogTemp: Display: Loaded TP LuminTargetPlatform
[2019.01.21-01.15.32:850][  0]LogTargetPlatformManager: Display: Building Assets For Windows
[2019.01.21-01.15.32:903][  0]LogXGEController: Cannot use XGE Controller as Incredibuild is not installed on this machine.
[2019.01.21-01.15.32:903][  0]LogShaderCompilers: Cannot use XGE Shader Compiler as Incredibuild is not installed on this machine.
[2019.01.21-01.15.32:903][  0]LogShaderCompilers: Display: Using Local Shader Compiler.
[2019.01.21-01.15.33:580][  0]LogDerivedDataCache: Display: Max Cache Size: 512 MB
[2019.01.21-01.15.33:633][  0]LogDerivedDataCache: Loaded boot cache 0.05s 73MB C:/Users/Antoine/AppData/Local/UnrealEngine/4.20/DerivedDataCache/Boot.ddc.
[2019.01.21-01.15.33:635][  0]LogDerivedDataCache: Display: Loaded Boot cache: C:/Users/Antoine/AppData/Local/UnrealEngine/4.20/DerivedDataCache/Boot.ddc
[2019.01.21-01.15.33:635][  0]LogDerivedDataCache: FDerivedDataBackendGraph:  Pak pak cache file ../../../../../../Users/Antoine/Desktop/BiopunchJam3/biopunchteam_03/BiopunchJam3/DerivedDataCache/DDC.ddp not found, will not use a pak cache.
[2019.01.21-01.15.33:635][  0]LogDerivedDataCache: Unable to find inner node Pak for hierarchical cache Hierarchy.
[2019.01.21-01.15.33:635][  0]LogDerivedDataCache: FDerivedDataBackendGraph:  CompressedPak pak cache file ../../../../../../Users/Antoine/Desktop/BiopunchJam3/biopunchteam_03/BiopunchJam3/DerivedDataCache/Compressed.ddp not found, will not use a pak cache.
[2019.01.21-01.15.33:635][  0]LogDerivedDataCache: Unable to find inner node CompressedPak for hierarchical cache Hierarchy.
[2019.01.21-01.15.33:648][  0]LogDerivedDataCache: Display: Pak cache opened for reading ../../../Engine/DerivedDataCache/Compressed.ddp.
[2019.01.21-01.15.33:660][  0]LogDerivedDataCache: Using Local data cache path C:/Users/Antoine/AppData/Local/UnrealEngine/Common/DerivedDataCache: Writable
[2019.01.21-01.15.33:660][  0]LogDerivedDataCache: Shared data cache path not found in *engine.ini, will not use an Shared cache.
[2019.01.21-01.15.33:660][  0]LogDerivedDataCache: Unable to find inner node Shared for hierarchical cache Hierarchy.
[2019.01.21-01.15.33:674][  0]LogMaterial: Verifying Global Shaders for PCD3D_SM5
[2019.01.21-01.15.33:675][  0]LogSlate: Using FreeType 2.6.0
[2019.01.21-01.15.33:676][  0]LogSlate: SlateFontServices - WITH_FREETYPE: 1, WITH_HARFBUZZ: 1
[2019.01.21-01.15.33:742][  0]LogAssetRegistry: FAssetRegistry took 0.0255 seconds to start up
[2019.01.21-01.15.34:129][  0]LogInit: Selected Device Profile: [Windows]
[2019.01.21-01.15.34:288][  0]LogSimplygon: Simplygon DLL not present - disabling.
[2019.01.21-01.15.34:293][  0]LogMeshReduction: Using SimplygonSwarm for distributed automatic mesh merging
[2019.01.21-01.15.34:293][  0]LogMeshReduction: Using ProxyLODMeshReduction for automatic mesh merging
[2019.01.21-01.15.34:293][  0]LogMeshReduction: Using QuadricMeshReduction for automatic static mesh reduction
[2019.01.21-01.15.34:293][  0]LogMeshReduction: No automatic skeletal mesh reduction module available
[2019.01.21-01.15.34:316][  0]LogNetVersion: BiopunchJam3 1.0.0, NetCL: 4212847, EngineNetVer: 5, GameNetVer: 0 (Checksum: 4020279926)
[2019.01.21-01.15.34:875][  0]LogPackageLocalizationCache: Processed 11 localized package path(s) for 2 prioritized culture(s) in 0.159579 seconds
[2019.01.21-01.15.34:881][  0]LogUObjectArray: 38425 objects as part of root set at end of initial load.
[2019.01.21-01.15.34:881][  0]LogUObjectAllocator: 6690872 out of 0 bytes used by permanent object pool.
[2019.01.21-01.15.34:881][  0]LogUObjectArray: CloseDisregardForGC: 0/0 objects in disregard for GC pool
[2019.01.21-01.15.35:617][  0]LogTcpMessaging: Initializing TcpMessaging bridge
[2019.01.21-01.15.35:646][  0]LogUdpMessaging: Initializing bridge on interface 0.0.0.0:0 to multicast group 230.0.0.1:6666.
[2019.01.21-01.15.35:908][  0]SourceControl: Source control is disabled
[2019.01.21-01.15.35:908][  0]SourceControl: Source control is disabled
[2019.01.21-01.15.35:909][  0]SourceControl: Source control is disabled
[2019.01.21-01.15.35:910][  0]SourceControl: Source control is disabled
[2019.01.21-01.15.36:067][  0]LogAndroidPermission: UAndroidPermissionCallbackProxy::GetInstance
[2019.01.21-01.15.36:142][  0]LogOcInput: OculusInput pre-init called
[2019.01.21-01.15.36:195][  0]LogEngine: Initializing Engine...
[2019.01.21-01.15.36:196][  0]LogHMD: Failed to initialize OpenVR with code 110
[2019.01.21-01.15.36:196][  0]LogStats: UGameplayTagsManager::ConstructGameplayTagTree: ImportINI prefixes -  0.000 s
[2019.01.21-01.15.36:196][  0]LogStats: UGameplayTagsManager::ConstructGameplayTagTree: Construct from data asset -  0.000 s
[2019.01.21-01.15.36:197][  0]LogStats: UGameplayTagsManager::ConstructGameplayTagTree: ImportINI -  0.000 s
[2019.01.21-01.15.36:197][  0]LogStats: UGameplayTagsManager::ConstructGameplayTagTree: GameplayTagTreeChangedEvent.Broadcast -  0.000 s
[2019.01.21-01.15.36:374][  0]LogInit: Initializing FReadOnlyCVARCache
[2019.01.21-01.15.36:386][  0]LogAIModule: Creating AISystem for world Untitled
[2019.01.21-01.15.36:449][  0]LogInit: XAudio2 using 'Headphones (Anker SoundCore Stereo)' : 2 channels at 44.1 kHz using 16 bits per sample (channel mask 0x3)
[2019.01.21-01.15.36:461][  0]LogInit: FAudioDevice initialized.
[2019.01.21-01.15.36:461][  0]LogNetVersion: Set ProjectVersion to 1.0.0.0. Version Checksum will be recalculated on next use.
[2019.01.21-01.15.36:525][  0]LogDerivedDataCache: Saved boot cache 0.06s 73MB C:/Users/Antoine/AppData/Local/UnrealEngine/4.20/DerivedDataCache/Boot.ddc.
[2019.01.21-01.15.36:536][  0]LogInit: Texture streaming: Enabled
[2019.01.21-01.15.36:553][  0]LogEngineSessionManager: EngineSessionManager initialized
[2019.01.21-01.15.36:571][  0]LogInit: Transaction tracking system initialized
[2019.01.21-01.15.36:591][  0]BlueprintLog: New page: Editor Load
[2019.01.21-01.15.36:737][  0]LocalizationService: Localization service is disabled
[2019.01.21-01.15.36:981][  0]LogCook: Display: Max memory allowance for cook 16384mb min free memory 0mb
[2019.01.21-01.15.36:981][  0]LogCook: Display: Mobile HDR setting 1
[2019.01.21-01.15.36:981][  0]LogGameplayTags: Display: UGameplayTagsManager::DoneAddingNativeTags. DelegateIsBound: 0
[2019.01.21-01.15.36:981][  0]LogStats: UGameplayTagsManager::ConstructGameplayTagTree: ImportINI prefixes -  0.000 s
[2019.01.21-01.15.36:981][  0]LogStats: UGameplayTagsManager::ConstructGameplayTagTree: Construct from data asset -  0.000 s
[2019.01.21-01.15.36:981][  0]LogStats: UGameplayTagsManager::ConstructGameplayTagTree: ImportINI -  0.000 s
[2019.01.21-01.15.36:981][  0]LogStats: UGameplayTagsManager::ConstructGameplayTagTree: GameplayTagTreeChangedEvent.Broadcast -  0.000 s
[2019.01.21-01.15.37:084][  0]LogFileCache: Scanning file cache for directory 'C:/Users/Antoine/Desktop/BiopunchJam3/biopunchteam_03/BiopunchJam3/Content/' took 0.01s
[2019.01.21-01.15.37:084][  0]SourceControl: Source control is disabled
[2019.01.21-01.15.37:084][  0]Cmd: MAP LOAD FILE="../../../../../../Users/Antoine/Desktop/BiopunchJam3/biopunchteam_03/BiopunchJam3/Content/ThirdPersonCPP/Maps/ThirdPersonExampleMap.umap" TEMPLATE=0 SHOWPROGRESS=1 FEATURELEVEL=3
[2019.01.21-01.15.37:085][  0]LightingResults: New page: Lighting Build
[2019.01.21-01.15.37:087][  0]MapCheck: New page: Map Check
[2019.01.21-01.15.37:087][  0]LightingResults: New page: Lighting Build
[2019.01.21-01.15.37:238][  0]LogAIModule: Creating AISystem for world ThirdPersonExampleMap
[2019.01.21-01.15.37:248][  0]LogEditorServer: Finished looking for orphan Actors (0.000 secs)
[2019.01.21-01.15.37:266][  0]Cmd: MAP CHECKDEP NOCLEARLOG
[2019.01.21-01.15.37:328][  0]MapCheck: Map check complete: 0 Error(s), 0 Warning(s), took 61.343ms to complete.
[2019.01.21-01.15.37:328][  0]LogFileHelpers: Loading map 'ThirdPersonExampleMap' took 0.244
[2019.01.21-01.15.37:424][  0]LogSlate: Updating window title bar state: overlay mode, drag disabled, window buttons hidden, title bar hidden
[2019.01.21-01.15.37:431][  0]LogSlate: Updating window title bar state: overlay mode, drag disabled, window buttons hidden, title bar hidden
[2019.01.21-01.15.37:436][  0]LogSlate: Updating window title bar state: overlay mode, drag disabled, window buttons hidden, title bar hidden
[2019.01.21-01.15.37:444][  0]LogSlate: Updating window title bar state: overlay mode, drag disabled, window buttons hidden, title bar hidden
[2019.01.21-01.15.37:449][  0]LogCollectionManager: Loaded 0 collections in 0.001178 seconds
[2019.01.21-01.15.37:493][  0]LogFileCache: Scanning file cache for directory 'C:/Users/Antoine/Desktop/BiopunchJam3/biopunchteam_03/BiopunchJam3/Saved/Collections/' took 0.01s
[2019.01.21-01.15.37:493][  0]LogFileCache: Scanning file cache for directory 'C:/Users/Antoine/Desktop/BiopunchJam3/biopunchteam_03/BiopunchJam3/Content/Developers/Antoine/Collections/' took 0.01s
[2019.01.21-01.15.37:493][  0]LogFileCache: Scanning file cache for directory 'C:/Users/Antoine/Desktop/BiopunchJam3/biopunchteam_03/BiopunchJam3/Content/Collections/' took 0.01s
[2019.01.21-01.15.37:493][  0]LogCollectionManager: Rebuilt the GUID cache for 0 collections in 0.000000 seconds
[2019.01.21-01.15.37:503][  0]LogContentBrowser: Native class hierarchy populated in 0.0093 seconds. Added 2574 classes and 605 folders.
[2019.01.21-01.15.37:508][  0]LogContentBrowser: Native class hierarchy updated for 'WidgetCarousel' in 0.0003 seconds. Added 0 classes and 0 folders.
[2019.01.21-01.15.37:541][  0]LogContentBrowser: Native class hierarchy updated for 'AddContentDialog' in 0.0003 seconds. Added 0 classes and 0 folders.
[2019.01.21-01.15.37:544][  0]LogContentBrowser: Native class hierarchy updated for 'SceneOutliner' in 0.0004 seconds. Added 1 classes and 2 folders.
[2019.01.21-01.15.37:555][  0]LogSlate: Took 0.000176 seconds to synchronously load lazily loaded font '../../../Engine/Content/Slate/Fonts/Roboto-Regular.ttf' (155K)
[2019.01.21-01.15.37:557][  0]LogSlate: Took 0.000217 seconds to synchronously load lazily loaded font '../../../Engine/Content/Slate/Fonts/Roboto-Bold.ttf' (160K)
[2019.01.21-01.15.37:562][  0]LogSlate: Took 0.000192 seconds to synchronously load lazily loaded font '../../../Engine/Content/Editor/Slate/Fonts/FontAwesome.ttf' (139K)
[2019.01.21-01.15.37:627][  0]LogRenderer: Reallocating scene render targets to support 1208x576 Format 10 NumSamples 1 (Frame:1).
[2019.01.21-01.15.37:747][  0]LogContentBrowser: Native class hierarchy updated for 'HierarchicalLODOutliner' in 0.0003 seconds. Added 0 classes and 0 folders.
[2019.01.21-01.15.37:747][  0]LogLoad: (Engine Initialization) Total time: 7.90 seconds
[2019.01.21-01.15.37:747][  0]LogLoad: (Engine Initialization) Total Blueprint compile time: 0.00 seconds
[2019.01.21-01.15.37:788][  0]LogContentStreaming: Texture pool size now 1000 MB
[2019.01.21-01.15.37:803][  0]LogSlate: Took 0.000203 seconds to synchronously load lazily loaded font '../../../Engine/Content/Slate/Fonts/Roboto-Light.ttf' (167K)
[2019.01.21-01.15.37:817][  1]LogAssetRegistry: Asset discovery search completed in 4.0971 seconds
[2019.01.21-01.15.37:818][  1]LogCollectionManager: Rebuilt the object cache for 0 collections in 0.000000 seconds (found 0 objects)
[2019.01.21-01.15.37:818][  1]LogCollectionManager: Fixed up redirectors for 0 collections in 0.000039 seconds (updated 0 objects)
[2019.01.21-01.16.00:435][249]LogSlate: FSceneViewport::OnFocusLost() reason 0
[2019.01.21-01.16.00:532][260]LogVSAccessor: Warning: Couldn't access Visual Studio
[2019.01.21-01.16.00:536][260]Candidate modules for hot reload:
[2019.01.21-01.16.00:536][260]  BiopunchJam3
[2019.01.21-01.16.00:537][260]Launching UnrealBuildTool... [C:/Program Files/Epic Games/UE_4.20/Engine/Binaries/DotNET/UnrealBuildTool.exe  -ModuleWithSuffix=BiopunchJam3,2107 Win64 Development -TargetType=Editor -Project="../../../../../../Users/Antoine/Desktop/BiopunchJam3/biopunchteam_03/BiopunchJam3/BiopunchJam3.uproject" -canskiplink "C:/Users/Antoine/Desktop/BiopunchJam3/biopunchteam_03/BiopunchJam3/BiopunchJam3.uproject" ]
[2019.01.21-01.16.00:539][260]Warning: Starting HotReload took  0.0s.
[2019.01.21-01.16.05:467][851]CompilerResultsLog: New page: Compilation - Jan 20, 2019, 3:16:05 PM
[2019.01.21-01.16.05:467][851]CompilerResultsLog: Performing full C++ include scan (hot reloading a new target)
[2019.01.21-01.16.05:467][851]CompilerResultsLog: Using 'git status' to determine working set for adaptive non-unity build.
[2019.01.21-01.16.05:467][851]CompilerResultsLog: Creating makefile for hot reloading BiopunchJam3Editor (no existing makefile)
[2019.01.21-01.16.05:467][851]CompilerResultsLog: Compiling game modules for hot reload
[2019.01.21-01.16.05:467][851]CompilerResultsLog: Using Visual Studio 2017 14.16.27023 toolchain (C:\Program Files (x86)\Microsoft Visual Studio\2017\Community\VC\Tools\MSVC\14.16.27023) and Windows 10.0.16299.0 SDK (C:\Program Files (x86)\Windows Kits\10).
[2019.01.21-01.16.05:467][851]CompilerResultsLog: Target is up to date
[2019.01.21-01.16.05:467][851]CompilerResultsLog: Total build time: 4.70 seconds (NoActionsToExecute executor: 0.00 seconds)
[2019.01.21-01.16.05:467][851]LogMainFrame: MainFrame: Module compiling took 4.936 seconds
[2019.01.21-01.16.05:496][851]LogContentBrowser: Native class hierarchy populated in 0.0090 seconds. Added 2575 classes and 607 folders.
[2019.01.21-01.16.05:496][851]Display: HotReload took  5.0s.
[2019.01.21-01.16.08:755][239]LogSlate: Took 0.000146 seconds to synchronously load lazily loaded font '../../../Engine/Content/Slate/Fonts/Roboto-Light.ttf' (167K)
[2019.01.21-01.16.08:799][239]LogSlate: Took 0.004615 seconds to synchronously load lazily loaded font '../../../Engine/Content/Slate/Fonts/Roboto-BoldCondensed.ttf' (158K)
[2019.01.21-01.16.20:505][635]Running C:/Program Files/Epic Games/UE_4.20/Engine/Binaries/DotNET/UnrealBuildTool.exe  -projectfiles -project="C:/Users/Antoine/Desktop/BiopunchJam3/biopunchteam_03/BiopunchJam3/BiopunchJam3.uproject" -game -rocket -progress
[2019.01.21-01.16.20:816][635]Discovering modules, targets and source code for project...
[2019.01.21-01.16.22:327][635]C:\Program Files\Epic Games\UE_4.20\Engine\Source\ThirdParty\Expat\Expat.Build.cs: warning: Referenced directory 'C:\Program Files\Epic Games\UE_4.20\Engine\Source\ThirdParty\Expat\expat-2.2.0\Win64\VS2015\Release' does not exist.
[2019.01.21-01.16.24:252][635]LogVSAccessor: Warning: Couldn't access Visual Studio
[2019.01.21-01.16.24:257][635]Candidate modules for hot reload:
[2019.01.21-01.16.24:257][635]  BiopunchJam3
[2019.01.21-01.16.24:257][635]Launching UnrealBuildTool... [C:/Program Files/Epic Games/UE_4.20/Engine/Binaries/DotNET/UnrealBuildTool.exe  -ModuleWithSuffix=BiopunchJam3,2880 Win64 Development -TargetType=Editor -Project="../../../../../../Users/Antoine/Desktop/BiopunchJam3/biopunchteam_03/BiopunchJam3/BiopunchJam3.uproject" -canskiplink "C:/Users/Antoine/Desktop/BiopunchJam3/biopunchteam_03/BiopunchJam3/BiopunchJam3.uproject" ]
[2019.01.21-01.16.39:064][635]CompilerResultsLog: New page: Compilation - Jan 20, 2019, 3:16:39 PM
[2019.01.21-01.16.39:064][635]CompilerResultsLog: Using 'git status' to determine working set for adaptive non-unity build.
[2019.01.21-01.16.39:064][635]CompilerResultsLog: Creating makefile for hot reloading BiopunchJam3Editor (.uproject file is newer)
[2019.01.21-01.16.39:064][635]CompilerResultsLog: Compiling game modules for hot reload
[2019.01.21-01.16.39:064][635]CompilerResultsLog: Using Visual Studio 2017 14.16.27023 toolchain (C:\Program Files (x86)\Microsoft Visual Studio\2017\Community\VC\Tools\MSVC\14.16.27023) and Windows 10.0.16299.0 SDK (C:\Program Files (x86)\Windows Kits\10).
[2019.01.21-01.16.39:064][635]CompilerResultsLog: Parsing headers for BiopunchJam3Editor
[2019.01.21-01.16.39:064][635]CompilerResultsLog:   Running UnrealHeaderTool "C:\Users\Antoine\Desktop\BiopunchJam3\biopunchteam_03\BiopunchJam3\BiopunchJam3.uproject" "C:\Users\Antoine\Desktop\BiopunchJam3\biopunchteam_03\BiopunchJam3\Intermediate\Build\Win64\BiopunchJam3Editor\Development\BiopunchJam3Editor.uhtmanifest" -LogCmds="loginit warning, logexit warning, logdatabase error" -Unattended -WarningsAsErrors -installed
[2019.01.21-01.16.39:064][635]CompilerResultsLog: Reflection code generated for BiopunchJam3Editor in 7.8044 seconds
[2019.01.21-01.16.39:064][635]CompilerResultsLog: Building 10 actions with 8 processes...
[2019.01.21-01.16.39:064][635]CompilerResultsLog:   [1/10] BiopunchJam3.init.gen.cpp
[2019.01.21-01.16.39:064][635]CompilerResultsLog:   [2/10] BiopunchJam3.cpp
[2019.01.21-01.16.39:064][635]CompilerResultsLog:   [3/10] JamBlueprintFunctionLibrary.cpp
[2019.01.21-01.16.39:064][635]CompilerResultsLog:   [4/10] JamBlueprintFunctionLibrary.gen.cpp
[2019.01.21-01.16.39:064][635]CompilerResultsLog:   [5/10] BiopunchJam3GameMode.gen.cpp
[2019.01.21-01.16.39:064][635]CompilerResultsLog:   [6/10] BiopunchJam3Character.gen.cpp
[2019.01.21-01.16.39:064][635]CompilerResultsLog:   [7/10] BiopunchJam3GameMode.cpp
[2019.01.21-01.16.39:064][635]CompilerResultsLog:   [8/10] BiopunchJam3Character.cpp
[2019.01.21-01.16.39:064][635]CompilerResultsLog:   [9/10] UE4Editor-BiopunchJam3-2880.lib
[2019.01.21-01.16.39:064][635]CompilerResultsLog:      Creating library C:\Users\Antoine\Desktop\BiopunchJam3\biopunchteam_03\BiopunchJam3\Intermediate\Build\Win64\UE4Editor\Development\BiopunchJam3\UE4Editor-BiopunchJam3-2880.lib and object C:\Users\Antoine\Desktop\BiopunchJam3\biopunchteam_03\BiopunchJam3\Intermediate\Build\Win64\UE4Editor\Development\BiopunchJam3\UE4Editor-BiopunchJam3-2880.exp
[2019.01.21-01.16.39:064][635]CompilerResultsLog:   [10/10] UE4Editor-BiopunchJam3-2880.dll
[2019.01.21-01.16.39:064][635]CompilerResultsLog:      Creating library C:\Users\Antoine\Desktop\BiopunchJam3\biopunchteam_03\BiopunchJam3\Intermediate\Build\Win64\UE4Editor\Development\BiopunchJam3\UE4Editor-BiopunchJam3-2880.suppressed.lib and object C:\Users\Antoine\Desktop\BiopunchJam3\biopunchteam_03\BiopunchJam3\Intermediate\Build\Win64\UE4Editor\Development\BiopunchJam3\UE4Editor-BiopunchJam3-2880.suppressed.exp
[2019.01.21-01.16.39:064][635]CompilerResultsLog: Total build time: 14.62 seconds (Parallel executor: 2.05 seconds)
[2019.01.21-01.16.39:064][635]LogMainFrame: MainFrame: Module compiling took 14.812 seconds
[2019.01.21-01.16.39:096][635]LogClass: Could not find existing class JamBlueprintFunctionLibrary in package /Script/BiopunchJam3 for HotReload, assuming new class
[2019.01.21-01.16.39:100][635]LogContentBrowser: Native class hierarchy updated for 'BiopunchJam3' in 0.0003 seconds. Added 3 classes and 2 folders.
[2019.01.21-01.16.39:101][635]Display: HotReload successful (0 functions remapped  0 scriptstructs remapped)
[2019.01.21-01.16.39:216][635]LogContentBrowser: Native class hierarchy populated in 0.0075 seconds. Added 2576 classes and 607 folders.
[2019.01.21-01.16.39:216][635]Display: HotReload took 15.0s.
[2019.01.21-01.16.39:217][635]Warning: HotReload operation took 15.0s.
[2019.01.21-01.16.39:235][635]LogSlate: Window 'Add C++ Class' being destroyed
[2019.01.21-01.16.39:245][635]LogHotReload: New module detected: UE4Editor-BiopunchJam3-2880.dll
[2019.01.21-01.16.39:279][636]LogHotReload: Starting Hot-Reload from IDE
[2019.01.21-01.16.39:321][636]LogContentBrowser: Native class hierarchy updated for 'BiopunchJam3' in 0.0003 seconds. Added 3 classes and 2 folders.
[2019.01.21-01.16.39:324][636]Display: HotReload successful (0 functions remapped  0 scriptstructs remapped)
[2019.01.21-01.16.39:353][636]LogContentBrowser: Native class hierarchy populated in 0.0079 seconds. Added 2576 classes and 607 folders.
[2019.01.21-01.16.39:358][636]Display: HotReload took  0.1s.
[2019.01.21-01.17.07:657][690]LogAssetEditorManager: Opening Asset editor for Class /Script/BiopunchJam3.JamBlueprintFunctionLibrary
[2019.01.21-01.21.19:352][882]LogVSAccessor: Warning: Couldn't access Visual Studio
[2019.01.21-01.21.19:357][882]Candidate modules for hot reload:
[2019.01.21-01.21.19:357][882]  BiopunchJam3
[2019.01.21-01.21.19:358][882]Launching UnrealBuildTool... [C:/Program Files/Epic Games/UE_4.20/Engine/Binaries/DotNET/UnrealBuildTool.exe  -ModuleWithSuffix=BiopunchJam3,4710 Win64 Development -TargetType=Editor -Project="../../../../../../Users/Antoine/Desktop/BiopunchJam3/biopunchteam_03/BiopunchJam3/BiopunchJam3.uproject" -canskiplink "C:/Users/Antoine/Desktop/BiopunchJam3/biopunchteam_03/BiopunchJam3/BiopunchJam3.uproject" ]
[2019.01.21-01.21.19:360][882]Warning: Starting HotReload took  0.0s.
[2019.01.21-01.21.24:566][505]CompilerResultsLog: New page: Compilation - Jan 20, 2019, 3:21:24 PM
[2019.01.21-01.21.24:566][505]CompilerResultsLog: Using 'git status' to determine working set for adaptive non-unity build.
[2019.01.21-01.21.24:566][505]CompilerResultsLog: Creating makefile for hot reloading BiopunchJam3Editor (modules to compile have changed)
[2019.01.21-01.21.24:566][505]CompilerResultsLog: Compiling game modules for hot reload
[2019.01.21-01.21.24:566][505]CompilerResultsLog: Using Visual Studio 2017 14.16.27023 toolchain (C:\Program Files (x86)\Microsoft Visual Studio\2017\Community\VC\Tools\MSVC\14.16.27023) and Windows 10.0.16299.0 SDK (C:\Program Files (x86)\Windows Kits\10).
[2019.01.21-01.21.24:566][505]CompilerResultsLog: Target is up to date
[2019.01.21-01.21.24:566][505]CompilerResultsLog: Total build time: 5.02 seconds (NoActionsToExecute executor: 0.00 seconds)
[2019.01.21-01.21.24:566][505]LogMainFrame: MainFrame: Module compiling took 5.214 seconds
[2019.01.21-01.21.24:593][505]LogContentBrowser: Native class hierarchy populated in 0.0078 seconds. Added 2576 classes and 607 folders.
[2019.01.21-01.21.24:593][505]Display: HotReload took  5.2s.
[2019.01.21-01.21.25:709][639]MapCheck: New page: Map Check
[2019.01.21-01.21.25:726][639]Cmd: MAP REBUILD ALLVISIBLE
[2019.01.21-01.21.25:727][639]LogEditorServer: Rebuildmap Clear paths rebuilt
[2019.01.21-01.21.25:811][639]LogMaterial: Display: Missing cached shader map for material FDebugViewModeMaterialProxy MaterialInstanceDynamic_0, compiling. 
[2019.01.21-01.21.25:825][639]LogMaterial: Display: Missing cached shader map for material FDebugViewModeMaterialProxy CubeMaterial, compiling. 
[2019.01.21-01.21.25:830][639]LogMaterial: Display: Missing cached shader map for material FDebugViewModeMaterialProxy HelpActorMaterial, compiling. 
[2019.01.21-01.21.25:835][639]LogShaderCompilers: Display: Shaders left to compile 2
[2019.01.21-01.21.25:835][639]LogShaderCompilers: Display: Shaders left to compile 1
[2019.01.21-01.21.25:835][639]LogMaterial: Display: Missing cached shader map for material FDebugViewModeMaterialProxy RampMaterial, compiling. 
[2019.01.21-01.21.25:840][639]LogMaterial: Display: Missing cached shader map for material FDebugViewModeMaterialProxy DefaultTextMaterialOpaque, compiling. 
[2019.01.21-01.21.25:845][639]LogMaterial: Display: Missing cached shader map for material FDebugViewModeMaterialProxy M_UE4Man_Body, compiling. 
[2019.01.21-01.21.25:853][639]LogShaderCompilers: Display: Shaders left to compile 4
[2019.01.21-01.21.25:853][639]LogShaderCompilers: Display: Shaders left to compile 3
[2019.01.21-01.21.25:853][639]LogMaterial: Display: Missing cached shader map for material FDebugViewModeMaterialProxy M_UE4Man_ChestLogo, compiling. 
[2019.01.21-01.21.25:859][639]LogMaterial: Display: Missing cached shader map for material FDebugViewModeMaterialProxy MatineeCam_mat, compiling. 
[2019.01.21-01.21.26:535][639]LogShaderCompilers: Display: Shaders left to compile 4
[2019.01.21-01.21.26:535][639]LogShaderCompilers: Display: Shaders left to compile 3
[2019.01.21-01.21.26:535][639]LogShaderCompilers: Display: Shaders left to compile 2
[2019.01.21-01.21.26:535][639]LogShaderCompilers: Display: Shaders left to compile 1
[2019.01.21-01.21.26:535][639]TextureStreamingBuild: Display: Compiling optional shaders took 0.729 seconds.
[2019.01.21-01.21.26:552][639]LogLevel: Display: Export Material TexCoord Scales took 0.017 seconds.
[2019.01.21-01.21.26:577][639]TextureStreamingBuild: Display: Build Texture Streaming took 0.024 seconds.
[2019.01.21-01.21.26:595][639]LightingResults: New page: Lighting Build - Jan 20, 2019, 3:21:26 PM
[2019.01.21-01.21.26:646][639]LogSwarmInterface: [OpenConnection] Registering TCP channel ...
[2019.01.21-01.21.26:697][639]LogSwarmInterface: [OpenConnection] Connecting to agent ...
[2019.01.21-01.21.26:748][639]LogSwarmInterface: [TryOpenConnection] Testing the Agent
[2019.01.21-01.21.27:259][639]LogSwarmInterface: [TryOpenConnection] Opening Connection to Agent
[2019.01.21-01.21.27:259][639]LogSwarmInterface: [TryOpenConnection] Local Process ID is 42724
[2019.01.21-01.21.32:112][639]LogStaticLightingSystem: Running Lightmass w/ ImmediateImport mode ENABLED
[2019.01.21-01.21.32:112][639]LogStaticLightingSystem: Running Lightmass w/ ImmediateProcess mode ENABLED
[2019.01.21-01.21.32:112][639]LogStaticLightingSystem: Running Lightmass w/ Sorting mode ENABLED
[2019.01.21-01.21.32:112][639]LogStaticLightingSystem: Running Lightmass w/ Mapping paddings ENABLED
[2019.01.21-01.21.32:112][639]LogStaticLightingSystem: Running Lightmass w/ Mapping debug paddings DISABLED
[2019.01.21-01.21.32:301][639]Cmd: MAP CHECK DONTDISPLAYDIALOG
[2019.01.21-01.21.32:301][639]MapCheck: New page: ThirdPersonExampleMap - Jan 20, 2019, 3:21:32 PM
[2019.01.21-01.21.32:362][639]MapCheck: Map check complete: 0 Error(s), 0 Warning(s), took 61.386ms to complete.
[2019.01.21-01.21.32:385][639]LogEditorBuildUtils: Build time 0:06
[2019.01.21-01.21.35:812][911]Job is a success!
[2019.01.21-01.21.35:865][913]LogVolumetricLightmapImport: Imported Volumetric Lightmap in 0.008s
[2019.01.21-01.21.35:865][913]LogVolumetricLightmapImport:      Indirection Texture 16x16x16 = 0.0Mb
[2019.01.21-01.21.35:865][913]LogVolumetricLightmapImport:      BrickData 240x5x5 = 0.2Mb (trimmed 0.0Mb due to 0.010000 MinBrickError)
[2019.01.21-01.21.35:865][913]LogVolumetricLightmapImport:      Bricks at Level
[2019.01.21-01.21.35:865][913]LogVolumetricLightmapImport:          0: 2.1% covering 100.0% of volume
[2019.01.21-01.21.35:865][913]LogVolumetricLightmapImport:          1: 8.3% covering 6.3% of volume
[2019.01.21-01.21.35:865][913]LogVolumetricLightmapImport:          2: 89.6% covering 1.0% of volume
[2019.01.21-01.21.36:273][913]LogTexture: Display: Building textures: SkyOcclusion1_1 (AutoDXT, 1024X512)
[2019.01.21-01.21.36:273][913]LogTexture: Display: Building textures: HQ_Lightmap1_1 (AutoDXT, 1024X1024)
[2019.01.21-01.21.36:273][913]LogTexture: Display: Building textures: LQ_Lightmap_1_1 (DXT1, 1024X1024)
[2019.01.21-01.21.36:273][913]LogTexture: Display: Building textures: SkyOcclusion1_2 (AutoDXT, 512X256)
[2019.01.21-01.21.36:273][913]LogTexture: Display: Building textures: HQ_Lightmap1_2 (AutoDXT, 512X512)
[2019.01.21-01.21.36:273][913]LogTexture: Display: Building textures: LQ_Lightmap_1_2 (DXT1, 512X512)
[2019.01.21-01.21.36:273][913]LogTexture: Display: Building textures: SkyOcclusion1_3 (AutoDXT, 64X32)
[2019.01.21-01.21.36:273][913]LogTexture: Display: Building textures: HQ_Lightmap1_3 (AutoDXT, 64X64)
[2019.01.21-01.21.36:273][913]LogTexture: Display: Building textures: LQ_Lightmap_1_3 (DXT1, 64X64)
[2019.01.21-01.21.36:470][913]LogTexture: Display: Building textures: ShadowMapTexture2D_3 (G8, 32X32)
[2019.01.21-01.21.36:470][913]LogTexture: Display: Building textures: ShadowMapTexture2D_2 (G8, 1024X1024)
[2019.01.21-01.21.36:494][913]Lightmass on DESKTOP-PI57BBV: 3.47 sec total, 141 ms importing, 19 ms setup, 817 ms photons, 2.44 sec processing, 0 ms extra exporting [12/12 mappings]. Threads: 16.9 sec total, 5.44 sec processing.
[2019.01.21-01.21.36:517][913]LogStaticLightingSystem: Illumination: 9.90 sec (373 ms encoding lightmaps, 193 ms encoding shadowmaps)
[2019.01.21-01.21.36:518][913]LogStaticLightingSystem: Lightmap texture memory:  3.3 MB (3.3 MB streaming, 0.0 MB non-streaming), 6 textures
[2019.01.21-01.21.36:518][913]LogStaticLightingSystem: Shadowmap texture memory: 1.3 MB (1.3 MB streaming, 0.0 MB non-streaming), 2 textures
[2019.01.21-01.21.37:137][913]DumpUnbuiltLightIteractions
[2019.01.21-01.21.37:137][913]Lights with unbuilt interactions: 0
[2019.01.21-01.21.37:137][913]
[2019.01.21-01.21.37:137][913]Primitives with unbuilt interactions: 0
[2019.01.21-01.21.37:185][914]Cmd: MAP CHECK NOTIFYRESULTS
[2019.01.21-01.21.37:185][914]MapCheck: New page: ThirdPersonExampleMap - Jan 20, 2019, 3:21:37 PM
[2019.01.21-01.21.37:245][914]MapCheck: Map check complete: 0 Error(s), 0 Warning(s), took 59.973ms to complete.
[2019.01.21-01.21.44:500][286]LogSlate: Window 'Save Content' being destroyed
[2019.01.21-01.21.44:714][286]LogSavePackage: Moving '../../../../../../Users/Antoine/Desktop/BiopunchJam3/biopunchteam_03/BiopunchJam3/Saved/ThirdPersonExampleMap5B25BC4640F0B809E650DEB9407BAA97.tmp' to '../../../../../../Users/Antoine/Desktop/BiopunchJam3/biopunchteam_03/BiopunchJam3/Content/ThirdPersonCPP/Maps/ThirdPersonExampleMap.umap'
[2019.01.21-01.21.44:745][286]LogFileHelpers: Saving map 'ThirdPersonExampleMap' took 0.225
[2019.01.21-01.21.44:858][286]LogSavePackage: Moving '../../../../../../Users/Antoine/Desktop/BiopunchJam3/biopunchteam_03/BiopunchJam3/Saved/ThirdPersonExampleMap_BuiltDataA8F61F664A2701B27067E1BF3F37833D.tmp' to '../../../../../../Users/Antoine/Desktop/BiopunchJam3/biopunchteam_03/BiopunchJam3/Content/ThirdPersonCPP/Maps/ThirdPersonExampleMap_BuiltData.uasset'
[2019.01.21-01.21.44:906][286]LogSlate: Window 'BiopunchJam3 - Unreal Editor' being destroyed
[2019.01.21-01.21.44:907][286]LogWindowsTextInputMethodSystem: Display: IME system now deactivated.
[2019.01.21-01.21.45:070][287]Cmd: QUIT_EDITOR
[2019.01.21-01.21.45:094][287]LogExit: Preparing to exit.
[2019.01.21-01.21.45:919][287]LogExit: Editor shut down
[2019.01.21-01.21.45:919][287]LogExit: Transaction tracking system shut down
[2019.01.21-01.21.46:141][287]LogExit: Object subsystem successfully closed.
[2019.01.21-01.21.46:157][287]LogShaderCompilers: Display: Shaders left to compile 0
[2019.01.21-01.21.46:161][287]LogD3D11RHI: Shutdown
[2019.01.21-01.21.46:161][287]LogD3D11RHI: CleanupD3DDevice
[2019.01.21-01.21.46:163][287]LogD3D11RHI: ~FD3D11DynamicRHI
[2019.01.21-01.21.46:183][287]LogModuleManager: Shutting down and abandoning module HierarchicalLODUtilities (616)
[2019.01.21-01.21.46:183][287]LogModuleManager: Shutting down and abandoning module BiopunchJam3 (614)
[2019.01.21-01.21.46:183][287]LogModuleManager: Shutting down and abandoning module HierarchicalLODOutliner (612)
[2019.01.21-01.21.46:183][287]LogModuleManager: Shutting down and abandoning module SceneOutliner (610)
[2019.01.21-01.21.46:183][287]LogModuleManager: Shutting down and abandoning module AddContentDialog (608)
[2019.01.21-01.21.46:184][287]LogModuleManager: Shutting down and abandoning module WidgetCarousel (607)
[2019.01.21-01.21.46:184][287]LogModuleManager: Shutting down and abandoning module EditorWidgets (604)
[2019.01.21-01.21.46:184][287]LogModuleManager: Shutting down and abandoning module CollectionManager (602)
[2019.01.21-01.21.46:184][287]LogModuleManager: Shutting down and abandoning module StatsViewer (600)
[2019.01.21-01.21.46:184][287]LogModuleManager: Shutting down and abandoning module FoliageEdit (598)
[2019.01.21-01.21.46:184][287]LogModuleManager: Shutting down and abandoning module LandscapeEditor (596)
[2019.01.21-01.21.46:184][287]LogModuleManager: Shutting down and abandoning module MeshPaintMode (594)
[2019.01.21-01.21.46:184][287]LogModuleManager: Shutting down and abandoning module SceneDepthPickerMode (592)
[2019.01.21-01.21.46:184][287]LogModuleManager: Shutting down and abandoning module ActorPickerMode (590)
[2019.01.21-01.21.46:184][287]LogModuleManager: Shutting down and abandoning module GeometryMode (588)
[2019.01.21-01.21.46:184][287]LogModuleManager: Shutting down and abandoning module TextureAlignMode (586)
[2019.01.21-01.21.46:184][287]LogModuleManager: Shutting down and abandoning module BspMode (584)
[2019.01.21-01.21.46:184][287]LogModuleManager: Shutting down and abandoning module PIEPreviewDeviceProfileSelector (582)
[2019.01.21-01.21.46:184][287]LogModuleManager: Shutting down and abandoning module SequenceRecorderSections (580)
[2019.01.21-01.21.46:184][287]LogModuleManager: Shutting down and abandoning module AutomationWorker (578)
[2019.01.21-01.21.46:184][287]LogModuleManager: Shutting down and abandoning module AudioCaptureEditor (576)
[2019.01.21-01.21.46:184][287]LogModuleManager: Shutting down and abandoning module SequenceRecorder (575)
[2019.01.21-01.21.46:184][287]LogModuleManager: Shutting down and abandoning module MatineeToLevelSequence (572)
[2019.01.21-01.21.46:184][287]LogModuleManager: Shutting down and abandoning module LevelSequenceEditor (570)
[2019.01.21-01.21.46:184][287]LogModuleManager: Shutting down and abandoning module PlacementMode (569)
[2019.01.21-01.21.46:184][287]LogModuleManager: Shutting down and abandoning module MaterialEditor (568)
[2019.01.21-01.21.46:184][287]LogModuleManager: Shutting down and abandoning module WmfMediaFactory (564)
[2019.01.21-01.21.46:184][287]LogModuleManager: Shutting down and abandoning module WmfMediaEditor (562)
[2019.01.21-01.21.46:184][287]LogModuleManager: Shutting down and abandoning module MediaPlayerEditor (560)
[2019.01.21-01.21.46:184][287]LogModuleManager: Shutting down and abandoning module OpenExrWrapper (558)
[2019.01.21-01.21.46:184][287]LogModuleManager: Shutting down and abandoning module ImgMediaFactory (556)
[2019.01.21-01.21.46:184][287]LogModuleManager: Shutting down and abandoning module ImgMediaEditor (554)
[2019.01.21-01.21.46:184][287]LogModuleManager: Shutting down and abandoning module AvfMediaFactory (552)
[2019.01.21-01.21.46:184][287]LogModuleManager: Shutting down and abandoning module AvfMediaEditor (550)
[2019.01.21-01.21.46:184][287]LogModuleManager: Shutting down and abandoning module AndroidMediaFactory (548)
[2019.01.21-01.21.46:184][287]LogModuleManager: Shutting down and abandoning module AndroidMediaEditor (546)
[2019.01.21-01.21.46:184][287]LogModuleManager: Shutting down and abandoning module MagicLeapCameraPreviewFactory (544)
[2019.01.21-01.21.46:184][287]LogModuleManager: Shutting down and abandoning module MagicLeapMediaFactory (542)
[2019.01.21-01.21.46:184][287]LogModuleManager: Shutting down and abandoning module MagicLeapMediaEditor (540)
[2019.01.21-01.21.46:184][287]LogModuleManager: Shutting down and abandoning module CharacterAI (538)
[2019.01.21-01.21.46:184][287]LogModuleManager: Shutting down and abandoning module SmartSnapping (536)
[2019.01.21-01.21.46:184][287]LogModuleManager: Shutting down and abandoning module SessionServices (534)
[2019.01.21-01.21.46:184][287]LogModuleManager: Shutting down and abandoning module ViewportSnapping (532)
[2019.01.21-01.21.46:185][287]LogModuleManager: Shutting down and abandoning module ViewportInteraction (530)
[2019.01.21-01.21.46:185][287]LogModuleManager: Shutting down and abandoning module ClothPainter (528)
[2019.01.21-01.21.46:185][287]LogModuleManager: Shutting down and abandoning module SkeletalMeshEditor (527)
[2019.01.21-01.21.46:185][287]LogModuleManager: Shutting down and abandoning module LogVisualizer (524)
[2019.01.21-01.21.46:185][287]LogModuleManager: Shutting down and abandoning module IntroTutorials (522)
[2019.01.21-01.21.46:185][287]LogModuleManager: Shutting down and abandoning module GameProjectGeneration (521)
[2019.01.21-01.21.46:185][287]LogModuleManager: Shutting down and abandoning module LuminPlatformEditor (518)
[2019.01.21-01.21.46:185][287]LogModuleManager: Shutting down and abandoning module IOSPlatformEditor (516)
[2019.01.21-01.21.46:185][287]LogModuleManager: Shutting down and abandoning module HTML5PlatformEditor (514)
[2019.01.21-01.21.46:185][287]LogModuleManager: Shutting down and abandoning module AndroidPlatformEditor (512)
[2019.01.21-01.21.46:185][287]LogModuleManager: Shutting down and abandoning module AndroidDeviceDetection (511)
[2019.01.21-01.21.46:992][287]LogModuleManager: Shutting down and abandoning module WindowsPlatformEditor (508)
[2019.01.21-01.21.46:992][287]LogModuleManager: Shutting down and abandoning module LuminRuntimeSettings (506)
[2019.01.21-01.21.46:992][287]LogModuleManager: Shutting down and abandoning module IOSRuntimeSettings (504)
[2019.01.21-01.21.46:992][287]LogModuleManager: Shutting down and abandoning module AndroidRuntimeSettings (502)
[2019.01.21-01.21.46:992][287]LogModuleManager: Shutting down and abandoning module InputBindingEditor (500)
[2019.01.21-01.21.46:993][287]LogModuleManager: Shutting down and abandoning module MergeActors (498)
[2019.01.21-01.21.46:993][287]LogModuleManager: Shutting down and abandoning module LocalizationDashboard (496)
[2019.01.21-01.21.46:993][287]LogModuleManager: Shutting down and abandoning module LocalizationService (495)
[2019.01.21-01.21.46:993][287]LogModuleManager: Shutting down and abandoning module HardwareTargeting (492)
[2019.01.21-01.21.46:993][287]LogModuleManager: Shutting down and abandoning module DeviceProfileEditor (490)
[2019.01.21-01.21.46:993][287]LogModuleManager: Shutting down and abandoning module UndoHistory (488)
[2019.01.21-01.21.46:993][287]LogModuleManager: Shutting down and abandoning module XmlParser (486)
[2019.01.21-01.21.46:993][287]LogModuleManager: Shutting down and abandoning module Blutility (484)
[2019.01.21-01.21.46:993][287]LogModuleManager: Shutting down and abandoning module ProjectSettingsViewer (482)
[2019.01.21-01.21.46:994][287]LogModuleManager: Shutting down and abandoning module ProjectTargetPlatformEditor (481)
[2019.01.21-01.21.46:994][287]LogModuleManager: Shutting down and abandoning module EditorSettingsViewer (478)
[2019.01.21-01.21.46:994][287]LogModuleManager: Shutting down and abandoning module SettingsEditor (476)
[2019.01.21-01.21.46:994][287]LogModuleManager: Shutting down and abandoning module ProjectLauncher (474)
[2019.01.21-01.21.46:994][287]LogModuleManager: Shutting down and abandoning module SessionFrontend (472)
[2019.01.21-01.21.46:994][287]LogModuleManager: Shutting down and abandoning module ProfilerClient (470)
[2019.01.21-01.21.46:994][287]LogModuleManager: Shutting down and abandoning module DeviceManager (468)
[2019.01.21-01.21.46:994][287]LogModuleManager: Shutting down and abandoning module TargetDeviceServices (467)
[2019.01.21-01.21.47:050][287]LogModuleManager: Shutting down and abandoning module AutomationController (464)
[2019.01.21-01.21.47:050][287]LogModuleManager: Shutting down and abandoning module AutomationWindow (462)
[2019.01.21-01.21.47:050][287]LogModuleManager: Shutting down and abandoning module Layers (460)
[2019.01.21-01.21.47:050][287]LogModuleManager: Shutting down and abandoning module ComponentVisualizers (458)
[2019.01.21-01.21.47:051][287]LogModuleManager: Shutting down and abandoning module DetailCustomizations (456)
[2019.01.21-01.21.47:051][287]LogModuleManager: Shutting down and abandoning module PackagesDialog (454)
[2019.01.21-01.21.47:051][287]LogModuleManager: Shutting down and abandoning module Persona (452)
[2019.01.21-01.21.47:051][287]LogModuleManager: Shutting down and abandoning module AdvancedPreviewScene (451)
[2019.01.21-01.21.47:052][287]LogModuleManager: Shutting down and abandoning module AnimGraph (449)
[2019.01.21-01.21.47:052][287]LogModuleManager: Shutting down and abandoning module Kismet (446)
[2019.01.21-01.21.47:053][287]LogModuleManager: Shutting down and abandoning module GraphEditor (444)
[2019.01.21-01.21.47:053][287]LogModuleManager: Shutting down and abandoning module ClassViewer (442)
[2019.01.21-01.21.47:057][287]LogModuleManager: Shutting down and abandoning module Toolbox (440)
[2019.01.21-01.21.47:058][287]LogModuleManager: Shutting down and abandoning module DesktopPlatform (439)
[2019.01.21-01.21.47:058][287]LogModuleManager: Shutting down and abandoning module ModuleUI (436)
[2019.01.21-01.21.47:058][287]LogModuleManager: Shutting down and abandoning module MovieSceneTools (434)
[2019.01.21-01.21.47:058][287]LogModuleManager: Shutting down and abandoning module OutputLog (432)
[2019.01.21-01.21.47:058][287]LogModuleManager: Shutting down and abandoning module GammaUI (430)
[2019.01.21-01.21.47:059][287]LogModuleManager: Shutting down and abandoning module Documentation (428)
[2019.01.21-01.21.47:059][287]LogModuleManager: Shutting down and abandoning module MovieSceneTracks (426)
[2019.01.21-01.21.47:059][287]LogModuleManager: Shutting down and abandoning module MovieScene (424)
[2019.01.21-01.21.47:059][287]LogModuleManager: Shutting down and abandoning module StreamingPauseRendering (422)
[2019.01.21-01.21.47:059][287]LogModuleManager: Shutting down and abandoning module LauncherPlatform (420)
[2019.01.21-01.21.47:059][287]LogModuleManager: Shutting down and abandoning module AnalyticsET (418)
[2019.01.21-01.21.47:059][287]LogModuleManager: Shutting down and abandoning module PortalServices (416)
[2019.01.21-01.21.47:059][287]LogModuleManager: Shutting down and abandoning module PortalRpc (414)
[2019.01.21-01.21.47:059][287]LogModuleManager: Shutting down and abandoning module MessagingRpc (412)
[2019.01.21-01.21.47:059][287]LogModuleManager: Shutting down and abandoning module AIModule (410)
[2019.01.21-01.21.47:060][287]LogModuleManager: Shutting down and abandoning module GameplayDebugger (409)
[2019.01.21-01.21.47:060][287]LogModuleManager: Shutting down and abandoning module AITestSuite (407)
[2019.01.21-01.21.47:060][287]LogModuleManager: Shutting down and abandoning module NavigationSystem (405)
[2019.01.21-01.21.47:060][287]LogModuleManager: Shutting down and abandoning module ProfilerService (402)
[2019.01.21-01.21.47:110][287]LogModuleManager: Shutting down and abandoning module TaskGraph (400)
[2019.01.21-01.21.47:110][287]LogModuleManager: Shutting down and abandoning module SteamVRController (398)
[2019.01.21-01.21.47:110][287]LogModuleManager: Shutting down and abandoning module ProceduralMeshComponentEditor (396)
[2019.01.21-01.21.47:110][287]LogModuleManager: Shutting down and abandoning module ProceduralMeshComponent (394)
[2019.01.21-01.21.47:110][287]LogModuleManager: Shutting down and abandoning module OculusInput (392)
[2019.01.21-01.21.47:110][287]LogModuleManager: Shutting down and abandoning module MobilePatchingUtils (390)
[2019.01.21-01.21.47:110][287]LogModuleManager: Shutting down and abandoning module EditableMesh (388)
[2019.01.21-01.21.47:110][287]LogModuleManager: Shutting down and abandoning module CustomMeshComponent (386)
[2019.01.21-01.21.47:110][287]LogModuleManager: Shutting down and abandoning module CableComponent (384)
[2019.01.21-01.21.47:110][287]LogModuleManager: Shutting down and abandoning module AudioCapture (382)
[2019.01.21-01.21.47:111][287]LogModuleManager: Shutting down and abandoning module ArchVisCharacter (380)
[2019.01.21-01.21.47:111][287]LogModuleManager: Shutting down and abandoning module AndroidPermission (378)
[2019.01.21-01.21.47:111][287]LogModuleManager: Shutting down and abandoning module NUTUnrealEngine4 (376)
[2019.01.21-01.21.47:111][287]LogModuleManager: Shutting down and abandoning module NetcodeUnitTest (374)
[2019.01.21-01.21.47:111][287]LogModuleManager: Shutting down and abandoning module MediaCompositingEditor (372)
[2019.01.21-01.21.47:111][287]LogModuleManager: Shutting down and abandoning module MediaCompositing (370)
[2019.01.21-01.21.47:111][287]LogModuleManager: Shutting down and abandoning module LinearTimecode (368)
[2019.01.21-01.21.47:111][287]LogModuleManager: Shutting down and abandoning module ImgMedia (366)
[2019.01.21-01.21.47:123][287]LogModuleManager: Shutting down and abandoning module HTML5Networking (364)
[2019.01.21-01.21.47:123][287]LogModuleManager: Shutting down and abandoning module GeometryCacheTracks (362)
[2019.01.21-01.21.47:123][287]LogModuleManager: Shutting down and abandoning module GeometryCacheSequencer (360)
[2019.01.21-01.21.47:123][287]LogModuleManager: Shutting down and abandoning module BackChannel (358)
[2019.01.21-01.21.47:123][287]LogModuleManager: Shutting down and abandoning module AppleVision (356)
[2019.01.21-01.21.47:123][287]LogModuleManager: Shutting down and abandoning module AppleImageUtils (354)
[2019.01.21-01.21.47:123][287]LogModuleManager: Shutting down and abandoning module AlembicImporter (352)
[2019.01.21-01.21.47:123][287]LogModuleManager: Shutting down and abandoning module AlembicLibrary (351)
[2019.01.21-01.21.47:123][287]LogModuleManager: Shutting down and abandoning module GeometryCache (350)
[2019.01.21-01.21.47:123][287]LogModuleManager: Shutting down and abandoning module GeometryCacheEd (349)
[2019.01.21-01.21.47:123][287]LogModuleManager: Shutting down and abandoning module DatasmithContentEditor (344)
[2019.01.21-01.21.47:124][287]LogModuleManager: Shutting down and abandoning module DatasmithContent (342)
[2019.01.21-01.21.47:128][287]LogModuleManager: Shutting down and abandoning module SpeedTreeImporter (340)
[2019.01.21-01.21.47:128][287]LogModuleManager: Shutting down and abandoning module PluginBrowser (338)
[2019.01.21-01.21.47:128][287]LogModuleManager: Shutting down and abandoning module MobileLauncherProfileWizard (336)
[2019.01.21-01.21.47:128][287]LogModuleManager: Shutting down and abandoning module PolygonModeling (334)
[2019.01.21-01.21.47:128][287]LogModuleManager: Shutting down and abandoning module MeshEditor (332)
[2019.01.21-01.21.47:128][287]LogModuleManager: Shutting down and abandoning module CryptoKeysOpenSSL (330)
[2019.01.21-01.21.47:129][287]LogModuleManager: Shutting down and abandoning module CryptoKeys (328)
[2019.01.21-01.21.47:129][287]LogModuleManager: Shutting down and abandoning module VisualStudioSourceCodeAccess (326)
[2019.01.21-01.21.47:129][287]LogModuleManager: Shutting down and abandoning module VisualStudioCodeSourceCodeAccess (324)
[2019.01.21-01.21.47:129][287]LogModuleManager: Shutting down and abandoning module UObjectPlugin (322)
[2019.01.21-01.21.47:129][287]LogModuleManager: Shutting down and abandoning module SubversionSourceControl (320)
[2019.01.21-01.21.47:129][287]LogModuleManager: Shutting down and abandoning module PerforceSourceControl (318)
[2019.01.21-01.21.47:129][287]LogModuleManager: Shutting down and abandoning module GitSourceControl (316)
[2019.01.21-01.21.47:129][287]LogModuleManager: Shutting down and abandoning module SourceControl (315)
[2019.01.21-01.21.47:129][287]LogModuleManager: Shutting down and abandoning module CLionSourceCodeAccess (312)
[2019.01.21-01.21.47:129][287]LogModuleManager: Shutting down and abandoning module LightPropagationVolumeEditor (310)
[2019.01.21-01.21.47:130][287]LogModuleManager: Shutting down and abandoning module PaperTiledImporter (308)
[2019.01.21-01.21.47:130][287]LogModuleManager: Shutting down and abandoning module PaperSpriteSheetImporter (306)
[2019.01.21-01.21.47:130][287]LogModuleManager: Shutting down and abandoning module Paper2DEditor (304)
[2019.01.21-01.21.47:130][287]LogModuleManager: Shutting down and abandoning module MeshPaint (303)
[2019.01.21-01.21.47:130][287]LogModuleManager: Shutting down and abandoning module RuntimePhysXCooking (298)
[2019.01.21-01.21.47:130][287]LogModuleManager: Shutting down and abandoning module PhysXVehiclesEditor (296)
[2019.01.21-01.21.47:130][287]LogModuleManager: Shutting down and abandoning module PhysXVehicles (294)
[2019.01.21-01.21.47:130][287]LogModuleManager: Shutting down and abandoning module OculusEditor (292)
[2019.01.21-01.21.47:130][287]LogModuleManager: Shutting down and abandoning module LocationServicesBPLibrary (290)
[2019.01.21-01.21.47:130][287]LogModuleManager: Shutting down and abandoning module ImmediatePhysicsEditor (288)
[2019.01.21-01.21.47:131][287]LogModuleManager: Shutting down and abandoning module ImmediatePhysics (286)
[2019.01.21-01.21.47:131][287]LogModuleManager: Shutting down and abandoning module ActorSequence (284)
[2019.01.21-01.21.47:131][287]LogModuleManager: Shutting down and abandoning module UdpMessaging (282)
[2019.01.21-01.21.47:231][287]LogModuleManager: Shutting down and abandoning module TcpMessaging (280)
[2019.01.21-01.21.47:332][287]LogModuleManager: Shutting down and abandoning module MagicLeapAudio (278)
[2019.01.21-01.21.47:332][287]LogModuleManager: Shutting down and abandoning module GameplayTagsEditor (276)
[2019.01.21-01.21.47:332][287]LogModuleManager: Shutting down and abandoning module FacialAnimationEditor (274)
[2019.01.21-01.21.47:332][287]LogModuleManager: Shutting down and abandoning module FacialAnimation (272)
[2019.01.21-01.21.47:332][287]LogModuleManager: Shutting down and abandoning module DataValidation (270)
[2019.01.21-01.21.47:333][287]LogModuleManager: Shutting down and abandoning module AssetManagerEditor (268)
[2019.01.21-01.21.47:333][287]LogModuleManager: Shutting down and abandoning module LevelEditor (267)
[2019.01.21-01.21.47:336][287]LogModuleManager: Shutting down and abandoning module PixelInspectorModule (266)
[2019.01.21-01.21.47:336][287]LogModuleManager: Shutting down and abandoning module CommonMenuExtensions (264)
[2019.01.21-01.21.47:336][287]LogModuleManager: Shutting down and abandoning module MainFrame (262)
[2019.01.21-01.21.47:337][287]LogModuleManager: Shutting down and abandoning module HotReload (261)
[2019.01.21-01.21.47:338][287]LogModuleManager: Shutting down and abandoning module ContentBrowser (257)
[2019.01.21-01.21.47:341][287]LogModuleManager: Shutting down and abandoning module TreeMap (255)
[2019.01.21-01.21.47:342][287]LogModuleManager: Shutting down and abandoning module LightPropagationVolumeRuntime (252)
[2019.01.21-01.21.47:342][287]LogModuleManager: Shutting down and abandoning module AISupportModule (250)
[2019.01.21-01.21.47:342][287]LogModuleManager: Shutting down and abandoning module Paper2D (248)
[2019.01.21-01.21.47:342][287]LogModuleManager: Shutting down and abandoning module WindowsMoviePlayer (246)
[2019.01.21-01.21.47:342][287]LogModuleManager: Shutting down and abandoning module WmfMedia (244)
[2019.01.21-01.21.47:347][287]LogModuleManager: Shutting down and abandoning module Media (243)
[2019.01.21-01.21.47:354][287]LogModuleManager: Shutting down and abandoning module PacketHandler (240)
[2019.01.21-01.21.47:354][287]LogModuleManager: Shutting down and abandoning module ClothingSystemEditor (238)
[2019.01.21-01.21.47:354][287]LogModuleManager: Shutting down and abandoning module ClothingSystemRuntime (236)
[2019.01.21-01.21.47:355][287]LogModuleManager: Shutting down and abandoning module MediaAssets (234)
[2019.01.21-01.21.47:355][287]LogModuleManager: Shutting down and abandoning module Overlay (232)
[2019.01.21-01.21.47:355][287]LogModuleManager: Shutting down and abandoning module OverlayEditor (231)
[2019.01.21-01.21.47:355][287]LogModuleManager: Shutting down and abandoning module VREditor (228)
[2019.01.21-01.21.47:355][287]LogModuleManager: Shutting down and abandoning module StringTableEditor (226)
[2019.01.21-01.21.47:355][287]LogModuleManager: Shutting down and abandoning module GameplayTasksEditor (224)
[2019.01.21-01.21.47:355][287]LogModuleManager: Shutting down and abandoning module BehaviorTreeEditor (222)
[2019.01.21-01.21.47:355][287]LogModuleManager: Shutting down and abandoning module FunctionalTesting (220)
[2019.01.21-01.21.47:355][287]LogModuleManager: Shutting down and abandoning module CollisionAnalyzer (218)
[2019.01.21-01.21.47:355][287]LogModuleManager: Shutting down and abandoning module WorkspaceMenuStructure (217)
[2019.01.21-01.21.47:356][287]LogModuleManager: Shutting down and abandoning module UMG (214)
[2019.01.21-01.21.47:356][287]LogModuleManager: Shutting down and abandoning module UMGEditor (213)
[2019.01.21-01.21.47:356][287]LogModuleManager: Shutting down and abandoning module Sequencer (212)
[2019.01.21-01.21.47:356][287]LogModuleManager: Shutting down and abandoning module MessageLog (209)
[2019.01.21-01.21.47:356][287]LogModuleManager: Shutting down and abandoning module SlateReflector (204)
[2019.01.21-01.21.47:357][287]LogModuleManager: Shutting down and abandoning module Slate (202)
[2019.01.21-01.21.47:357][287]LogModuleManager: Shutting down and abandoning module EditorStyle (200)
[2019.01.21-01.21.47:363][287]LogModuleManager: Shutting down and abandoning module MRMesh (198)
[2019.01.21-01.21.47:363][287]LogModuleManager: Shutting down and abandoning module SourceCodeAccess (196)
[2019.01.21-01.21.47:363][287]LogModuleManager: Shutting down and abandoning module HeadMountedDisplay (194)
[2019.01.21-01.21.47:363][287]LogModuleManager: Shutting down and abandoning module XAudio2 (192)
[2019.01.21-01.21.47:363][287]LogModuleManager: Shutting down and abandoning module Networking (190)
[2019.01.21-01.21.47:363][287]LogModuleManager: Shutting down and abandoning module Core (188)
[2019.01.21-01.21.47:363][287]LogModuleManager: Shutting down and abandoning module LevelSequence (186)
[2019.01.21-01.21.47:363][287]LogModuleManager: Shutting down and abandoning module KismetCompiler (184)
[2019.01.21-01.21.47:363][287]LogModuleManager: Shutting down and abandoning module MeshUtilities (182)
[2019.01.21-01.21.47:363][287]LogModuleManager: Shutting down and abandoning module MeshMergeUtilities (181)
[2019.01.21-01.21.47:363][287]LogModuleManager: Shutting down and abandoning module MeshReductionInterface (180)
[2019.01.21-01.21.47:363][287]LogModuleManager: Shutting down and abandoning module SimplygonSwarm (179)
[2019.01.21-01.21.47:363][287]LogModuleManager: Shutting down and abandoning module ProxyLODMeshReduction (177)
[2019.01.21-01.21.47:363][287]LogModuleManager: Shutting down and abandoning module SimplygonMeshReduction (175)
[2019.01.21-01.21.47:364][287]LogModuleManager: Shutting down and abandoning module QuadricMeshReduction (173)
[2019.01.21-01.21.47:364][287]LogModuleManager: Shutting down and abandoning module MaterialBaking (169)
[2019.01.21-01.21.47:364][287]LogModuleManager: Shutting down and abandoning module DirectoryWatcher (165)
[2019.01.21-01.21.47:364][287]LogModuleManager: Shutting down and abandoning module DerivedDataCache (162)
[2019.01.21-01.21.47:395][287]LogDerivedDataCache: Shutdown
[2019.01.21-01.21.47:395][287]LogModuleManager: Shutting down and abandoning module XGEController (160)
[2019.01.21-01.21.47:395][287]LogModuleManager: Shutting down and abandoning module TargetPlatform (158)
[2019.01.21-01.21.47:395][287]LogModuleManager: Shutting down and abandoning module VulkanShaderFormat (157)
[2019.01.21-01.21.47:395][287]LogModuleManager: Shutting down and abandoning module ShaderFormatVectorVM (155)
[2019.01.21-01.21.47:395][287]LogModuleManager: Shutting down and abandoning module ShaderFormatOpenGL (153)
[2019.01.21-01.21.47:395][287]LogModuleManager: Shutting down and abandoning module ShaderFormatD3D (151)
[2019.01.21-01.21.47:395][287]LogModuleManager: Shutting down and abandoning module MetalShaderFormat (149)
[2019.01.21-01.21.47:395][287]LogModuleManager: Shutting down and abandoning module TextureFormatUncompressed (147)
[2019.01.21-01.21.47:395][287]LogModuleManager: Shutting down and abandoning module TextureFormatPVR (145)
[2019.01.21-01.21.47:395][287]LogModuleManager: Shutting down and abandoning module TextureFormatDXT (143)
[2019.01.21-01.21.47:395][287]LogModuleManager: Shutting down and abandoning module TextureFormatIntelISPCTexComp (141)
[2019.01.21-01.21.47:395][287]LogModuleManager: Shutting down and abandoning module TextureFormatASTC (139)
[2019.01.21-01.21.47:395][287]LogModuleManager: Shutting down and abandoning module ImageWrapper (138)
[2019.01.21-01.21.47:396][287]LogModuleManager: Shutting down and abandoning module TextureFormatAndroid (135)
[2019.01.21-01.21.47:396][287]LogModuleManager: Shutting down and abandoning module AudioFormatOpus (133)
[2019.01.21-01.21.47:396][287]LogModuleManager: Shutting down and abandoning module AudioFormatOgg (131)
[2019.01.21-01.21.47:396][287]LogModuleManager: Shutting down and abandoning module AudioFormatADPCM (129)
[2019.01.21-01.21.47:396][287]LogModuleManager: Shutting down and abandoning module LuminTargetPlatform (127)
[2019.01.21-01.21.47:396][287]LogModuleManager: Shutting down and abandoning module LinuxTargetPlatform (125)
[2019.01.21-01.21.47:396][287]LogModuleManager: Shutting down and abandoning module LinuxServerTargetPlatform (123)
[2019.01.21-01.21.47:396][287]LogModuleManager: Shutting down and abandoning module LinuxNoEditorTargetPlatform (121)
[2019.01.21-01.21.47:396][287]LogModuleManager: Shutting down and abandoning module LinuxClientTargetPlatform (119)
[2019.01.21-01.21.47:396][287]LogModuleManager: Shutting down and abandoning module TVOSTargetPlatform (117)
[2019.01.21-01.21.47:397][287]LogModuleManager: Shutting down and abandoning module Messaging (115)
[2019.01.21-01.21.47:397][287]LogModuleManager: Shutting down and abandoning module IOSTargetPlatform (113)
[2019.01.21-01.21.47:399][287]LogModuleManager: Shutting down and abandoning module HTML5TargetPlatform (111)
[2019.01.21-01.21.47:399][287]LogModuleManager: Shutting down and abandoning module AndroidTargetPlatform (109)
[2019.01.21-01.21.47:409][287]LogModuleManager: Shutting down and abandoning module WindowsTargetPlatform (107)
[2019.01.21-01.21.47:410][287]LogModuleManager: Shutting down and abandoning module WindowsServerTargetPlatform (105)
[2019.01.21-01.21.47:410][287]LogModuleManager: Shutting down and abandoning module WindowsNoEditorTargetPlatform (103)
[2019.01.21-01.21.47:410][287]LogModuleManager: Shutting down and abandoning module WindowsClientTargetPlatform (101)
[2019.01.21-01.21.47:410][287]LogModuleManager: Shutting down and abandoning module MacTargetPlatform (99)
[2019.01.21-01.21.47:410][287]LogModuleManager: Shutting down and abandoning module MacServerTargetPlatform (97)
[2019.01.21-01.21.47:410][287]LogModuleManager: Shutting down and abandoning module MacNoEditorTargetPlatform (95)
[2019.01.21-01.21.47:410][287]LogModuleManager: Shutting down and abandoning module MacClientTargetPlatform (93)
[2019.01.21-01.21.47:410][287]LogModuleManager: Shutting down and abandoning module AllDesktopTargetPlatform (91)
[2019.01.21-01.21.47:410][287]LogModuleManager: Shutting down and abandoning module InputCore (88)
[2019.01.21-01.21.47:410][287]LogModuleManager: Shutting down and abandoning module Settings (86)
[2019.01.21-01.21.47:410][287]LogModuleManager: Shutting down and abandoning module PhysXCooking (84)
[2019.01.21-01.21.47:410][287]LogModuleManager: Shutting down and abandoning module SteamVR (82)
[2019.01.21-01.21.47:410][287]LogModuleManager: Shutting down and abandoning module OculusHMD (80)
[2019.01.21-01.21.47:410][287]LogModuleManager: Shutting down and abandoning module ExampleDeviceProfileSelector (78)
[2019.01.21-01.21.47:410][287]LogModuleManager: Shutting down and abandoning module LauncherChunkInstaller (76)
[2019.01.21-01.21.47:411][287]LogModuleManager: Shutting down and abandoning module OnlineBlueprintSupport (74)
[2019.01.21-01.21.47:411][287]LogModuleManager: Shutting down and abandoning module OnlineSubsystem (70)
[2019.01.21-01.21.47:412][287]LogModuleManager: Shutting down and abandoning module XMPP (65)
[2019.01.21-01.21.47:412][287]LogModuleManager: Shutting down and abandoning module WebSockets (64)
[2019.01.21-01.21.47:447][287]LogModuleManager: Shutting down and abandoning module HTTP (61)
[2019.01.21-01.21.47:447][287]LogHttp: Display: Http module shutting down, but needs to wait on 1 outstanding Http requests:
[2019.01.21-01.21.47:448][287]LogHttp: Display: 	verb=[POST] url=[https://datarouter.ol.epicgames.com/datarouter/api/v1/public/data?SessionID=%7B27595B5B-413F-5279-E1C9-E0A40AFF1299%7D&AppID=UEEditor.Rocket.Release&AppVersion=4.20.3-4369336%2B%2B%2BUE4%2BRelease-4.20&UserID=b85061224ad32ece6193b9af41fba2ff%7C334bcd5c1d23428a8826b8fb5defba23%7C8ed052a9-d760-445d-a08a-59c24d90cc36&AppEnvironment=datacollector-binary&UploadType=eteventstream] status=Processing
[2019.01.21-01.21.47:470][287]LogModuleManager: Shutting down and abandoning module SSL (60)
[2019.01.21-01.21.47:472][287]LogModuleManager: Shutting down and abandoning module MagicLeapEmulator (56)
[2019.01.21-01.21.47:472][287]LogModuleManager: Shutting down and abandoning module MagicLeapPrivileges (54)
[2019.01.21-01.21.47:472][287]LogModuleManager: Shutting down and abandoning module MagicLeapIdentity (52)
[2019.01.21-01.21.47:472][287]LogModuleManager: Shutting down and abandoning module MagicLeapHelperVulkan (50)
[2019.01.21-01.21.47:472][287]LogModuleManager: Shutting down and abandoning module MagicLeapHelperOpenGL (48)
[2019.01.21-01.21.47:473][287]LogModuleManager: Shutting down and abandoning module MagicLeapSecureStorage (46)
[2019.01.21-01.21.47:473][287]LogModuleManager: Shutting down and abandoning module MagicLeapGestures (44)
[2019.01.21-01.21.47:473][287]LogModuleManager: Shutting down and abandoning module MagicLeapEyeTracker (42)
[2019.01.21-01.21.47:473][287]LogModuleManager: Shutting down and abandoning module MagicLeapController (40)
[2019.01.21-01.21.47:473][287]LogSlate: Slate User Destroyed.  User Index 0, Is Virtual User: 0
[2019.01.21-01.21.47:473][287]LogModuleManager: Shutting down and abandoning module MagicLeap (38)
[2019.01.21-01.21.47:474][287]LogModuleManager: Shutting down and abandoning module AnimationModifiers (36)
[2019.01.21-01.21.47:474][287]LogModuleManager: Shutting down and abandoning module PropertyEditor (35)
[2019.01.21-01.21.47:474][287]LogModuleManager: Shutting down and abandoning module AudioEditor (32)
[2019.01.21-01.21.47:474][287]LogModuleManager: Shutting down and abandoning module TextureCompressor (30)
[2019.01.21-01.21.47:474][287]LogModuleManager: Shutting down and abandoning module ShaderCore (28)
[2019.01.21-01.21.47:474][287]LogModuleManager: Shutting down and abandoning module Landscape (26)
[2019.01.21-01.21.47:474][287]LogModuleManager: Shutting down and abandoning module SlateRHIRenderer (24)
[2019.01.21-01.21.47:475][287]LogModuleManager: Shutting down and abandoning module OpenGLDrv (22)
[2019.01.21-01.21.47:475][287]LogModuleManager: Shutting down and abandoning module D3D11RHI (20)
[2019.01.21-01.21.47:475][287]LogModuleManager: Shutting down and abandoning module AnimGraphRuntime (18)
[2019.01.21-01.21.47:475][287]LogModuleManager: Shutting down and abandoning module Renderer (16)
[2019.01.21-01.21.47:475][287]LogModuleManager: Shutting down and abandoning module Engine (14)
[2019.01.21-01.21.47:475][287]LogModuleManager: Shutting down and abandoning module CoreUObject (12)
[2019.01.21-01.21.47:475][287]LogModuleManager: Shutting down and abandoning module NetworkFile (10)
[2019.01.21-01.21.47:475][287]LogModuleManager: Shutting down and abandoning module CookedIterativeFile (8)
[2019.01.21-01.21.47:475][287]LogModuleManager: Shutting down and abandoning module StreamingFile (6)
[2019.01.21-01.21.47:475][287]LogModuleManager: Shutting down and abandoning module SandboxFile (4)
[2019.01.21-01.21.47:475][287]LogModuleManager: Shutting down and abandoning module PakFile (2)
[2019.01.21-01.21.47:490][287]LogExit: Exiting.
[2019.01.21-01.21.47:559][287]Log file closed, 01/20/19 20:21:47
